unlimited

======================   ALLOCATED NODES   ======================

 Data for node: compute-0-16.local	Num slots: 8	Max slots: 0
 Data for node: compute-0-9.local	Num slots: 24	Max slots: 0
 Data for node: compute-0-14.local	Num slots: 8	Max slots: 0
 Data for node: compute-0-8.local	Num slots: 20	Max slots: 0

=================================================================

real	8m30.601s
user	43m0.945s
sys	24m39.026s

======================   ALLOCATED NODES   ======================

 Data for node: compute-0-16.local	Num slots: 8	Max slots: 0
 Data for node: compute-0-9.local	Num slots: 24	Max slots: 0
 Data for node: compute-0-14.local	Num slots: 8	Max slots: 0
 Data for node: compute-0-8.local	Num slots: 20	Max slots: 0

=================================================================

real	32m3.837s
user	172m53.643s
sys	82m51.038s

======================   ALLOCATED NODES   ======================

 Data for node: compute-0-16.local	Num slots: 8	Max slots: 0
 Data for node: compute-0-9.local	Num slots: 24	Max slots: 0
 Data for node: compute-0-14.local	Num slots: 8	Max slots: 0
 Data for node: compute-0-8.local	Num slots: 20	Max slots: 0

=================================================================

real	28m15.112s
user	153m23.074s
sys	71m56.513s
unlimited
cudaGetDeviceCount failed CUDA driver version is insufficient for CUDA runtime version
unlimited

======================   ALLOCATED NODES   ======================

 Data for node: compute-0-16.local	Num slots: 8	Max slots: 0
 Data for node: compute-0-13.local	Num slots: 8	Max slots: 0
 Data for node: compute-0-9.local	Num slots: 24	Max slots: 0
 Data for node: compute-0-14.local	Num slots: 7	Max slots: 0
 Data for node: compute-0-7.local	Num slots: 13	Max slots: 0

=================================================================
--------------------------------------------------------------------------
mpirun was unable to launch the specified application as it could not access
or execute an executable:

Executable: /share/apps/amber20/bin/pmemd.MPI.cuda
Node: compute-0-16.local

while attempting to start process rank 0.
--------------------------------------------------------------------------
60 total processes failed to start

real	0m0.279s
user	0m0.008s
sys	0m0.013s
