
          -------------------------------------------------------
          Amber 20 PMEMD                              2020
          -------------------------------------------------------

| PMEMD implementation of SANDER, Release 18

|  Compiled date/time: Mon Apr 27 22:19:54 2020
| Run on 02/27/2023 at 16:43:40

|   Executable path: /share/apps/amber20/bin/pmemd.MPI
| Working directory: /home/sebas/AS4/MD
|          Hostname: compute-0-16.local

  [-O]verwriting output

File Assignments:
|   MDIN: density.in                                                            
|  MDOUT: density.out                                                           
| INPCRD: heat.rst                                                              
|   PARM: ../leap/MR-AS4.prmtop                                                 
| RESTRT: density.rst                                                           
|   REFC: heat.rst                                                              
|  MDVEL: mdvel                                                                 
|   MDEN: mden                                                                  
|  MDCRD: density.nc                                                            
| MDINFO: mdinfo                                                                
|LOGFILE: logfile                                                               
|  MDFRC: mdfrc                                                                 


 Here is the input file:

heat ras-raf                                                                   
 &cntrl                                                                        
  imin=0,irest=1,ntx=5,                                                        
  nstlim=25000,dt=0.002,                                                       
  ntc=2,ntf=2,                                                                 
  cut=8.0, ntb=2, ntp=1, taup=1.0,                                             
  ntpr=500, ntwx=500,                                                          
  ntt=3, gamma_ln=2.0,                                                         
  temp0=300.0, ig=-1,                                                          
  ntr=1, restraintmask=':1-258',                                               
  restraint_wt=1.0,                                                            
 /                                                                             


Note: ig = -1. Setting random seed to   999539 based on wallclock time in
      microseconds and disabling the synchronization of random numbers 
      between tasks to improve performance.
| irandom = 1, using AMBER's internal random number generator (default).
 
 
| Conditional Compilation Defines Used:
| MPI
| PUBFFT
| BINTRAJ
| EMIL

| Largest sphere to fit in unit cell has radius =    38.334

| New format PARM file being parsed.
| Version =    1.000 Date = 02/27/23 Time = 14:18:31

| Note: 1-4 EEL scale factors are being read from the topology file.

| Note: 1-4 VDW scale factors are being read from the topology file.
| Duplicated    0 dihedrals

| Duplicated    0 dihedrals

--------------------------------------------------------------------------------
   1.  RESOURCE   USE: 
--------------------------------------------------------------------------------

 getting box info from netcdf restart file
 NATOM  =   49205 NTYPES =      27 NBONH =   47002 MBONA  =    2175
 NTHETH =    4869 MTHETA =    2950 NPHIH =    9759 MPHIA  =    9416
 NHPARM =       0 NPARM  =       0 NNB   =   83555 NRES   =   15294
 NBONA  =    2175 NTHETA =    2950 NPHIA =    9416 NUMBND =      83
 NUMANG =     186 NPTRA  =     219 NATYP =      49 NPHB   =       1
 IFBOX  =       1 NMXRS  =      54 IFCAP =       0 NEXTRA =       0
 NCOPY  =       0

| Coordinate Index Table dimensions:    16   19   15
| Direct force subcell size =     5.1060    5.0329    5.1112

     BOX TYPE: RECTILINEAR

--------------------------------------------------------------------------------
   2.  CONTROL  DATA  FOR  THE  RUN
--------------------------------------------------------------------------------

AS4                                                                             

General flags:
     imin    =       0, nmropt  =       0

Nature and format of input:
     ntx     =       5, irest   =       1, ntrx    =       1

Nature and format of output:
     ntxo    =       2, ntpr    =     500, ntrx    =       1, ntwr    =   25000
     iwrap   =       0, ntwx    =     500, ntwv    =       0, ntwe    =       0
     ioutfm  =       1, ntwprt  =       0, idecomp =       0, rbornstat=      0

Potential function:
     ntf     =       2, ntb     =       2, igb     =       0, nsnb    =      25
     ipol    =       0, gbsa    =       0, iesp    =       0
     dielc   =   1.00000, cut     =   8.00000, intdiel =   1.00000

Frozen or restrained atoms:
     ibelly  =       0, ntr     =       1
     restraint_wt =   1.00000

Molecular dynamics:
     nstlim  =     25000, nscm    =         0, nrespa  =         1
     t       =   0.00000, dt      =   0.00200, vlimit  =  20.00000

Langevin dynamics temperature regulation:
     ig      =  999539
     temp0   = 300.00000, tempi   =   0.00000, gamma_ln=   2.00000

Pressure regulation:
     ntp     =       1
     pres0   =   1.00000, comp    =  44.60000, taup    =   1.00000

SHAKE:
     ntc     =       2, jfastw  =       0
     tol     =   0.00001

| Intermolecular bonds treatment:
|     no_intermolecular_bonds =       1

| Energy averages sample interval:
|     ene_avg_sampling =     500

Ewald parameters:
     verbose =       0, ew_type =       0, nbflag  =       1, use_pme =       1
     vdwmeth =       1, eedmeth =       1, netfrc  =       1
     Box X =   81.695   Box Y =   95.626   Box Z =   76.668
     Alpha =   90.000   Beta  =   90.000   Gamma =   90.000
     NFFT1 =   90       NFFT2 =   96       NFFT3 =   80
     Cutoff=    8.000   Tol   =0.100E-04
     Ewald Coefficient =  0.34864
     Interpolation order =    4

| PMEMD ewald parallel performance parameters:
|     block_fft =    1
|     fft_blk_y_divisor =    4
|     excl_recip =    0
|     excl_master =    0
|     atm_redist_freq =  320

    LOADING THE CONSTRAINED ATOMS AS GROUPS


   5.  REFERENCE ATOM COORDINATES

  AS4                                                                             
     Mask :1-258; matches  4259 atoms

--------------------------------------------------------------------------------
   3.  ATOMIC COORDINATES AND VELOCITIES
--------------------------------------------------------------------------------

AS4                                                                             
 begin time read from input coords =    50.000 ps

 
 Number of triangulated 3-point waters found:    14955

     Sum of charges from parm topology file =   0.00029984
     Forcing neutrality...

| Dynamic Memory, Types Used:
| Reals             2844156
| Integers          2204755

| Nonbonded Pairs Initial Allocation:      373958

| Running AMBER/MPI version on   60 MPI task

 
--------------------------------------------------------------------------------
   4.  RESULTS
--------------------------------------------------------------------------------

 ---------------------------------------------------
 APPROXIMATING switch and d/dx switch using CUBIC SPLINE INTERPOLATION
 using   5000.0 points per unit in tabled values
 TESTING RELATIVE ERROR over r ranging from 0.0 to cutoff
| CHECK switch(x): max rel err =   0.2738E-14   at   2.422500
| CHECK d/dx switch(x): max rel err =   0.8332E-11   at   2.782960
 ---------------------------------------------------
|---------------------------------------------------
| APPROXIMATING direct energy using CUBIC SPLINE INTERPOLATION
|  with   50.0 points per unit in tabled values
| Relative Error Limit not exceeded for r .gt.   2.47
| APPROXIMATING direct force using CUBIC SPLINE INTERPOLATION
|  with   50.0 points per unit in tabled values
| Relative Error Limit not exceeded for r .gt.   2.89
|---------------------------------------------------

 NSTEP =      500   TIME(PS) =      51.000  TEMP(K) =   296.93  PRESS =  -268.1
 Etot   =   -123741.4336  EKtot   =     29683.9784  EPtot      =   -153425.4119
 BOND   =       770.6323  ANGLE   =      2099.7084  DIHED      =      3508.3112
 1-4 NB =      1052.6210  1-4 EEL =     11193.4885  VDWAALS    =     19021.9773
 EELEC  =   -191473.7079  EHBOND  =         0.0000  RESTRAINT  =       401.5573
 EAMBER (non-restraint)  =   -153826.9692
 EKCMT  =     13392.2420  VIRIAL  =     16811.9726  VOLUME     =    590681.7502
                                                    Density    =         0.8489
 Ewald error estimate:   0.1271E-03
 ------------------------------------------------------------------------------


 NSTEP =     1000   TIME(PS) =      52.000  TEMP(K) =   300.78  PRESS =  -263.6
 Etot   =   -123496.1691  EKtot   =     30068.2923  EPtot      =   -153564.4614
 BOND   =       777.8726  ANGLE   =      2113.6552  DIHED      =      3467.8715
 1-4 NB =      1034.3161  1-4 EEL =     11208.4356  VDWAALS    =     19169.4660
 EELEC  =   -191740.8788  EHBOND  =         0.0000  RESTRAINT  =       404.8004
 EAMBER (non-restraint)  =   -153969.2618
 EKCMT  =     13564.7833  VIRIAL  =     16888.2331  VOLUME     =    583980.0668
                                                    Density    =         0.8586
 Ewald error estimate:   0.4453E-04
 ------------------------------------------------------------------------------


 NSTEP =     1500   TIME(PS) =      53.000  TEMP(K) =   299.78  PRESS =  -192.7
 Etot   =   -123657.2716  EKtot   =     29968.5476  EPtot      =   -153625.8192
 BOND   =       758.9370  ANGLE   =      2156.0700  DIHED      =      3447.7420
 1-4 NB =      1034.3080  1-4 EEL =     11173.2320  VDWAALS    =     18922.8308
 EELEC  =   -191526.3482  EHBOND  =         0.0000  RESTRAINT  =       407.4091
 EAMBER (non-restraint)  =   -154033.2283
 EKCMT  =     13612.0602  VIRIAL  =     16015.2962  VOLUME     =    577702.1048
                                                    Density    =         0.8679
 Ewald error estimate:   0.1615E-04
 ------------------------------------------------------------------------------


 NSTEP =     2000   TIME(PS) =      54.000  TEMP(K) =   296.35  PRESS =  -100.9
 Etot   =   -124056.5297  EKtot   =     29625.8045  EPtot      =   -153682.3341
 BOND   =       820.9827  ANGLE   =      2130.4699  DIHED      =      3460.4751
 1-4 NB =      1041.8712  1-4 EEL =     11167.0066  VDWAALS    =     19155.6335
 EELEC  =   -191861.5995  EHBOND  =         0.0000  RESTRAINT  =       402.8264
 EAMBER (non-restraint)  =   -154085.1605
 EKCMT  =     13265.2385  VIRIAL  =     14510.7415  VOLUME     =    571688.7849
                                                    Density    =         0.8771
 Ewald error estimate:   0.6453E-04
 ------------------------------------------------------------------------------


 NSTEP =     2500   TIME(PS) =      55.000  TEMP(K) =   297.84  PRESS =  -151.4
 Etot   =   -123940.4377  EKtot   =     29774.5487  EPtot      =   -153714.9864
 BOND   =       768.8042  ANGLE   =      2101.9947  DIHED      =      3431.2269
 1-4 NB =      1032.3696  1-4 EEL =     11160.8176  VDWAALS    =     19248.7768
 EELEC  =   -191874.8507  EHBOND  =         0.0000  RESTRAINT  =       415.8745
 EAMBER (non-restraint)  =   -154130.8609
 EKCMT  =     13260.3847  VIRIAL  =     15112.4224  VOLUME     =    566480.2082
                                                    Density    =         0.8851
 Ewald error estimate:   0.5753E-06
 ------------------------------------------------------------------------------


 NSTEP =     3000   TIME(PS) =      56.000  TEMP(K) =   300.92  PRESS =  -304.0
 Etot   =   -124017.5320  EKtot   =     30082.5307  EPtot      =   -154100.0627
 BOND   =       819.8581  ANGLE   =      2133.4837  DIHED      =      3478.3007
 1-4 NB =      1018.1183  1-4 EEL =     11196.4712  VDWAALS    =     19014.3844
 EELEC  =   -192176.2283  EHBOND  =         0.0000  RESTRAINT  =       415.5492
 EAMBER (non-restraint)  =   -154515.6119
 EKCMT  =     13606.6770  VIRIAL  =     17289.6522  VOLUME     =    561198.9231
                                                    Density    =         0.8935
 Ewald error estimate:   0.2909E-04
 ------------------------------------------------------------------------------


 NSTEP =     3500   TIME(PS) =      57.000  TEMP(K) =   300.85  PRESS =  -111.2
 Etot   =   -124346.6555  EKtot   =     30075.8900  EPtot      =   -154422.5455
 BOND   =       776.4492  ANGLE   =      2062.7679  DIHED      =      3429.2593
 1-4 NB =      1026.1460  1-4 EEL =     11198.4569  VDWAALS    =     19275.1431
 EELEC  =   -192615.7428  EHBOND  =         0.0000  RESTRAINT  =       424.9748
 EAMBER (non-restraint)  =   -154847.5203
 EKCMT  =     13482.7852  VIRIAL  =     14819.2343  VOLUME     =    556699.6712
                                                    Density    =         0.9007
 Ewald error estimate:   0.1958E-04
 ------------------------------------------------------------------------------


 NSTEP =     4000   TIME(PS) =      58.000  TEMP(K) =   298.52  PRESS =  -328.0
 Etot   =   -124310.0401  EKtot   =     29843.0145  EPtot      =   -154153.0546
 BOND   =       740.1623  ANGLE   =      2188.1210  DIHED      =      3438.7960
 1-4 NB =      1044.7915  1-4 EEL =     11223.6592  VDWAALS    =     19107.8741
 EELEC  =   -192334.9093  EHBOND  =         0.0000  RESTRAINT  =       438.4505
 EAMBER (non-restraint)  =   -154591.5051
 EKCMT  =     13436.2088  VIRIAL  =     17340.4434  VOLUME     =    551274.5263
                                                    Density    =         0.9095
 Ewald error estimate:   0.6248E-04
 ------------------------------------------------------------------------------


 NSTEP =     4500   TIME(PS) =      59.000  TEMP(K) =   303.20  PRESS =  -203.2
 Etot   =   -123879.7785  EKtot   =     30310.5099  EPtot      =   -154190.2884
 BOND   =       776.3191  ANGLE   =      2133.8277  DIHED      =      3478.1072
 1-4 NB =      1024.5103  1-4 EEL =     11211.5610  VDWAALS    =     18973.2144
 EELEC  =   -192218.7781  EHBOND  =         0.0000  RESTRAINT  =       430.9499
 EAMBER (non-restraint)  =   -154621.2383
 EKCMT  =     13630.9762  VIRIAL  =     16025.3181  VOLUME     =    545838.5759
                                                    Density    =         0.9186
 Ewald error estimate:   0.7885E-05
 ------------------------------------------------------------------------------


 NSTEP =     5000   TIME(PS) =      60.000  TEMP(K) =   297.78  PRESS =  -170.8
 Etot   =   -124726.4881  EKtot   =     29768.2630  EPtot      =   -154494.7511
 BOND   =       790.7059  ANGLE   =      2125.9463  DIHED      =      3473.8420
 1-4 NB =      1029.6988  1-4 EEL =     11196.6365  VDWAALS    =     19187.3069
 EELEC  =   -192708.1975  EHBOND  =         0.0000  RESTRAINT  =       409.3100
 EAMBER (non-restraint)  =   -154904.0611
 EKCMT  =     13478.2920  VIRIAL  =     15475.3519  VOLUME     =    541471.8532
                                                    Density    =         0.9260
 Ewald error estimate:   0.3154E-04
 ------------------------------------------------------------------------------


 NSTEP =     5500   TIME(PS) =      61.000  TEMP(K) =   298.31  PRESS =  -293.9
 Etot   =   -124777.6527  EKtot   =     29821.2423  EPtot      =   -154598.8949
 BOND   =       800.1401  ANGLE   =      2085.4517  DIHED      =      3452.1237
 1-4 NB =      1024.8289  1-4 EEL =     11189.8315  VDWAALS    =     18801.5421
 EELEC  =   -192365.8382  EHBOND  =         0.0000  RESTRAINT  =       413.0253
 EAMBER (non-restraint)  =   -155011.9202
 EKCMT  =     13401.9690  VIRIAL  =     16804.7719  VOLUME     =    536293.9818
                                                    Density    =         0.9350
 Ewald error estimate:   0.1720E-04
 ------------------------------------------------------------------------------


 NSTEP =     6000   TIME(PS) =      62.000  TEMP(K) =   300.39  PRESS =  -187.2
 Etot   =   -124925.8846  EKtot   =     30029.7363  EPtot      =   -154955.6209
 BOND   =       807.4028  ANGLE   =      2148.6943  DIHED      =      3425.0017
 1-4 NB =      1003.3396  1-4 EEL =     11204.0603  VDWAALS    =     18993.5943
 EELEC  =   -192957.8912  EHBOND  =         0.0000  RESTRAINT  =       420.1773
 EAMBER (non-restraint)  =   -155375.7982
 EKCMT  =     13576.5694  VIRIAL  =     15721.4178  VOLUME     =    530761.2790
                                                    Density    =         0.9447
 Ewald error estimate:   0.1822E-04
 ------------------------------------------------------------------------------


 NSTEP =     6500   TIME(PS) =      63.000  TEMP(K) =   302.35  PRESS =  -286.7
 Etot   =   -124676.0538  EKtot   =     30226.0232  EPtot      =   -154902.0769
 BOND   =       795.4056  ANGLE   =      2061.2600  DIHED      =      3465.1977
 1-4 NB =      1047.8801  1-4 EEL =     11212.8110  VDWAALS    =     18874.7522
 EELEC  =   -192785.9827  EHBOND  =         0.0000  RESTRAINT  =       426.5991
 EAMBER (non-restraint)  =   -155328.6760
 EKCMT  =     13467.6636  VIRIAL  =     16730.6057  VOLUME     =    527071.0808
                                                    Density    =         0.9513
 Ewald error estimate:   0.6357E-04
 ------------------------------------------------------------------------------


 NSTEP =     7000   TIME(PS) =      64.000  TEMP(K) =   301.19  PRESS =  -162.0
 Etot   =   -125043.1430  EKtot   =     30109.1743  EPtot      =   -155152.3173
 BOND   =       828.9166  ANGLE   =      2139.5302  DIHED      =      3426.2284
 1-4 NB =      1028.5397  1-4 EEL =     11147.4042  VDWAALS    =     18798.2931
 EELEC  =   -192944.6274  EHBOND  =         0.0000  RESTRAINT  =       423.3980
 EAMBER (non-restraint)  =   -155575.7153
 EKCMT  =     13576.2646  VIRIAL  =     15405.5295  VOLUME     =    523047.6062
                                                    Density    =         0.9586
 Ewald error estimate:   0.7575E-04
 ------------------------------------------------------------------------------


 NSTEP =     7500   TIME(PS) =      65.000  TEMP(K) =   299.91  PRESS =  -257.7
 Etot   =   -124852.6964  EKtot   =     29981.8894  EPtot      =   -154834.5858
 BOND   =       820.9410  ANGLE   =      2138.6721  DIHED      =      3450.8615
 1-4 NB =      1028.2844  1-4 EEL =     11184.0996  VDWAALS    =     18578.1358
 EELEC  =   -192460.6540  EHBOND  =         0.0000  RESTRAINT  =       425.0737
 EAMBER (non-restraint)  =   -155259.6595
 EKCMT  =     13530.9188  VIRIAL  =     16423.8767  VOLUME     =    519858.6868
                                                    Density    =         0.9645
 Ewald error estimate:   0.2825E-04
 ------------------------------------------------------------------------------


 NSTEP =     8000   TIME(PS) =      66.000  TEMP(K) =   300.11  PRESS =   -68.7
 Etot   =   -125331.6455  EKtot   =     30001.3867  EPtot      =   -155333.0323
 BOND   =       833.2686  ANGLE   =      2113.8828  DIHED      =      3442.0315
 1-4 NB =      1036.1527  1-4 EEL =     11187.4803  VDWAALS    =     18989.8729
 EELEC  =   -193344.0125  EHBOND  =         0.0000  RESTRAINT  =       408.2914
 EAMBER (non-restraint)  =   -155741.3236
 EKCMT  =     13476.8513  VIRIAL  =     14243.8106  VOLUME     =    516979.8849
                                                    Density    =         0.9699
 Ewald error estimate:   0.8929E-05
 ------------------------------------------------------------------------------


 NSTEP =     8500   TIME(PS) =      67.000  TEMP(K) =   300.07  PRESS =   -22.0
 Etot   =   -125282.3094  EKtot   =     29997.7608  EPtot      =   -155280.0702
 BOND   =       775.9188  ANGLE   =      2129.5125  DIHED      =      3482.6345
 1-4 NB =      1031.1850  1-4 EEL =     11183.4584  VDWAALS    =     19026.3866
 EELEC  =   -193324.1572  EHBOND  =         0.0000  RESTRAINT  =       414.9912
 EAMBER (non-restraint)  =   -155695.0613
 EKCMT  =     13629.9490  VIRIAL  =     13874.2609  VOLUME     =    514935.8866
                                                    Density    =         0.9737
 Ewald error estimate:   0.5016E-04
 ------------------------------------------------------------------------------


 NSTEP =     9000   TIME(PS) =      68.000  TEMP(K) =   300.07  PRESS =  -176.8
 Etot   =   -125561.9682  EKtot   =     29997.5560  EPtot      =   -155559.5242
 BOND   =       840.4585  ANGLE   =      2110.2499  DIHED      =      3457.9213
 1-4 NB =      1017.8547  1-4 EEL =     11172.5291  VDWAALS    =     19105.2450
 EELEC  =   -193665.8598  EHBOND  =         0.0000  RESTRAINT  =       402.0771
 EAMBER (non-restraint)  =   -155961.6013
 EKCMT  =     13474.6922  VIRIAL  =     15430.9912  VOLUME     =    512425.6331
                                                    Density    =         0.9785
 Ewald error estimate:   0.5556E-04
 ------------------------------------------------------------------------------


 NSTEP =     9500   TIME(PS) =      69.000  TEMP(K) =   301.36  PRESS =  -118.9
 Etot   =   -125473.6934  EKtot   =     30126.6006  EPtot      =   -155600.2939
 BOND   =       812.9132  ANGLE   =      2080.7196  DIHED      =      3508.6672
 1-4 NB =      1022.9030  1-4 EEL =     11191.0457  VDWAALS    =     18987.9858
 EELEC  =   -193629.7385  EHBOND  =         0.0000  RESTRAINT  =       425.2101
 EAMBER (non-restraint)  =   -156025.5040
 EKCMT  =     13520.4950  VIRIAL  =     14828.9661  VOLUME     =    509874.8116
                                                    Density    =         0.9834
 Ewald error estimate:   0.1067E-03
 ------------------------------------------------------------------------------


 NSTEP =    10000   TIME(PS) =      70.000  TEMP(K) =   302.29  PRESS =    -3.3
 Etot   =   -125629.7456  EKtot   =     30219.9157  EPtot      =   -155849.6614
 BOND   =       802.5034  ANGLE   =      2052.7905  DIHED      =      3439.4521
 1-4 NB =      1040.1393  1-4 EEL =     11203.2485  VDWAALS    =     19054.5015
 EELEC  =   -193872.5060  EHBOND  =         0.0000  RESTRAINT  =       430.2093
 EAMBER (non-restraint)  =   -156279.8706
 EKCMT  =     13498.2095  VIRIAL  =     13534.0079  VOLUME     =    508693.0937
                                                    Density    =         0.9857
 Ewald error estimate:   0.1889E-04
 ------------------------------------------------------------------------------


 NSTEP =    10500   TIME(PS) =      71.000  TEMP(K) =   300.77  PRESS =  -107.8
 Etot   =   -125264.3938  EKtot   =     30067.8124  EPtot      =   -155332.2062
 BOND   =       773.7395  ANGLE   =      2113.0987  DIHED      =      3443.1827
 1-4 NB =      1043.2740  1-4 EEL =     11204.5626  VDWAALS    =     18831.7313
 EELEC  =   -193164.8573  EHBOND  =         0.0000  RESTRAINT  =       423.0623
 EAMBER (non-restraint)  =   -155755.2685
 EKCMT  =     13473.1412  VIRIAL  =     14653.6582  VOLUME     =    507187.5285
                                                    Density    =         0.9886
 Ewald error estimate:   0.5354E-04
 ------------------------------------------------------------------------------


 NSTEP =    11000   TIME(PS) =      72.000  TEMP(K) =   301.28  PRESS =   102.4
 Etot   =   -125546.4941  EKtot   =     30118.2031  EPtot      =   -155664.6971
 BOND   =       826.8255  ANGLE   =      2082.8654  DIHED      =      3446.5142
 1-4 NB =      1050.4716  1-4 EEL =     11185.7874  VDWAALS    =     19442.8130
 EELEC  =   -194125.6141  EHBOND  =         0.0000  RESTRAINT  =       425.6398
 EAMBER (non-restraint)  =   -156090.3370
 EKCMT  =     13536.5968  VIRIAL  =     12419.0148  VOLUME     =    505574.6906
                                                    Density    =         0.9918
 Ewald error estimate:   0.6036E-04
 ------------------------------------------------------------------------------


 NSTEP =    11500   TIME(PS) =      73.000  TEMP(K) =   299.30  PRESS =  -161.6
 Etot   =   -125767.7137  EKtot   =     29920.9558  EPtot      =   -155688.6695
 BOND   =       789.6313  ANGLE   =      2146.3719  DIHED      =      3464.2401
 1-4 NB =      1041.9298  1-4 EEL =     11176.0060  VDWAALS    =     18914.1373
 EELEC  =   -193668.0173  EHBOND  =         0.0000  RESTRAINT  =       447.0313
 EAMBER (non-restraint)  =   -156135.7008
 EKCMT  =     13444.8716  VIRIAL  =     15205.4852  VOLUME     =    504642.6117
                                                    Density    =         0.9936
 Ewald error estimate:   0.4224E-04
 ------------------------------------------------------------------------------


 NSTEP =    12000   TIME(PS) =      74.000  TEMP(K) =   300.88  PRESS =    81.3
 Etot   =   -125495.8949  EKtot   =     30078.4040  EPtot      =   -155574.2989
 BOND   =       826.9916  ANGLE   =      2096.5886  DIHED      =      3466.8516
 1-4 NB =      1001.7662  1-4 EEL =     11180.4173  VDWAALS    =     19137.5735
 EELEC  =   -193694.1400  EHBOND  =         0.0000  RESTRAINT  =       409.6523
 EAMBER (non-restraint)  =   -155983.9512
 EKCMT  =     13465.2840  VIRIAL  =     12580.1652  VOLUME     =    504355.3214
                                                    Density    =         0.9942
 Ewald error estimate:   0.7219E-06
 ------------------------------------------------------------------------------


 NSTEP =    12500   TIME(PS) =      75.000  TEMP(K) =   299.43  PRESS =   -49.4
 Etot   =   -126025.9807  EKtot   =     29933.6440  EPtot      =   -155959.6248
 BOND   =       803.4790  ANGLE   =      2156.4557  DIHED      =      3466.5018
 1-4 NB =      1045.7461  1-4 EEL =     11210.9529  VDWAALS    =     19146.1118
 EELEC  =   -194221.0821  EHBOND  =         0.0000  RESTRAINT  =       432.2101
 EAMBER (non-restraint)  =   -156391.8349
 EKCMT  =     13536.4371  VIRIAL  =     14072.0853  VOLUME     =    502263.6968
                                                    Density    =         0.9983
 Ewald error estimate:   0.7943E-04
 ------------------------------------------------------------------------------


 NSTEP =    13000   TIME(PS) =      76.000  TEMP(K) =   299.37  PRESS =   -78.5
 Etot   =   -125965.1801  EKtot   =     29927.7356  EPtot      =   -155892.9157
 BOND   =       751.0737  ANGLE   =      2126.9454  DIHED      =      3481.1111
 1-4 NB =      1056.0606  1-4 EEL =     11203.6215  VDWAALS    =     19174.8977
 EELEC  =   -194103.0109  EHBOND  =         0.0000  RESTRAINT  =       416.3852
 EAMBER (non-restraint)  =   -156309.3009
 EKCMT  =     13509.5068  VIRIAL  =     14357.3119  VOLUME     =    500513.3604
                                                    Density    =         1.0018
 Ewald error estimate:   0.1206E-03
 ------------------------------------------------------------------------------


 NSTEP =    13500   TIME(PS) =      77.000  TEMP(K) =   296.38  PRESS =   -21.7
 Etot   =   -126436.3307  EKtot   =     29628.4668  EPtot      =   -156064.7976
 BOND   =       814.7928  ANGLE   =      2112.4107  DIHED      =      3449.0384
 1-4 NB =      1025.4181  1-4 EEL =     11186.3091  VDWAALS    =     19124.6836
 EELEC  =   -194190.9602  EHBOND  =         0.0000  RESTRAINT  =       413.5099
 EAMBER (non-restraint)  =   -156478.3074
 EKCMT  =     13329.4129  VIRIAL  =     13563.2537  VOLUME     =    498873.7847
                                                    Density    =         1.0051
 Ewald error estimate:   0.1331E-04
 ------------------------------------------------------------------------------


 NSTEP =    14000   TIME(PS) =      78.000  TEMP(K) =   299.83  PRESS =    -0.7
 Etot   =   -126297.4253  EKtot   =     29973.3289  EPtot      =   -156270.7542
 BOND   =       751.5844  ANGLE   =      2177.1951  DIHED      =      3475.6868
 1-4 NB =      1020.5542  1-4 EEL =     11186.0721  VDWAALS    =     19142.6501
 EELEC  =   -194456.1574  EHBOND  =         0.0000  RESTRAINT  =       431.6605
 EAMBER (non-restraint)  =   -156702.4147
 EKCMT  =     13561.3290  VIRIAL  =     13568.4619  VOLUME     =    496617.1771
                                                    Density    =         1.0096
 Ewald error estimate:   0.5421E-04
 ------------------------------------------------------------------------------


 NSTEP =    14500   TIME(PS) =      79.000  TEMP(K) =   300.47  PRESS =  -157.3
 Etot   =   -126080.2256  EKtot   =     30037.4608  EPtot      =   -156117.6864
 BOND   =       777.0623  ANGLE   =      2092.0405  DIHED      =      3452.0609
 1-4 NB =      1025.2889  1-4 EEL =     11182.5438  VDWAALS    =     19013.1559
 EELEC  =   -194106.9983  EHBOND  =         0.0000  RESTRAINT  =       447.1596
 EAMBER (non-restraint)  =   -156564.8460
 EKCMT  =     13496.7994  VIRIAL  =     15181.8914  VOLUME     =    496069.4548
                                                    Density    =         1.0108
 Ewald error estimate:   0.3524E-04
 ------------------------------------------------------------------------------


 NSTEP =    15000   TIME(PS) =      80.000  TEMP(K) =   299.57  PRESS =    -9.0
 Etot   =   -126356.6443  EKtot   =     29947.2293  EPtot      =   -156303.8735
 BOND   =       779.6748  ANGLE   =      2152.6766  DIHED      =      3470.5041
 1-4 NB =      1031.8859  1-4 EEL =     11201.2061  VDWAALS    =     19196.1080
 EELEC  =   -194581.4617  EHBOND  =         0.0000  RESTRAINT  =       445.5326
 EAMBER (non-restraint)  =   -156749.4061
 EKCMT  =     13445.1165  VIRIAL  =     13540.9780  VOLUME     =    495399.0289
                                                    Density    =         1.0121
 Ewald error estimate:   0.1217E-03
 ------------------------------------------------------------------------------


 NSTEP =    15500   TIME(PS) =      81.000  TEMP(K) =   301.42  PRESS =   -69.5
 Etot   =   -126263.8795  EKtot   =     30132.5645  EPtot      =   -156396.4440
 BOND   =       799.2744  ANGLE   =      2073.4144  DIHED      =      3437.3504
 1-4 NB =      1037.9145  1-4 EEL =     11187.7772  VDWAALS    =     19196.8776
 EELEC  =   -194554.5767  EHBOND  =         0.0000  RESTRAINT  =       425.5241
 EAMBER (non-restraint)  =   -156821.9682
 EKCMT  =     13556.4109  VIRIAL  =     14299.8440  VOLUME     =    495372.5645
                                                    Density    =         1.0122
 Ewald error estimate:   0.3091E-04
 ------------------------------------------------------------------------------


 NSTEP =    16000   TIME(PS) =      82.000  TEMP(K) =   301.74  PRESS =   107.3
 Etot   =   -126392.7951  EKtot   =     30164.7987  EPtot      =   -156557.5938
 BOND   =       806.1801  ANGLE   =      2043.4796  DIHED      =      3461.2884
 1-4 NB =      1011.7247  1-4 EEL =     11198.4972  VDWAALS    =     19134.3399
 EELEC  =   -194645.5856  EHBOND  =         0.0000  RESTRAINT  =       432.4819
 EAMBER (non-restraint)  =   -156990.0757
 EKCMT  =     13549.0932  VIRIAL  =     12402.1812  VOLUME     =    494860.0401
                                                    Density    =         1.0132
 Ewald error estimate:   0.1272E-03
 ------------------------------------------------------------------------------


 NSTEP =    16500   TIME(PS) =      83.000  TEMP(K) =   297.44  PRESS =     9.0
 Etot   =   -126430.8750  EKtot   =     29734.2785  EPtot      =   -156165.1535
 BOND   =       788.2121  ANGLE   =      2109.9499  DIHED      =      3462.5976
 1-4 NB =      1027.3116  1-4 EEL =     11202.7223  VDWAALS    =     19092.5938
 EELEC  =   -194273.2258  EHBOND  =         0.0000  RESTRAINT  =       424.6850
 EAMBER (non-restraint)  =   -156589.8385
 EKCMT  =     13353.0137  VIRIAL  =     13257.4668  VOLUME     =    493793.2530
                                                    Density    =         1.0154
 Ewald error estimate:   0.9255E-04
 ------------------------------------------------------------------------------


 NSTEP =    17000   TIME(PS) =      84.000  TEMP(K) =   300.42  PRESS =   -93.9
 Etot   =   -126333.0683  EKtot   =     30032.9184  EPtot      =   -156365.9867
 BOND   =       787.5137  ANGLE   =      2116.2046  DIHED      =      3444.4298
 1-4 NB =      1031.0481  1-4 EEL =     11142.3323  VDWAALS    =     19030.9494
 EELEC  =   -194359.4578  EHBOND  =         0.0000  RESTRAINT  =       440.9933
 EAMBER (non-restraint)  =   -156806.9800
 EKCMT  =     13521.0188  VIRIAL  =     14521.1123  VOLUME     =    493186.9628
                                                    Density    =         1.0167
 Ewald error estimate:   0.1067E-03
 ------------------------------------------------------------------------------


 NSTEP =    17500   TIME(PS) =      85.000  TEMP(K) =   302.08  PRESS =  -108.0
 Etot   =   -126430.7515  EKtot   =     30198.3484  EPtot      =   -156629.0999
 BOND   =       779.9621  ANGLE   =      2144.4970  DIHED      =      3500.4150
 1-4 NB =      1038.3609  1-4 EEL =     11206.9491  VDWAALS    =     19020.9824
 EELEC  =   -194744.9990  EHBOND  =         0.0000  RESTRAINT  =       424.7326
 EAMBER (non-restraint)  =   -157053.8325
 EKCMT  =     13515.0230  VIRIAL  =     14662.9853  VOLUME     =    492236.6325
                                                    Density    =         1.0186
 Ewald error estimate:   0.2485E-04
 ------------------------------------------------------------------------------


 NSTEP =    18000   TIME(PS) =      86.000  TEMP(K) =   297.61  PRESS =   -63.5
 Etot   =   -126638.7305  EKtot   =     29751.4050  EPtot      =   -156390.1354
 BOND   =       781.8976  ANGLE   =      2086.7049  DIHED      =      3483.5471
 1-4 NB =      1006.5741  1-4 EEL =     11225.2878  VDWAALS    =     19135.9630
 EELEC  =   -194556.1682  EHBOND  =         0.0000  RESTRAINT  =       446.0581
 EAMBER (non-restraint)  =   -156836.1935
 EKCMT  =     13502.0792  VIRIAL  =     14176.6285  VOLUME     =    492073.6972
                                                    Density    =         1.0190
 Ewald error estimate:   0.4914E-04
 ------------------------------------------------------------------------------


 NSTEP =    18500   TIME(PS) =      87.000  TEMP(K) =   298.46  PRESS =   -15.7
 Etot   =   -126627.6549  EKtot   =     29836.6313  EPtot      =   -156464.2862
 BOND   =       772.1000  ANGLE   =      2105.5308  DIHED      =      3468.1459
 1-4 NB =      1032.6571  1-4 EEL =     11236.6690  VDWAALS    =     19200.9949
 EELEC  =   -194724.3951  EHBOND  =         0.0000  RESTRAINT  =       444.0112
 EAMBER (non-restraint)  =   -156908.2974
 EKCMT  =     13417.5562  VIRIAL  =     13583.9144  VOLUME     =    492301.0167
                                                    Density    =         1.0185
 Ewald error estimate:   0.5939E-06
 ------------------------------------------------------------------------------


 NSTEP =    19000   TIME(PS) =      88.000  TEMP(K) =   298.53  PRESS =   -18.3
 Etot   =   -126956.6440  EKtot   =     29843.5989  EPtot      =   -156800.2429
 BOND   =       797.2542  ANGLE   =      2128.2846  DIHED      =      3453.7447
 1-4 NB =      1040.8994  1-4 EEL =     11221.8884  VDWAALS    =     19083.8640
 EELEC  =   -194976.5169  EHBOND  =         0.0000  RESTRAINT  =       450.3386
 EAMBER (non-restraint)  =   -157250.5815
 EKCMT  =     13386.9565  VIRIAL  =     13581.6805  VOLUME     =    491850.0903
                                                    Density    =         1.0194
 Ewald error estimate:   0.6718E-04
 ------------------------------------------------------------------------------


 NSTEP =    19500   TIME(PS) =      89.000  TEMP(K) =   300.33  PRESS =   109.3
 Etot   =   -126520.9507  EKtot   =     30023.2141  EPtot      =   -156544.1648
 BOND   =       751.8795  ANGLE   =      2104.7713  DIHED      =      3467.5564
 1-4 NB =      1029.6503  1-4 EEL =     11256.1638  VDWAALS    =     19262.9446
 EELEC  =   -194860.9223  EHBOND  =         0.0000  RESTRAINT  =       443.7915
 EAMBER (non-restraint)  =   -156987.9563
 EKCMT  =     13313.9266  VIRIAL  =     12153.8758  VOLUME     =    491514.8176
                                                    Density    =         1.0201
 Ewald error estimate:   0.3950E-05
 ------------------------------------------------------------------------------


 NSTEP =    20000   TIME(PS) =      90.000  TEMP(K) =   299.77  PRESS =   -41.7
 Etot   =   -126510.0216  EKtot   =     29967.8540  EPtot      =   -156477.8755
 BOND   =       776.1557  ANGLE   =      2118.0424  DIHED      =      3457.1530
 1-4 NB =      1049.6178  1-4 EEL =     11217.1748  VDWAALS    =     19237.6953
 EELEC  =   -194758.2817  EHBOND  =         0.0000  RESTRAINT  =       424.5672
 EAMBER (non-restraint)  =   -156902.4427
 EKCMT  =     13426.0953  VIRIAL  =     13868.7805  VOLUME     =    492170.4430
                                                    Density    =         1.0188
 Ewald error estimate:   0.7345E-04
 ------------------------------------------------------------------------------


 NSTEP =    20500   TIME(PS) =      91.000  TEMP(K) =   300.83  PRESS =    98.2
 Etot   =   -126355.0277  EKtot   =     30073.1512  EPtot      =   -156428.1790
 BOND   =       777.2260  ANGLE   =      2157.1973  DIHED      =      3458.7969
 1-4 NB =      1035.0510  1-4 EEL =     11228.2761  VDWAALS    =     19162.7873
 EELEC  =   -194666.9073  EHBOND  =         0.0000  RESTRAINT  =       419.3937
 EAMBER (non-restraint)  =   -156847.5727
 EKCMT  =     13516.4903  VIRIAL  =     12472.8555  VOLUME     =    492088.3338
                                                    Density    =         1.0189
 Ewald error estimate:   0.2885E-04
 ------------------------------------------------------------------------------


 NSTEP =    21000   TIME(PS) =      92.000  TEMP(K) =   301.87  PRESS =    25.3
 Etot   =   -126239.8543  EKtot   =     30177.5479  EPtot      =   -156417.4022
 BOND   =       818.8935  ANGLE   =      2156.3099  DIHED      =      3448.8315
 1-4 NB =      1021.0201  1-4 EEL =     11174.6276  VDWAALS    =     19322.2885
 EELEC  =   -194792.7716  EHBOND  =         0.0000  RESTRAINT  =       433.3985
 EAMBER (non-restraint)  =   -156850.8006
 EKCMT  =     13576.1989  VIRIAL  =     13307.3915  VOLUME     =    491926.9896
                                                    Density    =         1.0193
 Ewald error estimate:   0.3452E-04
 ------------------------------------------------------------------------------


 NSTEP =    21500   TIME(PS) =      93.000  TEMP(K) =   303.02  PRESS =    58.4
 Etot   =   -126053.0331  EKtot   =     30292.7971  EPtot      =   -156345.8303
 BOND   =       778.1215  ANGLE   =      2117.3668  DIHED      =      3465.8244
 1-4 NB =      1040.1702  1-4 EEL =     11222.8084  VDWAALS    =     19074.4766
 EELEC  =   -194446.5104  EHBOND  =         0.0000  RESTRAINT  =       401.9123
 EAMBER (non-restraint)  =   -156747.7426
 EKCMT  =     13581.7038  VIRIAL  =     12960.5224  VOLUME     =    492496.1820
                                                    Density    =         1.0181
 Ewald error estimate:   0.3597E-04
 ------------------------------------------------------------------------------


 NSTEP =    22000   TIME(PS) =      94.000  TEMP(K) =   298.10  PRESS =  -108.7
 Etot   =   -126491.7588  EKtot   =     29800.6373  EPtot      =   -156292.3961
 BOND   =       805.7651  ANGLE   =      2117.7297  DIHED      =      3468.8079
 1-4 NB =      1029.4360  1-4 EEL =     11132.1120  VDWAALS    =     19020.7129
 EELEC  =   -194312.0419  EHBOND  =         0.0000  RESTRAINT  =       445.0823
 EAMBER (non-restraint)  =   -156737.4784
 EKCMT  =     13399.9629  VIRIAL  =     14554.0091  VOLUME     =    491510.8062
                                                    Density    =         1.0201
 Ewald error estimate:   0.8276E-04
 ------------------------------------------------------------------------------


 NSTEP =    22500   TIME(PS) =      95.000  TEMP(K) =   299.89  PRESS =   130.8
 Etot   =   -126512.9094  EKtot   =     29979.7393  EPtot      =   -156492.6488
 BOND   =       819.1803  ANGLE   =      2095.7379  DIHED      =      3455.8122
 1-4 NB =      1034.9765  1-4 EEL =     11220.2412  VDWAALS    =     19190.3017
 EELEC  =   -194738.6846  EHBOND  =         0.0000  RESTRAINT  =       429.7860
 EAMBER (non-restraint)  =   -156922.4348
 EKCMT  =     13527.3244  VIRIAL  =     12138.7092  VOLUME     =    491669.6620
                                                    Density    =         1.0198
 Ewald error estimate:   0.3996E-04
 ------------------------------------------------------------------------------


 NSTEP =    23000   TIME(PS) =      96.000  TEMP(K) =   301.13  PRESS =    37.1
 Etot   =   -126076.7718  EKtot   =     30103.9191  EPtot      =   -156180.6909
 BOND   =       789.4192  ANGLE   =      2108.9203  DIHED      =      3453.9714
 1-4 NB =      1054.5826  1-4 EEL =     11246.3988  VDWAALS    =     18929.8778
 EELEC  =   -194179.3915  EHBOND  =         0.0000  RESTRAINT  =       415.5305
 EAMBER (non-restraint)  =   -156596.2214
 EKCMT  =     13463.9283  VIRIAL  =     13069.3497  VOLUME     =    492007.4759
                                                    Density    =         1.0191
 Ewald error estimate:   0.4434E-04
 ------------------------------------------------------------------------------


 NSTEP =    23500   TIME(PS) =      97.000  TEMP(K) =   300.28  PRESS =  -122.7
 Etot   =   -126146.8297  EKtot   =     30018.4572  EPtot      =   -156165.2870
 BOND   =       786.0953  ANGLE   =      2152.7822  DIHED      =      3484.3332
 1-4 NB =      1032.0792  1-4 EEL =     11171.3467  VDWAALS    =     18754.8505
 EELEC  =   -193964.2516  EHBOND  =         0.0000  RESTRAINT  =       417.4777
 EAMBER (non-restraint)  =   -156582.7646
 EKCMT  =     13552.1473  VIRIAL  =     14855.6591  VOLUME     =    492027.0068
                                                    Density    =         1.0191
 Ewald error estimate:   0.1153E-03
 ------------------------------------------------------------------------------


 NSTEP =    24000   TIME(PS) =      98.000  TEMP(K) =   299.08  PRESS =  -109.3
 Etot   =   -126489.1731  EKtot   =     29898.4721  EPtot      =   -156387.6452
 BOND   =       812.2180  ANGLE   =      2094.1898  DIHED      =      3434.4947
 1-4 NB =      1036.1702  1-4 EEL =     11179.3512  VDWAALS    =     18714.3525
 EELEC  =   -194086.4036  EHBOND  =         0.0000  RESTRAINT  =       427.9819
 EAMBER (non-restraint)  =   -156815.6271
 EKCMT  =     13406.4709  VIRIAL  =     14568.5900  VOLUME     =    492283.2033
                                                    Density    =         1.0185
 Ewald error estimate:   0.5698E-04
 ------------------------------------------------------------------------------


 NSTEP =    24500   TIME(PS) =      99.000  TEMP(K) =   301.31  PRESS =   -68.5
 Etot   =   -125908.2457  EKtot   =     30121.7741  EPtot      =   -156030.0198
 BOND   =       775.9259  ANGLE   =      2126.4297  DIHED      =      3479.4743
 1-4 NB =      1040.2365  1-4 EEL =     11185.1906  VDWAALS    =     18833.0253
 EELEC  =   -193906.9384  EHBOND  =         0.0000  RESTRAINT  =       436.6363
 EAMBER (non-restraint)  =   -156466.6561
 EKCMT  =     13537.2234  VIRIAL  =     14264.9320  VOLUME     =    492109.6196
                                                    Density    =         1.0189
 Ewald error estimate:   0.2732E-05
 ------------------------------------------------------------------------------


 NSTEP =    25000   TIME(PS) =     100.000  TEMP(K) =   300.74  PRESS =   180.9
 Etot   =   -126321.5732  EKtot   =     30064.8618  EPtot      =   -156386.4349
 BOND   =       817.9431  ANGLE   =      2111.4814  DIHED      =      3437.0215
 1-4 NB =       998.2775  1-4 EEL =     11156.9097  VDWAALS    =     19264.8245
 EELEC  =   -194606.1168  EHBOND  =         0.0000  RESTRAINT  =       433.2242
 EAMBER (non-restraint)  =   -156819.6591
 EKCMT  =     13483.9969  VIRIAL  =     11564.7192  VOLUME     =    491439.3247
                                                    Density    =         1.0203
 Ewald error estimate:   0.8451E-04
 ------------------------------------------------------------------------------


      A V E R A G E S   O V E R      50 S T E P S


 NSTEP =    25000   TIME(PS) =     100.000  TEMP(K) =   300.01  PRESS =   -82.7
 Etot   =   -125573.2792  EKtot   =     29991.2575  EPtot      =   -155564.5367
 BOND   =       792.6933  ANGLE   =      2116.6496  DIHED      =      3460.0668
 1-4 NB =      1031.8002  1-4 EEL =     11194.7187  VDWAALS    =     19061.5096
 EELEC  =   -193646.9791  EHBOND  =         0.0000  RESTRAINT  =       425.0041
 EAMBER (non-restraint)  =   -155989.5408
 EKCMT  =     13485.3669  VIRIAL  =     14453.8883  VOLUME     =    514147.4637
                                                    Density    =         0.9780
 Ewald error estimate:   0.5061E-04
 ------------------------------------------------------------------------------


      R M S  F L U C T U A T I O N S


 NSTEP =    25000   TIME(PS) =     100.000  TEMP(K) =     1.61  PRESS =   122.6
 Etot   =       949.7782  EKtot   =       161.0913  EPtot      =       967.3788
 BOND   =        23.5813  ANGLE   =        30.7571  DIHED      =        19.4485
 1-4 NB =        13.0119  1-4 EEL =        25.0057  VDWAALS    =       167.1457
 EELEC  =      1016.6115  EHBOND  =         0.0000  RESTRAINT  =        13.3938
 EAMBER (non-restraint)  =       953.9850
 EKCMT  =        86.5323  VIRIAL  =      1424.1624  VOLUME     =     28417.1949
                                                    Density    =         0.0507
 Ewald error estimate:   0.3608E-04
 ------------------------------------------------------------------------------

--------------------------------------------------------------------------------
   5.  TIMINGS
--------------------------------------------------------------------------------

|  NonSetup CPU Time in Major Routines, Average for All Tasks:
|
|     Routine           Sec        %
|     ------------------------------
|     DataDistrib     761.72   45.04
|     Nonbond         910.88   53.86
|     Bond              0.06    0.00
|     Angle             0.64    0.04
|     Dihedral          3.00    0.18
|     Shake             1.36    0.08
|     RunMD            13.04    0.77
|     Other             0.40    0.02
|     ------------------------------
|     Total          1691.10

|  PME Nonbond Pairlist CPU Time, Average for All Tasks:
|
|     Routine              Sec        %
|     ---------------------------------
|     Set Up Cit          12.53    0.74
|     Build List          18.41    1.09
|     ---------------------------------
|     Total               30.95    1.83

|  PME Direct Force CPU Time, Average for All Tasks:
|
|     Routine              Sec        %
|     ---------------------------------
|     NonBonded Calc     118.53    7.01
|     Exclude Masked       2.75    0.16
|     Other                7.57    0.45
|     ---------------------------------
|     Total              128.85    7.62

|  PME Reciprocal Force CPU Time, Average for All Tasks:
|
|     Routine              Sec        %
|     ---------------------------------
|     1D bspline           4.16    0.25
|     Grid Charges         4.17    0.25
|     Scalar Sum           2.53    0.15
|     Gradient Sum         4.20    0.25
|     FFT                734.57   43.44
|     ---------------------------------
|     Total              749.63   44.33

|  PME Load Balancing CPU Time, Average for All Tasks:
|
|     Routine                 Sec        %
|     ------------------------------------
|     Atom Reassign           0.12    0.01
|     Image Reassign          1.23    0.07
|     FFT Reassign            0.08    0.00
|     ------------------------------------
|     Total                   1.43    0.08

|  Final Performance Info:
|     -----------------------------------------------------
|     Average timings for last       1 steps:
|     Elapsed(s) =       0.02 Per Step(ms) =      24.88
|         ns/day =       6.95   seconds/ns =   12438.96
|
|     Average timings for all steps:
|     Elapsed(s) =    1693.04 Per Step(ms) =      67.72
|         ns/day =       2.55   seconds/ns =   33860.74
|     -----------------------------------------------------

|  Master Setup CPU time:            0.77 seconds
|  Master NonSetup CPU time:      1690.12 seconds
|  Master Total CPU time:         1690.89 seconds     0.47 hours

|  Master Setup wall time:           2    seconds
|  Master NonSetup wall time:     1693    seconds
|  Master Total wall time:        1695    seconds     0.47 hours
