
          -------------------------------------------------------
          Amber 20 PMEMD                              2020
          -------------------------------------------------------

| PMEMD implementation of SANDER, Release 18

|  Compiled date/time: Mon Apr 27 22:19:54 2020
| Run on 03/01/2023 at 10:57:44

|   Executable path: pmemd.cuda
| Working directory: /home/sebas/AS4/MD
|          Hostname: compute-0-1.local

  [-O]verwriting output

File Assignments:
|   MDIN: equil.in                                                              
|  MDOUT: equil.out                                                             
| INPCRD: density.rst                                                           
|   PARM: ../leap/MR-AS4.prmtop                                                 
| RESTRT: equil.rst                                                             
|   REFC: refc                                                                  
|  MDVEL: mdvel                                                                 
|   MDEN: mden                                                                  
|  MDCRD: equil.nc                                                              
| MDINFO: mdinfo                                                                
|  MDFRC: mdfrc                                                                 


 Here is the input file:

heat ras-raf                                                                   
 &cntrl                                                                        
  imin=0,irest=1,ntx=5,                                                        
  nstlim=250000,dt=0.002,                                                      
  ntc=2,ntf=2,                                                                 
  cut=8.0, ntb=2, ntp=1, taup=2.0,                                             
  ntpr=1000, ntwx=1000,                                                        
  ntt=3, gamma_ln=2.0,                                                         
  temp0=300.0, ig=-1,                                                          
 /                                                                             


Note: ig = -1. Setting random seed to   558129 based on wallclock time in 
      microseconds.
| irandom = 1, using AMBER's internal random number generator (default).
 
