
          -------------------------------------------------------
          Amber 20 PMEMD                              2020
          -------------------------------------------------------

| PMEMD implementation of SANDER, Release 18

|  Compiled date/time: Mon Apr 27 22:19:54 2020
| Run on 02/27/2023 at 16:11:37

|   Executable path: /share/apps/amber20/bin/pmemd.MPI
| Working directory: /home/sebas/AS4/MD
|          Hostname: compute-0-16.local

  [-O]verwriting output

File Assignments:
|   MDIN: heat.in                                                               
|  MDOUT: heat.out                                                              
| INPCRD: min.rst                                                               
|   PARM: ../leap/MR-AS4.prmtop                                                 
| RESTRT: heat.rst                                                              
|   REFC: min.rst                                                               
|  MDVEL: mdvel                                                                 
|   MDEN: mden                                                                  
|  MDCRD: heat.nc                                                               
| MDINFO: mdinfo                                                                
|LOGFILE: logfile                                                               
|  MDFRC: mdfrc                                                                 


 Here is the input file:

heat ras-raf                                                                   
 &cntrl                                                                        
  imin=0,irest=0,ntx=1,                                                        
  nstlim=25000,dt=0.002,                                                       
  ntc=2,ntf=2,                                                                 
  cut=8.0, ntb=1,                                                              
  ntpr=500, ntwx=500,                                                          
  ntt=3, gamma_ln=2.0,                                                         
  tempi=0.0, temp0=300.0, ig=-1,                                               
  ntr=1, restraintmask=':1-258',                                               
  restraint_wt=2.0,                                                            
  nmropt=1                                                                     
 /                                                                             
 &wt TYPE='TEMP0', istep1=0, istep2=25000,                                     
  value1=0.1, value2=300.0, /                                                  
 &wt TYPE='END' /                                                              


Note: ig = -1. Setting random seed to   123994 based on wallclock time in
      microseconds and disabling the synchronization of random numbers 
      between tasks to improve performance.
| irandom = 1, using AMBER's internal random number generator (default).
 
 
| Conditional Compilation Defines Used:
| MPI
| PUBFFT
| BINTRAJ
| EMIL

| Largest sphere to fit in unit cell has radius =    38.334

| New format PARM file being parsed.
| Version =    1.000 Date = 02/27/23 Time = 14:18:31

| Note: 1-4 EEL scale factors are being read from the topology file.

| Note: 1-4 VDW scale factors are being read from the topology file.
| Duplicated    0 dihedrals

| Duplicated    0 dihedrals

--------------------------------------------------------------------------------
   1.  RESOURCE   USE: 
--------------------------------------------------------------------------------

 getting box info from netcdf restart file
 NATOM  =   49205 NTYPES =      27 NBONH =   47002 MBONA  =    2175
 NTHETH =    4869 MTHETA =    2950 NPHIH =    9759 MPHIA  =    9416
 NHPARM =       0 NPARM  =       0 NNB   =   83555 NRES   =   15294
 NBONA  =    2175 NTHETA =    2950 NPHIA =    9416 NUMBND =      83
 NUMANG =     186 NPTRA  =     219 NATYP =      49 NPHB   =       1
 IFBOX  =       1 NMXRS  =      54 IFCAP =       0 NEXTRA =       0
 NCOPY  =       0

| Coordinate Index Table dimensions:    16   19   15
| Direct force subcell size =     5.1060    5.0329    5.1112

     BOX TYPE: RECTILINEAR

--------------------------------------------------------------------------------
   2.  CONTROL  DATA  FOR  THE  RUN
--------------------------------------------------------------------------------

AS4                                                                             

General flags:
     imin    =       0, nmropt  =       1

Nature and format of input:
     ntx     =       1, irest   =       0, ntrx    =       1

Nature and format of output:
     ntxo    =       2, ntpr    =     500, ntrx    =       1, ntwr    =   25000
     iwrap   =       0, ntwx    =     500, ntwv    =       0, ntwe    =       0
     ioutfm  =       1, ntwprt  =       0, idecomp =       0, rbornstat=      0

Potential function:
     ntf     =       2, ntb     =       1, igb     =       0, nsnb    =      25
     ipol    =       0, gbsa    =       0, iesp    =       0
     dielc   =   1.00000, cut     =   8.00000, intdiel =   1.00000

Frozen or restrained atoms:
     ibelly  =       0, ntr     =       1
     restraint_wt =   2.00000

Molecular dynamics:
     nstlim  =     25000, nscm    =         0, nrespa  =         1
     t       =   0.00000, dt      =   0.00200, vlimit  =  20.00000

Langevin dynamics temperature regulation:
     ig      =  123994
     temp0   = 300.00000, tempi   =   0.00000, gamma_ln=   2.00000

SHAKE:
     ntc     =       2, jfastw  =       0
     tol     =   0.00001

NMR refinement options:
     iscale  =       0, noeskp  =       1, ipnlty  =       1, mxsub   =       1
     scalm   = 100.00000, pencut  =   0.10000, tausw   =   0.10000

| Intermolecular bonds treatment:
|     no_intermolecular_bonds =       1

| Energy averages sample interval:
|     ene_avg_sampling =     500

Ewald parameters:
     verbose =       0, ew_type =       0, nbflag  =       1, use_pme =       1
     vdwmeth =       1, eedmeth =       1, netfrc  =       1
     Box X =   81.695   Box Y =   95.626   Box Z =   76.668
     Alpha =   90.000   Beta  =   90.000   Gamma =   90.000
     NFFT1 =   90       NFFT2 =   96       NFFT3 =   80
     Cutoff=    8.000   Tol   =0.100E-04
     Ewald Coefficient =  0.34864
     Interpolation order =    4

| PMEMD ewald parallel performance parameters:
|     block_fft =    1
|     fft_blk_y_divisor =    4
|     excl_recip =    0
|     excl_master =    0
|     atm_redist_freq =  320

    LOADING THE CONSTRAINED ATOMS AS GROUPS


   5.  REFERENCE ATOM COORDINATES

  AS4                                                                             
     Mask :1-258; matches  4259 atoms

--------------------------------------------------------------------------------
   3.  ATOMIC COORDINATES AND VELOCITIES
--------------------------------------------------------------------------------

AS4                                                                             
 begin time read from input coords =     0.000 ps



           Begin reading energy term weight changes/NMR restraints
 WEIGHT CHANGES:
 TEMP0         0  25000    0.100000  300.000000      0      0

 RESTRAINTS:
                          ** No restraint defined **

                  Done reading weight changes/NMR restraints


 
 Number of triangulated 3-point waters found:    14955

     Sum of charges from parm topology file =   0.00029984
     Forcing neutrality...

| Dynamic Memory, Types Used:
| Reals             2177707
| Integers          2005820

| Nonbonded Pairs Initial Allocation:      373958

| Running AMBER/MPI version on   60 MPI task

 
--------------------------------------------------------------------------------
   4.  RESULTS
--------------------------------------------------------------------------------

 ---------------------------------------------------
 APPROXIMATING switch and d/dx switch using CUBIC SPLINE INTERPOLATION
 using   5000.0 points per unit in tabled values
 TESTING RELATIVE ERROR over r ranging from 0.0 to cutoff
| CHECK switch(x): max rel err =   0.2738E-14   at   2.422500
| CHECK d/dx switch(x): max rel err =   0.8332E-11   at   2.782960
 ---------------------------------------------------
|---------------------------------------------------
| APPROXIMATING direct energy using CUBIC SPLINE INTERPOLATION
|  with   50.0 points per unit in tabled values
| Relative Error Limit not exceeded for r .gt.   2.47
| APPROXIMATING direct force using CUBIC SPLINE INTERPOLATION
|  with   50.0 points per unit in tabled values
| Relative Error Limit not exceeded for r .gt.   2.89
|---------------------------------------------------

 NSTEP =        0   TIME(PS) =       0.000  TEMP(K) =     0.00  PRESS =     0.0
 Etot   =   -141216.4240  EKtot   =         0.0000  EPtot      =   -141216.4240
 BOND   =        82.8326  ANGLE   =       555.2683  DIHED      =      3204.8153
 1-4 NB =      1129.3804  1-4 EEL =     11456.1200  VDWAALS    =      7361.0019
 EELEC  =   -165005.8425  EHBOND  =         0.0000  RESTRAINT  =         0.0000
 Ewald error estimate:   0.9000E-03
 ------------------------------------------------------------------------------

 NMR restraints: Bond =    0.000   Angle =     0.000   Torsion =     0.000
===============================================================================

 NSTEP =      500   TIME(PS) =       1.000  TEMP(K) =    49.56  PRESS =     0.0
 Etot   =   -179459.3802  EKtot   =      4954.6810  EPtot      =   -184414.0612
 BOND   =       130.0066  ANGLE   =       564.7879  DIHED      =      3141.2741
 1-4 NB =       954.0671  1-4 EEL =     11252.9657  VDWAALS    =     29356.8984
 EELEC  =   -230118.0998  EHBOND  =         0.0000  RESTRAINT  =       304.0388
 EAMBER (non-restraint)  =   -184718.1000
 Ewald error estimate:   0.2264E-03
 ------------------------------------------------------------------------------

 NMR restraints: Bond =    0.000   Angle =     0.000   Torsion =     0.000
===============================================================================

 NSTEP =     1000   TIME(PS) =       2.000  TEMP(K) =    19.33  PRESS =     0.0
 Etot   =   -187803.9020  EKtot   =      1932.0221  EPtot      =   -189735.9241
 BOND   =       133.2321  ANGLE   =       560.8270  DIHED      =      3129.7900
 1-4 NB =       949.2591  1-4 EEL =     11267.9850  VDWAALS    =     32353.8557
 EELEC  =   -238418.1177  EHBOND  =         0.0000  RESTRAINT  =       287.2447
 EAMBER (non-restraint)  =   -190023.1688
 Ewald error estimate:   0.2916E-03
 ------------------------------------------------------------------------------

 NMR restraints: Bond =    0.000   Angle =     0.000   Torsion =     0.000
===============================================================================

 NSTEP =     1500   TIME(PS) =       3.000  TEMP(K) =    17.56  PRESS =     0.0
 Etot   =   -188774.1964  EKtot   =      1755.7098  EPtot      =   -190529.9061
 BOND   =       144.4740  ANGLE   =       587.0206  DIHED      =      3135.4188
 1-4 NB =       957.2052  1-4 EEL =     11273.6454  VDWAALS    =     33226.7056
 EELEC  =   -240143.3312  EHBOND  =         0.0000  RESTRAINT  =       288.9554
 EAMBER (non-restraint)  =   -190818.8616
 Ewald error estimate:   0.3139E-03
 ------------------------------------------------------------------------------

 NMR restraints: Bond =    0.000   Angle =     0.000   Torsion =     0.000
===============================================================================

 NSTEP =     2000   TIME(PS) =       4.000  TEMP(K) =    22.27  PRESS =     0.0
 Etot   =   -188176.9123  EKtot   =      2225.8619  EPtot      =   -190402.7742
 BOND   =       157.3367  ANGLE   =       616.2628  DIHED      =      3139.1177
 1-4 NB =       959.1255  1-4 EEL =     11275.1592  VDWAALS    =     33354.2740
 EELEC  =   -240189.9462  EHBOND  =         0.0000  RESTRAINT  =       285.8961
 EAMBER (non-restraint)  =   -190688.6703
 Ewald error estimate:   0.2901E-03
 ------------------------------------------------------------------------------

 NMR restraints: Bond =    0.000   Angle =     0.000   Torsion =     0.000
===============================================================================

 NSTEP =     2500   TIME(PS) =       5.000  TEMP(K) =    27.67  PRESS =     0.0
 Etot   =   -187278.6769  EKtot   =      2766.2268  EPtot      =   -190044.9036
 BOND   =       174.3989  ANGLE   =       646.3804  DIHED      =      3151.7556
 1-4 NB =       959.1753  1-4 EEL =     11275.4230  VDWAALS    =     33419.7046
 EELEC  =   -239967.0156  EHBOND  =         0.0000  RESTRAINT  =       295.2740
 EAMBER (non-restraint)  =   -190340.1777
 Ewald error estimate:   0.3529E-03
 ------------------------------------------------------------------------------

 NMR restraints: Bond =    0.000   Angle =     0.000   Torsion =     0.000
===============================================================================

 NSTEP =     3000   TIME(PS) =       6.000  TEMP(K) =    33.95  PRESS =     0.0
 Etot   =   -186253.1507  EKtot   =      3393.5715  EPtot      =   -189646.7222
 BOND   =       173.6557  ANGLE   =       684.6729  DIHED      =      3153.5591
 1-4 NB =       962.4552  1-4 EEL =     11278.4265  VDWAALS    =     33319.6487
 EELEC  =   -239512.9000  EHBOND  =         0.0000  RESTRAINT  =       293.7597
 EAMBER (non-restraint)  =   -189940.4819
 Ewald error estimate:   0.3319E-03
 ------------------------------------------------------------------------------

 NMR restraints: Bond =    0.000   Angle =     0.000   Torsion =     0.000
===============================================================================

 NSTEP =     3500   TIME(PS) =       7.000  TEMP(K) =    39.31  PRESS =     0.0
 Etot   =   -185290.4611  EKtot   =      3929.7554  EPtot      =   -189220.2165
 BOND   =       189.6544  ANGLE   =       705.0323  DIHED      =      3162.2543
 1-4 NB =       962.5188  1-4 EEL =     11279.1338  VDWAALS    =     32940.4612
 EELEC  =   -238759.9186  EHBOND  =         0.0000  RESTRAINT  =       300.6473
 EAMBER (non-restraint)  =   -189520.8639
 Ewald error estimate:   0.3262E-03
 ------------------------------------------------------------------------------

 NMR restraints: Bond =    0.000   Angle =     0.000   Torsion =     0.000
===============================================================================

 NSTEP =     4000   TIME(PS) =       8.000  TEMP(K) =    45.43  PRESS =     0.0
 Etot   =   -184189.0679  EKtot   =      4541.6374  EPtot      =   -188730.7053
 BOND   =       213.7971  ANGLE   =       741.8330  DIHED      =      3172.3160
 1-4 NB =       964.4064  1-4 EEL =     11276.8928  VDWAALS    =     32966.9438
 EELEC  =   -238371.6921  EHBOND  =         0.0000  RESTRAINT  =       304.7977
 EAMBER (non-restraint)  =   -189035.5030
 Ewald error estimate:   0.2987E-03
 ------------------------------------------------------------------------------

 NMR restraints: Bond =    0.000   Angle =     0.000   Torsion =     0.000
===============================================================================

 NSTEP =     4500   TIME(PS) =       9.000  TEMP(K) =    51.09  PRESS =     0.0
 Etot   =   -183148.0630  EKtot   =      5107.8099  EPtot      =   -188255.8729
 BOND   =       209.7028  ANGLE   =       770.7766  DIHED      =      3178.0716
 1-4 NB =       967.0308  1-4 EEL =     11263.7215  VDWAALS    =     32657.5972
 EELEC  =   -237627.3151  EHBOND  =         0.0000  RESTRAINT  =       324.5416
 EAMBER (non-restraint)  =   -188580.4145
 Ewald error estimate:   0.2950E-03
 ------------------------------------------------------------------------------

 NMR restraints: Bond =    0.000   Angle =     0.000   Torsion =     0.000
===============================================================================

 NSTEP =     5000   TIME(PS) =      10.000  TEMP(K) =    57.07  PRESS =     0.0
 Etot   =   -182098.4187  EKtot   =      5705.4940  EPtot      =   -187803.9127
 BOND   =       240.9855  ANGLE   =       814.9883  DIHED      =      3185.0055
 1-4 NB =       955.5830  1-4 EEL =     11233.4501  VDWAALS    =     32579.3232
 EELEC  =   -237145.2728  EHBOND  =         0.0000  RESTRAINT  =       332.0244
 EAMBER (non-restraint)  =   -188135.9371
 Ewald error estimate:   0.3255E-03
 ------------------------------------------------------------------------------

 NMR restraints: Bond =    0.000   Angle =     0.000   Torsion =     0.000
===============================================================================

 NSTEP =     5500   TIME(PS) =      11.000  TEMP(K) =    63.13  PRESS =     0.0
 Etot   =   -180922.6769  EKtot   =      6310.6725  EPtot      =   -187233.3494
 BOND   =       246.7328  ANGLE   =       837.2377  DIHED      =      3186.8620
 1-4 NB =       967.3862  1-4 EEL =     11272.9199  VDWAALS    =     32312.9948
 EELEC  =   -236390.9047  EHBOND  =         0.0000  RESTRAINT  =       333.4219
 EAMBER (non-restraint)  =   -187566.7713
 Ewald error estimate:   0.3607E-03
 ------------------------------------------------------------------------------

 NMR restraints: Bond =    0.000   Angle =     0.000   Torsion =     0.000
===============================================================================

 NSTEP =     6000   TIME(PS) =      12.000  TEMP(K) =    68.99  PRESS =     0.0
 Etot   =   -179858.4025  EKtot   =      6897.3326  EPtot      =   -186755.7351
 BOND   =       261.3123  ANGLE   =       883.8617  DIHED      =      3192.2858
 1-4 NB =       973.2809  1-4 EEL =     11248.5306  VDWAALS    =     31956.8672
 EELEC  =   -235612.9346  EHBOND  =         0.0000  RESTRAINT  =       341.0609
 EAMBER (non-restraint)  =   -187096.7960
 Ewald error estimate:   0.3838E-03
 ------------------------------------------------------------------------------

 NMR restraints: Bond =    0.000   Angle =     0.000   Torsion =     0.000
===============================================================================

 NSTEP =     6500   TIME(PS) =      13.000  TEMP(K) =    74.91  PRESS =     0.0
 Etot   =   -178853.9289  EKtot   =      7488.8504  EPtot      =   -186342.7794
 BOND   =       280.3201  ANGLE   =       898.8841  DIHED      =      3199.0372
 1-4 NB =       977.2043  1-4 EEL =     11251.0380  VDWAALS    =     31769.1919
 EELEC  =   -235072.1211  EHBOND  =         0.0000  RESTRAINT  =       353.6661
 EAMBER (non-restraint)  =   -186696.4455
 Ewald error estimate:   0.3396E-03
 ------------------------------------------------------------------------------

 NMR restraints: Bond =    0.000   Angle =     0.000   Torsion =     0.000
===============================================================================

 NSTEP =     7000   TIME(PS) =      14.000  TEMP(K) =    81.17  PRESS =     0.0
 Etot   =   -177709.3135  EKtot   =      8114.3103  EPtot      =   -185823.6238
 BOND   =       271.5090  ANGLE   =       931.2493  DIHED      =      3205.1176
 1-4 NB =       983.9910  1-4 EEL =     11278.6170  VDWAALS    =     31641.1138
 EELEC  =   -234487.3933  EHBOND  =         0.0000  RESTRAINT  =       352.1717
 EAMBER (non-restraint)  =   -186175.7956
 Ewald error estimate:   0.3362E-03
 ------------------------------------------------------------------------------

 NMR restraints: Bond =    0.000   Angle =     0.000   Torsion =     0.000
===============================================================================

 NSTEP =     7500   TIME(PS) =      15.000  TEMP(K) =    87.28  PRESS =     0.0
 Etot   =   -176613.7367  EKtot   =      8725.6803  EPtot      =   -185339.4170
 BOND   =       292.3530  ANGLE   =       952.7080  DIHED      =      3226.7258
 1-4 NB =       977.0584  1-4 EEL =     11271.0350  VDWAALS    =     31480.2459
 EELEC  =   -233897.6197  EHBOND  =         0.0000  RESTRAINT  =       358.0766
 EAMBER (non-restraint)  =   -185697.4936
 Ewald error estimate:   0.3278E-03
 ------------------------------------------------------------------------------

 NMR restraints: Bond =    0.000   Angle =     0.000   Torsion =     0.000
===============================================================================

 NSTEP =     8000   TIME(PS) =      16.000  TEMP(K) =    92.97  PRESS =     0.0
 Etot   =   -175535.7894  EKtot   =      9293.6934  EPtot      =   -184829.4827
 BOND   =       310.5008  ANGLE   =       990.3688  DIHED      =      3220.5722
 1-4 NB =       983.9582  1-4 EEL =     11268.8469  VDWAALS    =     31208.2198
 EELEC  =   -233171.7191  EHBOND  =         0.0000  RESTRAINT  =       359.7696
 EAMBER (non-restraint)  =   -185189.2524
 Ewald error estimate:   0.3495E-03
 ------------------------------------------------------------------------------

 NMR restraints: Bond =    0.000   Angle =     0.000   Torsion =     0.000
===============================================================================

 NSTEP =     8500   TIME(PS) =      17.000  TEMP(K) =    99.06  PRESS =     0.0
 Etot   =   -174459.2777  EKtot   =      9902.4926  EPtot      =   -184361.7702
 BOND   =       342.1309  ANGLE   =       999.1709  DIHED      =      3228.1898
 1-4 NB =       979.8809  1-4 EEL =     11248.8440  VDWAALS    =     31007.4357
 EELEC  =   -232534.2682  EHBOND  =         0.0000  RESTRAINT  =       366.8459
 EAMBER (non-restraint)  =   -184728.6162
 Ewald error estimate:   0.3292E-03
 ------------------------------------------------------------------------------

 NMR restraints: Bond =    0.000   Angle =     0.000   Torsion =     0.000
===============================================================================

 NSTEP =     9000   TIME(PS) =      18.000  TEMP(K) =   105.06  PRESS =     0.0
 Etot   =   -173300.5393  EKtot   =     10502.8272  EPtot      =   -183803.3665
 BOND   =       347.2408  ANGLE   =      1052.0701  DIHED      =      3241.5268
 1-4 NB =       990.9721  1-4 EEL =     11260.2264  VDWAALS    =     30928.0427
 EELEC  =   -231992.4872  EHBOND  =         0.0000  RESTRAINT  =       369.0419
 EAMBER (non-restraint)  =   -184172.4084
 Ewald error estimate:   0.2924E-03
 ------------------------------------------------------------------------------

 NMR restraints: Bond =    0.000   Angle =     0.000   Torsion =     0.000
===============================================================================

 NSTEP =     9500   TIME(PS) =      19.000  TEMP(K) =   111.26  PRESS =     0.0
 Etot   =   -172162.1022  EKtot   =     11122.7993  EPtot      =   -183284.9015
 BOND   =       340.2549  ANGLE   =      1097.2956  DIHED      =      3248.5109
 1-4 NB =       999.8615  1-4 EEL =     11260.1611  VDWAALS    =     30491.5535
 EELEC  =   -231095.4894  EHBOND  =         0.0000  RESTRAINT  =       372.9503
 EAMBER (non-restraint)  =   -183657.8518
 Ewald error estimate:   0.2950E-03
 ------------------------------------------------------------------------------

 NMR restraints: Bond =    0.000   Angle =     0.000   Torsion =     0.000
===============================================================================

 NSTEP =    10000   TIME(PS) =      20.000  TEMP(K) =   117.72  PRESS =     0.0
 Etot   =   -170924.1974  EKtot   =     11768.5942  EPtot      =   -182692.7916
 BOND   =       368.5348  ANGLE   =      1110.9969  DIHED      =      3250.6121
 1-4 NB =      1005.5978  1-4 EEL =     11247.9690  VDWAALS    =     30462.2125
 EELEC  =   -230521.1713  EHBOND  =         0.0000  RESTRAINT  =       382.4565
 EAMBER (non-restraint)  =   -183075.2481
 Ewald error estimate:   0.3416E-03
 ------------------------------------------------------------------------------

 NMR restraints: Bond =    0.000   Angle =     0.000   Torsion =     0.000
===============================================================================

 NSTEP =    10500   TIME(PS) =      21.000  TEMP(K) =   123.23  PRESS =     0.0
 Etot   =   -169893.9497  EKtot   =     12319.2633  EPtot      =   -182213.2131
 BOND   =       363.0595  ANGLE   =      1160.2241  DIHED      =      3259.3518
 1-4 NB =       995.6347  1-4 EEL =     11264.1831  VDWAALS    =     30461.8939
 EELEC  =   -230104.6772  EHBOND  =         0.0000  RESTRAINT  =       387.1171
 EAMBER (non-restraint)  =   -182600.3301
 Ewald error estimate:   0.2376E-03
 ------------------------------------------------------------------------------

 NMR restraints: Bond =    0.000   Angle =     0.000   Torsion =     0.000
===============================================================================

 NSTEP =    11000   TIME(PS) =      22.000  TEMP(K) =   128.82  PRESS =     0.0
 Etot   =   -168734.8570  EKtot   =     12877.9709  EPtot      =   -181612.8279
 BOND   =       379.3612  ANGLE   =      1165.0932  DIHED      =      3265.6439
 1-4 NB =      1000.9367  1-4 EEL =     11293.4188  VDWAALS    =     29970.4457
 EELEC  =   -229104.5309  EHBOND  =         0.0000  RESTRAINT  =       416.8034
 EAMBER (non-restraint)  =   -182029.6313
 Ewald error estimate:   0.2558E-03
 ------------------------------------------------------------------------------

 NMR restraints: Bond =    0.000   Angle =     0.000   Torsion =     0.000
===============================================================================

 NSTEP =    11500   TIME(PS) =      23.000  TEMP(K) =   135.19  PRESS =     0.0
 Etot   =   -167534.2730  EKtot   =     13514.5103  EPtot      =   -181048.7832
 BOND   =       414.7067  ANGLE   =      1226.3828  DIHED      =      3265.5481
 1-4 NB =       989.6957  1-4 EEL =     11266.1694  VDWAALS    =     29706.1868
 EELEC  =   -228331.2738  EHBOND  =         0.0000  RESTRAINT  =       413.8010
 EAMBER (non-restraint)  =   -181462.5842
 Ewald error estimate:   0.2031E-03
 ------------------------------------------------------------------------------

 NMR restraints: Bond =    0.000   Angle =     0.000   Torsion =     0.000
===============================================================================

 NSTEP =    12000   TIME(PS) =      24.000  TEMP(K) =   139.95  PRESS =     0.0
 Etot   =   -166382.1146  EKtot   =     13990.3276  EPtot      =   -180372.4422
 BOND   =       416.6404  ANGLE   =      1235.7533  DIHED      =      3290.9746
 1-4 NB =      1006.0011  1-4 EEL =     11249.7468  VDWAALS    =     29645.2319
 EELEC  =   -227629.3542  EHBOND  =         0.0000  RESTRAINT  =       412.5640
 EAMBER (non-restraint)  =   -180785.0062
 Ewald error estimate:   0.1915E-03
 ------------------------------------------------------------------------------

 NMR restraints: Bond =    0.000   Angle =     0.000   Torsion =     0.000
===============================================================================

 NSTEP =    12500   TIME(PS) =      25.000  TEMP(K) =   147.58  PRESS =     0.0
 Etot   =   -165160.9837  EKtot   =     14753.6785  EPtot      =   -179914.6622
 BOND   =       445.3138  ANGLE   =      1286.5081  DIHED      =      3281.5680
 1-4 NB =       994.7547  1-4 EEL =     11252.2169  VDWAALS    =     29271.7430
 EELEC  =   -226861.8100  EHBOND  =         0.0000  RESTRAINT  =       415.0432
 EAMBER (non-restraint)  =   -180329.7055
 Ewald error estimate:   0.1647E-03
 ------------------------------------------------------------------------------

 NMR restraints: Bond =    0.000   Angle =     0.000   Torsion =     0.000
===============================================================================

 NSTEP =    13000   TIME(PS) =      26.000  TEMP(K) =   153.25  PRESS =     0.0
 Etot   =   -163755.0400  EKtot   =     15320.1178  EPtot      =   -179075.1577
 BOND   =       435.7327  ANGLE   =      1278.1827  DIHED      =      3295.9464
 1-4 NB =      1002.4851  1-4 EEL =     11267.3048  VDWAALS    =     28896.6037
 EELEC  =   -225690.5164  EHBOND  =         0.0000  RESTRAINT  =       439.1033
 EAMBER (non-restraint)  =   -179514.2610
 Ewald error estimate:   0.1693E-03
 ------------------------------------------------------------------------------

 NMR restraints: Bond =    0.000   Angle =     0.000   Torsion =     0.000
===============================================================================

 NSTEP =    13500   TIME(PS) =      27.000  TEMP(K) =   160.03  PRESS =     0.0
 Etot   =   -162595.0597  EKtot   =     15997.6292  EPtot      =   -178592.6889
 BOND   =       480.2079  ANGLE   =      1342.6748  DIHED      =      3297.9951
 1-4 NB =      1005.7434  1-4 EEL =     11281.0544  VDWAALS    =     28927.7564
 EELEC  =   -225363.6371  EHBOND  =         0.0000  RESTRAINT  =       435.5163
 EAMBER (non-restraint)  =   -179028.2053
 Ewald error estimate:   0.1869E-03
 ------------------------------------------------------------------------------

 NMR restraints: Bond =    0.000   Angle =     0.000   Torsion =     0.000
===============================================================================

 NSTEP =    14000   TIME(PS) =      28.000  TEMP(K) =   163.85  PRESS =     0.0
 Etot   =   -161514.8709  EKtot   =     16380.0851  EPtot      =   -177894.9560
 BOND   =       469.9690  ANGLE   =      1363.7179  DIHED      =      3306.7769
 1-4 NB =      1008.0703  1-4 EEL =     11269.6886  VDWAALS    =     28391.1720
 EELEC  =   -224150.2504  EHBOND  =         0.0000  RESTRAINT  =       445.8995
 EAMBER (non-restraint)  =   -178340.8556
 Ewald error estimate:   0.1904E-03
 ------------------------------------------------------------------------------

 NMR restraints: Bond =    0.000   Angle =     0.000   Torsion =     0.000
===============================================================================

 NSTEP =    14500   TIME(PS) =      29.000  TEMP(K) =   170.64  PRESS =     0.0
 Etot   =   -160154.3254  EKtot   =     17058.5292  EPtot      =   -177212.8546
 BOND   =       500.0025  ANGLE   =      1409.4335  DIHED      =      3305.7555
 1-4 NB =      1017.4740  1-4 EEL =     11287.4276  VDWAALS    =     27932.2502
 EELEC  =   -223093.9542  EHBOND  =         0.0000  RESTRAINT  =       428.7564
 EAMBER (non-restraint)  =   -177641.6110
 Ewald error estimate:   0.2167E-03
 ------------------------------------------------------------------------------

 NMR restraints: Bond =    0.000   Angle =     0.000   Torsion =     0.000
===============================================================================

 NSTEP =    15000   TIME(PS) =      30.000  TEMP(K) =   175.37  PRESS =     0.0
 Etot   =   -158935.6612  EKtot   =     17531.5486  EPtot      =   -176467.2098
 BOND   =       511.5048  ANGLE   =      1434.6891  DIHED      =      3325.1712
 1-4 NB =      1022.1402  1-4 EEL =     11283.4131  VDWAALS    =     27503.7445
 EELEC  =   -221992.8445  EHBOND  =         0.0000  RESTRAINT  =       444.9717
 EAMBER (non-restraint)  =   -176912.1815
 Ewald error estimate:   0.1973E-03
 ------------------------------------------------------------------------------

 NMR restraints: Bond =    0.000   Angle =     0.000   Torsion =     0.000
===============================================================================

 NSTEP =    15500   TIME(PS) =      31.000  TEMP(K) =   181.66  PRESS =     0.0
 Etot   =   -157618.5197  EKtot   =     18160.5212  EPtot      =   -175779.0409
 BOND   =       502.5595  ANGLE   =      1439.7576  DIHED      =      3328.6122
 1-4 NB =      1015.0964  1-4 EEL =     11271.4990  VDWAALS    =     27488.4928
 EELEC  =   -221274.4196  EHBOND  =         0.0000  RESTRAINT  =       449.3611
 EAMBER (non-restraint)  =   -176228.4020
 Ewald error estimate:   0.2244E-03
 ------------------------------------------------------------------------------

 NMR restraints: Bond =    0.000   Angle =     0.000   Torsion =     0.000
===============================================================================

 NSTEP =    16000   TIME(PS) =      32.000  TEMP(K) =   188.33  PRESS =     0.0
 Etot   =   -156056.1270  EKtot   =     18827.3317  EPtot      =   -174883.4587
 BOND   =       524.7362  ANGLE   =      1504.1064  DIHED      =      3316.4473
 1-4 NB =      1017.8194  1-4 EEL =     11250.2585  VDWAALS    =     27163.1587
 EELEC  =   -220128.2369  EHBOND  =         0.0000  RESTRAINT  =       468.2517
 EAMBER (non-restraint)  =   -175351.7105
 Ewald error estimate:   0.1475E-03
 ------------------------------------------------------------------------------

 NMR restraints: Bond =    0.000   Angle =     0.000   Torsion =     0.000
===============================================================================

 NSTEP =    16500   TIME(PS) =      33.000  TEMP(K) =   193.99  PRESS =     0.0
 Etot   =   -154695.9813  EKtot   =     19392.9288  EPtot      =   -174088.9100
 BOND   =       538.1320  ANGLE   =      1481.6990  DIHED      =      3341.7189
 1-4 NB =      1038.8868  1-4 EEL =     11293.4524  VDWAALS    =     26980.3530
 EELEC  =   -219231.4282  EHBOND  =         0.0000  RESTRAINT  =       468.2760
 EAMBER (non-restraint)  =   -174557.1860
 Ewald error estimate:   0.7608E-04
 ------------------------------------------------------------------------------

 NMR restraints: Bond =    0.000   Angle =     0.000   Torsion =     0.000
===============================================================================

 NSTEP =    17000   TIME(PS) =      34.000  TEMP(K) =   199.82  PRESS =     0.0
 Etot   =   -153160.1496  EKtot   =     19976.1738  EPtot      =   -173136.3234
 BOND   =       520.1134  ANGLE   =      1524.4981  DIHED      =      3341.6986
 1-4 NB =      1020.6475  1-4 EEL =     11268.4598  VDWAALS    =     26151.2747
 EELEC  =   -217444.5924  EHBOND  =         0.0000  RESTRAINT  =       481.5769
 EAMBER (non-restraint)  =   -173617.9003
 Ewald error estimate:   0.1118E-03
 ------------------------------------------------------------------------------

 NMR restraints: Bond =    0.000   Angle =     0.000   Torsion =     0.000
===============================================================================

 NSTEP =    17500   TIME(PS) =      35.000  TEMP(K) =   207.09  PRESS =     0.0
 Etot   =   -151611.6392  EKtot   =     20702.5696  EPtot      =   -172314.2088
 BOND   =       570.9155  ANGLE   =      1550.8647  DIHED      =      3339.1124
 1-4 NB =      1029.4838  1-4 EEL =     11244.8705  VDWAALS    =     26109.5522
 EELEC  =   -216641.5120  EHBOND  =         0.0000  RESTRAINT  =       482.5040
 EAMBER (non-restraint)  =   -172796.7128
 Ewald error estimate:   0.1875E-03
 ------------------------------------------------------------------------------

 NMR restraints: Bond =    0.000   Angle =     0.000   Torsion =     0.000
===============================================================================

 NSTEP =    18000   TIME(PS) =      36.000  TEMP(K) =   212.01  PRESS =     0.0
 Etot   =   -149891.1955  EKtot   =     21194.3957  EPtot      =   -171085.5912
 BOND   =       596.3826  ANGLE   =      1612.1644  DIHED      =      3348.5385
 1-4 NB =      1022.0577  1-4 EEL =     11250.1692  VDWAALS    =     25293.3906
 EELEC  =   -214699.0237  EHBOND  =         0.0000  RESTRAINT  =       490.7294
 EAMBER (non-restraint)  =   -171576.3206
 Ewald error estimate:   0.1491E-03
 ------------------------------------------------------------------------------

 NMR restraints: Bond =    0.000   Angle =     0.000   Torsion =     0.000
===============================================================================

 NSTEP =    18500   TIME(PS) =      37.000  TEMP(K) =   217.32  PRESS =     0.0
 Etot   =   -148366.7343  EKtot   =     21725.4720  EPtot      =   -170092.2063
 BOND   =       604.0070  ANGLE   =      1661.8796  DIHED      =      3367.5965
 1-4 NB =      1030.2008  1-4 EEL =     11260.3826  VDWAALS    =     25186.5096
 EELEC  =   -213672.5824  EHBOND  =         0.0000  RESTRAINT  =       469.7999
 EAMBER (non-restraint)  =   -170562.0062
 Ewald error estimate:   0.1660E-03
 ------------------------------------------------------------------------------

 NMR restraints: Bond =    0.000   Angle =     0.000   Torsion =     0.000
===============================================================================

 NSTEP =    19000   TIME(PS) =      38.000  TEMP(K) =   223.43  PRESS =     0.0
 Etot   =   -146681.6589  EKtot   =     22335.7359  EPtot      =   -169017.3947
 BOND   =       624.8542  ANGLE   =      1671.6383  DIHED      =      3354.9582
 1-4 NB =      1022.1170  1-4 EEL =     11235.9270  VDWAALS    =     24575.0574
 EELEC  =   -212007.4079  EHBOND  =         0.0000  RESTRAINT  =       505.4610
 EAMBER (non-restraint)  =   -169522.8558
 Ewald error estimate:   0.4380E-04
 ------------------------------------------------------------------------------

 NMR restraints: Bond =    0.000   Angle =     0.000   Torsion =     0.000
===============================================================================

 NSTEP =    19500   TIME(PS) =      39.000  TEMP(K) =   228.79  PRESS =     0.0
 Etot   =   -144931.3328  EKtot   =     22871.3600  EPtot      =   -167802.6928
 BOND   =       599.2565  ANGLE   =      1704.1367  DIHED      =      3387.0985
 1-4 NB =      1031.3387  1-4 EEL =     11280.4506  VDWAALS    =     24230.7022
 EELEC  =   -210531.2295  EHBOND  =         0.0000  RESTRAINT  =       495.5534
 EAMBER (non-restraint)  =   -168298.2462
 Ewald error estimate:   0.1425E-03
 ------------------------------------------------------------------------------

 NMR restraints: Bond =    0.000   Angle =     0.000   Torsion =     0.000
===============================================================================

 NSTEP =    20000   TIME(PS) =      40.000  TEMP(K) =   235.41  PRESS =     0.0
 Etot   =   -142949.5177  EKtot   =     23533.3459  EPtot      =   -166482.8637
 BOND   =       606.1319  ANGLE   =      1779.8198  DIHED      =      3369.3067
 1-4 NB =      1042.3315  1-4 EEL =     11250.7283  VDWAALS    =     23724.8249
 EELEC  =   -208750.9228  EHBOND  =         0.0000  RESTRAINT  =       494.9160
 EAMBER (non-restraint)  =   -166977.7797
 Ewald error estimate:   0.7156E-04
 ------------------------------------------------------------------------------

 NMR restraints: Bond =    0.000   Angle =     0.000   Torsion =     0.000
===============================================================================

 NSTEP =    20500   TIME(PS) =      41.000  TEMP(K) =   240.87  PRESS =     0.0
 Etot   =   -140808.9594  EKtot   =     24079.8175  EPtot      =   -164888.7768
 BOND   =       664.4792  ANGLE   =      1763.0239  DIHED      =      3368.9700
 1-4 NB =      1047.6375  1-4 EEL =     11258.1231  VDWAALS    =     23052.5952
 EELEC  =   -206560.6575  EHBOND  =         0.0000  RESTRAINT  =       517.0517
 EAMBER (non-restraint)  =   -165405.8285
 Ewald error estimate:   0.3718E-04
 ------------------------------------------------------------------------------

 NMR restraints: Bond =    0.000   Angle =     0.000   Torsion =     0.000
===============================================================================

 NSTEP =    21000   TIME(PS) =      42.000  TEMP(K) =   249.23  PRESS =     0.0
 Etot   =   -138799.2272  EKtot   =     24915.5214  EPtot      =   -163714.7487
 BOND   =       641.7915  ANGLE   =      1806.7131  DIHED      =      3411.2681
 1-4 NB =      1040.0485  1-4 EEL =     11289.3403  VDWAALS    =     22281.8010
 EELEC  =   -204708.6910  EHBOND  =         0.0000  RESTRAINT  =       522.9798
 EAMBER (non-restraint)  =   -164237.7285
 Ewald error estimate:   0.6590E-05
 ------------------------------------------------------------------------------

 NMR restraints: Bond =    0.000   Angle =     0.000   Torsion =     0.000
===============================================================================

 NSTEP =    21500   TIME(PS) =      43.000  TEMP(K) =   252.16  PRESS =     0.0
 Etot   =   -137218.2033  EKtot   =     25208.5057  EPtot      =   -162426.7090
 BOND   =       653.5248  ANGLE   =      1837.5228  DIHED      =      3413.9651
 1-4 NB =      1044.1252  1-4 EEL =     11258.1081  VDWAALS    =     21931.8239
 EELEC  =   -203073.2847  EHBOND  =         0.0000  RESTRAINT  =       507.5058
 EAMBER (non-restraint)  =   -162934.2148
 Ewald error estimate:   0.1154E-03
 ------------------------------------------------------------------------------

 NMR restraints: Bond =    0.000   Angle =     0.000   Torsion =     0.000
===============================================================================

 NSTEP =    22000   TIME(PS) =      44.000  TEMP(K) =   259.00  PRESS =     0.0
 Etot   =   -135262.4848  EKtot   =     25891.4778  EPtot      =   -161153.9626
 BOND   =       667.3282  ANGLE   =      1842.7447  DIHED      =      3413.8111
 1-4 NB =      1068.1381  1-4 EEL =     11283.4206  VDWAALS    =     21983.6658
 EELEC  =   -201952.8719  EHBOND  =         0.0000  RESTRAINT  =       539.8008
 EAMBER (non-restraint)  =   -161693.7634
 Ewald error estimate:   0.3821E-05
 ------------------------------------------------------------------------------

 NMR restraints: Bond =    0.000   Angle =     0.000   Torsion =     0.000
===============================================================================

 NSTEP =    22500   TIME(PS) =      45.000  TEMP(K) =   265.38  PRESS =     0.0
 Etot   =   -133364.9974  EKtot   =     26530.0571  EPtot      =   -159895.0546
 BOND   =       708.8637  ANGLE   =      1899.9333  DIHED      =      3391.4385
 1-4 NB =      1052.7353  1-4 EEL =     11194.5020  VDWAALS    =     21025.1277
 EELEC  =   -199747.0972  EHBOND  =         0.0000  RESTRAINT  =       579.4421
 EAMBER (non-restraint)  =   -160474.4967
 Ewald error estimate:   0.6695E-04
 ------------------------------------------------------------------------------

 NMR restraints: Bond =    0.000   Angle =     0.000   Torsion =     0.000
===============================================================================

 NSTEP =    23000   TIME(PS) =      46.000  TEMP(K) =   273.34  PRESS =     0.0
 Etot   =   -131011.0347  EKtot   =     27325.3659  EPtot      =   -158336.4005
 BOND   =       699.7668  ANGLE   =      1959.3924  DIHED      =      3439.5212
 1-4 NB =      1055.3137  1-4 EEL =     11254.3637  VDWAALS    =     20591.8897
 EELEC  =   -197894.0826  EHBOND  =         0.0000  RESTRAINT  =       557.4345
 EAMBER (non-restraint)  =   -158893.8350
 Ewald error estimate:   0.8142E-05
 ------------------------------------------------------------------------------

 NMR restraints: Bond =    0.000   Angle =     0.000   Torsion =     0.000
===============================================================================

 NSTEP =    23500   TIME(PS) =      47.000  TEMP(K) =   278.67  PRESS =     0.0
 Etot   =   -129391.1034  EKtot   =     27857.9053  EPtot      =   -157249.0087
 BOND   =       728.4261  ANGLE   =      2000.4540  DIHED      =      3425.4986
 1-4 NB =      1056.1876  1-4 EEL =     11256.1991  VDWAALS    =     20111.8880
 EELEC  =   -196389.5306  EHBOND  =         0.0000  RESTRAINT  =       561.8684
 EAMBER (non-restraint)  =   -157810.8771
 Ewald error estimate:   0.4333E-04
 ------------------------------------------------------------------------------

 NMR restraints: Bond =    0.000   Angle =     0.000   Torsion =     0.000
===============================================================================

 NSTEP =    24000   TIME(PS) =      48.000  TEMP(K) =   282.77  PRESS =     0.0
 Etot   =   -127867.4156  EKtot   =     28268.5430  EPtot      =   -156135.9586
 BOND   =       755.9406  ANGLE   =      2004.5296  DIHED      =      3446.9031
 1-4 NB =      1054.1567  1-4 EEL =     11224.6596  VDWAALS    =     20017.4482
 EELEC  =   -195229.5457  EHBOND  =         0.0000  RESTRAINT  =       589.9492
 EAMBER (non-restraint)  =   -156725.9079
 Ewald error estimate:   0.2722E-04
 ------------------------------------------------------------------------------

 NMR restraints: Bond =    0.000   Angle =     0.000   Torsion =     0.000
===============================================================================

 NSTEP =    24500   TIME(PS) =      49.000  TEMP(K) =   289.97  PRESS =     0.0
 Etot   =   -125803.9707  EKtot   =     28987.7950  EPtot      =   -154791.7657
 BOND   =       799.3243  ANGLE   =      1992.0819  DIHED      =      3462.9338
 1-4 NB =      1065.8114  1-4 EEL =     11236.1574  VDWAALS    =     19633.2118
 EELEC  =   -193570.7846  EHBOND  =         0.0000  RESTRAINT  =       589.4983
 EAMBER (non-restraint)  =   -155381.2640
 Ewald error estimate:   0.6303E-04
 ------------------------------------------------------------------------------

 NMR restraints: Bond =    0.000   Angle =     0.000   Torsion =     0.000
===============================================================================

 NSTEP =    25000   TIME(PS) =      50.000  TEMP(K) =   296.33  PRESS =     0.0
 Etot   =   -123845.6189  EKtot   =     29624.0149  EPtot      =   -153469.6338
 BOND   =       738.5149  ANGLE   =      2055.9740  DIHED      =      3472.0669
 1-4 NB =      1074.2551  1-4 EEL =     11251.0466  VDWAALS    =     18944.0651
 EELEC  =   -191599.6653  EHBOND  =         0.0000  RESTRAINT  =       594.1090
 EAMBER (non-restraint)  =   -154063.7427
 Ewald error estimate:   0.7291E-04
 ------------------------------------------------------------------------------

 NMR restraints: Bond =    0.000   Angle =     0.000   Torsion =     0.000
===============================================================================

      A V E R A G E S   O V E R      50 S T E P S


 NSTEP =    25000   TIME(PS) =      50.000  TEMP(K) =   150.77  PRESS =     0.0
 Etot   =   -161736.1840  EKtot   =     15071.8504  EPtot      =   -176808.0344
 BOND   =       439.7936  ANGLE   =      1288.8404  DIHED      =      3287.6840
 1-4 NB =      1006.0268  1-4 EEL =     11262.2346  VDWAALS    =     27932.3430
 EELEC  =   -222449.2027  EHBOND  =         0.0000  RESTRAINT  =       424.2457
 EAMBER (non-restraint)  =   -177232.2802
 Ewald error estimate:   0.2037E-03
 ------------------------------------------------------------------------------

 NMR restraints: Bond =    0.000   Angle =     0.000   Torsion =     0.000
===============================================================================

      R M S  F L U C T U A T I O N S


 NSTEP =    25000   TIME(PS) =      50.000  TEMP(K) =    84.18  PRESS =     0.0
 Etot   =     19153.6815  EKtot   =      8414.9237  EPtot      =     10855.6617
 BOND   =       191.5508  ANGLE   =       449.6902  DIHED      =        97.2914
 1-4 NB =        34.7495  1-4 EEL =        18.5085  VDWAALS    =      4334.4239
 EELEC  =     14353.3788  EHBOND  =         0.0000  RESTRAINT  =        91.3600
 EAMBER (non-restraint)  =     10764.3017
 Ewald error estimate:   0.1137E-03
 ------------------------------------------------------------------------------


 NMR restraints on final step:

--------------------------------------------------------------------------------
   5.  TIMINGS
--------------------------------------------------------------------------------

|  NonSetup CPU Time in Major Routines, Average for All Tasks:
|
|     Routine           Sec        %
|     ------------------------------
|     DataDistrib     970.84   50.58
|     Nonbond         933.56   48.64
|     Bond              0.08    0.00
|     Angle             0.75    0.04
|     Dihedral          3.86    0.20
|     Shake             1.36    0.07
|     RunMD             8.61    0.45
|     Other             0.41    0.02
|     ------------------------------
|     Total          1919.47

|  PME Nonbond Pairlist CPU Time, Average for All Tasks:
|
|     Routine              Sec        %
|     ---------------------------------
|     Set Up Cit           7.18    0.37
|     Build List           9.62    0.50
|     ---------------------------------
|     Total               16.81    0.88

|  PME Direct Force CPU Time, Average for All Tasks:
|
|     Routine              Sec        %
|     ---------------------------------
|     NonBonded Calc      84.52    4.40
|     Exclude Masked       2.96    0.15
|     Other                7.30    0.38
|     ---------------------------------
|     Total               94.78    4.94

|  PME Reciprocal Force CPU Time, Average for All Tasks:
|
|     Routine              Sec        %
|     ---------------------------------
|     1D bspline           6.17    0.32
|     Grid Charges         5.00    0.26
|     Scalar Sum           0.99    0.05
|     Gradient Sum         3.97    0.21
|     FFT                804.88   41.93
|     ---------------------------------
|     Total              821.01   42.77

|  PME Load Balancing CPU Time, Average for All Tasks:
|
|     Routine                 Sec        %
|     ------------------------------------
|     Atom Reassign           0.04    0.00
|     Image Reassign          0.86    0.04
|     FFT Reassign            0.05    0.00
|     ------------------------------------
|     Total                   0.94    0.05

|  Final Performance Info:
|     -----------------------------------------------------
|     Average timings for last       1 steps:
|     Elapsed(s) =       0.03 Per Step(ms) =      25.18
|         ns/day =       6.86   seconds/ns =   12591.92
|
|     Average timings for all steps:
|     Elapsed(s) =    1921.87 Per Step(ms) =      76.87
|         ns/day =       2.25   seconds/ns =   38437.42
|     -----------------------------------------------------

|  Master Setup CPU time:            0.70 seconds
|  Master NonSetup CPU time:      1917.12 seconds
|  Master Total CPU time:         1917.82 seconds     0.53 hours

|  Master Setup wall time:           2    seconds
|  Master NonSetup wall time:     1922    seconds
|  Master Total wall time:        1924    seconds     0.53 hours
