log started: Mon Mar 13 15:28:53 2023

Log file: ./leap.log
>> #
>> # ----- leaprc for loading the ff14SB force field
>> # ----- NOTE: this is designed for PDB format 3!
>> #
>> #	load atom type hybridizations
>> #
>> addAtomTypes {
>> 	{ "H"   "H" "sp3" }
>> 	{ "HO"  "H" "sp3" }
>> 	{ "HS"  "H" "sp3" }
>> 	{ "H1"  "H" "sp3" }
>> 	{ "H2"  "H" "sp3" }
>> 	{ "H3"  "H" "sp3" }
>> 	{ "H4"  "H" "sp3" }
>> 	{ "H5"  "H" "sp3" }
>> 	{ "HW"  "H" "sp3" }
>> 	{ "HC"  "H" "sp3" }
>> 	{ "HA"  "H" "sp3" }
>> 	{ "HP"  "H" "sp3" }
>> 	{ "HZ"  "H" "sp3" }
>> 	{ "OH"  "O" "sp3" }
>> 	{ "OS"  "O" "sp3" }
>> 	{ "O"   "O" "sp2" }
>> 	{ "O2"  "O" "sp2" }
>> 	{ "OP"  "O" "sp2" }
>> 	{ "OW"  "O" "sp3" }
>> 	{ "CT"  "C" "sp3" }
>> 	{ "CX"  "C" "sp3" }
>> 	{ "C8"  "C" "sp3" }
>> 	{ "2C"  "C" "sp3" }
>> 	{ "3C"  "C" "sp3" }
>> 	{ "CH"  "C" "sp3" }
>> 	{ "CS"  "C" "sp2" }
>> 	{ "C"   "C" "sp2" }
>> 	{ "CO"   "C" "sp2" }
>> 	{ "C*"  "C" "sp2" }
>> 	{ "CA"  "C" "sp2" }
>> 	{ "CB"  "C" "sp2" }
>> 	{ "CC"  "C" "sp2" }
>> 	{ "CN"  "C" "sp2" }
>> 	{ "CM"  "C" "sp2" }
>> 	{ "CK"  "C" "sp2" }
>> 	{ "CQ"  "C" "sp2" }
>> 	{ "CD"  "C" "sp2" }
>> 	{ "C5"  "C" "sp2" }
>> 	{ "C4"  "C" "sp2" }
>> 	{ "CP"  "C" "sp2" }
>> 	{ "CI"  "C" "sp3" }
>> 	{ "CJ"  "C" "sp2" }
>> 	{ "CW"  "C" "sp2" }
>> 	{ "CV"  "C" "sp2" }
>> 	{ "CR"  "C" "sp2" }
>> 	{ "CA"  "C" "sp2" }
>> 	{ "CY"  "C" "sp2" }
>> 	{ "C0"  "Ca" "sp3" }
>> 	{ "MG"  "Mg" "sp3" }
>> 	{ "N"   "N" "sp2" }
>> 	{ "NA"  "N" "sp2" }
>> 	{ "N2"  "N" "sp2" }
>> 	{ "N*"  "N" "sp2" }
>> 	{ "NP"  "N" "sp2" }
>> 	{ "NQ"  "N" "sp2" }
>> 	{ "NB"  "N" "sp2" }
>> 	{ "NC"  "N" "sp2" }
>> 	{ "NT"  "N" "sp3" }
>> 	{ "NY"  "N" "sp2" }
>> 	{ "N3"  "N" "sp3" }
>> 	{ "S"   "S" "sp3" }
>> 	{ "SH"  "S" "sp3" }
>> 	{ "P"   "P" "sp3" }
>> 	{ "LP"  ""  "sp3" }
>> 	{ "EP"  ""  "sp3" }
>> 	{ "F"   "F" "sp3" }
>> 	{ "Cl"  "Cl" "sp3" }
>> 	{ "Br"  "Br" "sp3" }
>> 	{ "I"   "I"  "sp3" }
>> }
>> #
>> #	Load the main parameter set.
>> #
>> parm10 = loadamberparams parm10.dat
Loading parameters: /usr/local/amber20/dat/leap/parm/parm10.dat
Reading title:
PARM99 + frcmod.ff99SB + frcmod.parmbsc0 + OL3 for RNA
>> frcmod14SB = loadamberparams frcmod.ff14SB
Loading parameters: /usr/local/amber20/dat/leap/parm/frcmod.ff14SB
Reading force field modification type file (frcmod)
Reading title:
ff14SB protein backbone and sidechain parameters
>> #
>> #	Load main chain and terminating amino acid libraries
>> #
>> loadOff amino12.lib
Loading library: /usr/local/amber20/dat/leap/lib/amino12.lib
Loading: ALA
Loading: ARG
Loading: ASH
Loading: ASN
Loading: ASP
Loading: CYM
Loading: CYS
Loading: CYX
Loading: GLH
Loading: GLN
Loading: GLU
Loading: GLY
Loading: HID
Loading: HIE
Loading: HIP
Loading: HYP
Loading: ILE
Loading: LEU
Loading: LYN
Loading: LYS
Loading: MET
Loading: PHE
Loading: PRO
Loading: SER
Loading: THR
Loading: TRP
Loading: TYR
Loading: VAL
>> loadOff aminoct12.lib
Loading library: /usr/local/amber20/dat/leap/lib/aminoct12.lib
Loading: CALA
Loading: CARG
Loading: CASN
Loading: CASP
Loading: CCYS
Loading: CCYX
Loading: CGLN
Loading: CGLU
Loading: CGLY
Loading: CHID
Loading: CHIE
Loading: CHIP
Loading: CHYP
Loading: CILE
Loading: CLEU
Loading: CLYS
Loading: CMET
Loading: CPHE
Loading: CPRO
Loading: CSER
Loading: CTHR
Loading: CTRP
Loading: CTYR
Loading: CVAL
Loading: NHE
Loading: NME
>> loadOff aminont12.lib
Loading library: /usr/local/amber20/dat/leap/lib/aminont12.lib
Loading: ACE
Loading: NALA
Loading: NARG
Loading: NASN
Loading: NASP
Loading: NCYS
Loading: NCYX
Loading: NGLN
Loading: NGLU
Loading: NGLY
Loading: NHID
Loading: NHIE
Loading: NHIP
Loading: NILE
Loading: NLEU
Loading: NLYS
Loading: NMET
Loading: NPHE
Loading: NPRO
Loading: NSER
Loading: NTHR
Loading: NTRP
Loading: NTYR
Loading: NVAL
>> 
>> #
>> #	Define the PDB name map for the amino acids
>> #
>> addPdbResMap {
>>   { 0 "HYP" "HYP" } { 1 "HYP" "CHYP" }
>>   { 0 "ALA" "NALA" } { 1 "ALA" "CALA" }
>>   { 0 "ARG" "NARG" } { 1 "ARG" "CARG" }
>>   { 0 "ASN" "NASN" } { 1 "ASN" "CASN" }
>>   { 0 "ASP" "NASP" } { 1 "ASP" "CASP" }
>>   { 0 "CYS" "NCYS" } { 1 "CYS" "CCYS" }
>>   { 0 "CYX" "NCYX" } { 1 "CYX" "CCYX" }
>>   { 0 "GLN" "NGLN" } { 1 "GLN" "CGLN" }
>>   { 0 "GLU" "NGLU" } { 1 "GLU" "CGLU" }
>>   { 0 "GLY" "NGLY" } { 1 "GLY" "CGLY" }
>>   { 0 "HID" "NHID" } { 1 "HID" "CHID" }
>>   { 0 "HIE" "NHIE" } { 1 "HIE" "CHIE" }
>>   { 0 "HIP" "NHIP" } { 1 "HIP" "CHIP" }
>>   { 0 "ILE" "NILE" } { 1 "ILE" "CILE" }
>>   { 0 "LEU" "NLEU" } { 1 "LEU" "CLEU" }
>>   { 0 "LYS" "NLYS" } { 1 "LYS" "CLYS" }
>>   { 0 "MET" "NMET" } { 1 "MET" "CMET" }
>>   { 0 "PHE" "NPHE" } { 1 "PHE" "CPHE" }
>>   { 0 "PRO" "NPRO" } { 1 "PRO" "CPRO" }
>>   { 0 "SER" "NSER" } { 1 "SER" "CSER" }
>>   { 0 "THR" "NTHR" } { 1 "THR" "CTHR" }
>>   { 0 "TRP" "NTRP" } { 1 "TRP" "CTRP" }
>>   { 0 "TYR" "NTYR" } { 1 "TYR" "CTYR" }
>>   { 0 "VAL" "NVAL" } { 1 "VAL" "CVAL" }
>>   { 0 "HIS" "NHIS" } { 1 "HIS" "CHIS" }
>> }
>> 
>> #
>> # assume that most often proteins use HIE
>> #
>> NHIS = NHIE
>> HIS = HIE
>> CHIS = CHIE
> 
> source leaprc.gaff2
----- Source: /usr/local/amber20/dat/leap/cmd/leaprc.gaff2
----- Source of /usr/local/amber20/dat/leap/cmd/leaprc.gaff2 done
>> logFile leap.log
log started: Mon Mar 13 15:28:53 2023

Log file: ./leap.log
>> #
>> # ----- leaprc for loading the general Amber Force field.
>> #       This file is mostly for use with Antechamber
>> #
>> #	load atom type hybridizations
>> #
>> addAtomTypes {
>> 	{ "h1"  "H" "sp3" }
>> 	{ "h2"  "H" "sp3" }
>> 	{ "h3"  "H" "sp3" }
>> 	{ "h4"  "H" "sp3" }
>> 	{ "h5"  "H" "sp3" }
>> 	{ "ha"  "H" "sp3" }
>> 	{ "hc"  "H" "sp3" }
>> 	{ "hn"  "H" "sp3" }
>> 	{ "ho"  "H" "sp3" }
>> 	{ "hp"  "H" "sp3" }
>> 	{ "hs"  "H" "sp3" }
>> 	{ "hw"  "H" "sp3" }
>> 	{ "hx"  "H" "sp3" }
>> 	{ "o"  "O" "sp2" }
>> 	{ "o2"  "O" "sp2" }
>> 	{ "oh"  "O" "sp3" }
>> 	{ "op"  "O" "sp3" }
>> 	{ "oq"  "O" "sp3" }
>> 	{ "os"  "O" "sp3" }
>> 	{ "ow"  "O" "sp3" }
>> 	{ "c"  "C" "sp2" }
>> 	{ "c1"  "C" "sp2" }
>> 	{ "c2"  "C" "sp2" }
>> 	{ "c3"  "C" "sp3" }
>> 	{ "ca"  "C" "sp2" }
>> 	{ "cc"  "C" "sp2" }
>> 	{ "cd"  "C" "sp2" }
>> 	{ "ce"  "C" "sp2" }
>> 	{ "cf"  "C" "sp2" }
>> 	{ "cg"  "C" "sp2" }
>> 	{ "ch"  "C" "sp2" }
>> 	{ "cp"  "C" "sp2" }
>> 	{ "cs"  "C" "sp2" }
>> 	{ "cq"  "C" "sp2" }
>> 	{ "cu"  "C" "sp2" }
>> 	{ "cv"  "C" "sp2" }
>> 	{ "cx"  "C" "sp2" }
>> 	{ "cy"  "C" "sp2" }
>> 	{ "cz"  "C" "sp2" }
>> 	{ "n"   "N" "sp2" }
>> 	{ "n1"  "N" "sp2" }
>> 	{ "n2"  "N" "sp2" }
>> 	{ "n3"  "N" "sp3" }
>> 	{ "n4"  "N" "sp3" }
>> 	{ "n5"  "N" "sp3" }
>> 	{ "n6"  "N" "sp3" }
>> 	{ "n7"  "N" "sp3" }
>> 	{ "n8"  "N" "sp3" }
>> 	{ "n9"  "N" "sp3" }
>> 	{ "na"  "N" "sp2" }
>> 	{ "nb"  "N" "sp2" }
>> 	{ "nc"  "N" "sp2" }
>> 	{ "nd"  "N" "sp2" }
>> 	{ "ne"  "N" "sp2" }
>> 	{ "nf"  "N" "sp2" }
>> 	{ "nh"  "N" "sp2" }
>> 	{ "ni"  "N" "sp2" }
>> 	{ "nj"  "N" "sp2" }
>> 	{ "nk"  "N" "sp3" }
>> 	{ "nl"  "N" "sp3" }
>> 	{ "nm"  "N" "sp2" }
>> 	{ "nn"  "N" "sp2" }
>> 	{ "no"  "N" "sp2" }
>> 	{ "np"  "N" "sp3" }
>> 	{ "nq"  "N" "sp3" }
>> 	{ "ns"  "N" "sp2" }
>> 	{ "nt"  "N" "sp2" }
>> 	{ "nu"  "N" "sp2" }
>> 	{ "nv"  "N" "sp2" }
>> 	{ "nx"  "N" "sp3" }
>> 	{ "ny"  "N" "sp3" }
>> 	{ "nz"  "N" "sp3" }
>> 	{ "n+"  "N" "sp3" }
>> 	{ "s"   "S" "sp2" }
>> 	{ "s2"   "S" "sp2" }
>> 	{ "s3"   "S" "sp3" }
>> 	{ "s4"   "S" "sp3" }
>> 	{ "s6"   "S" "sp3" }
>> 	{ "sh"   "S" "sp3" }
>> 	{ "sp"   "S" "sp3" }
>> 	{ "sq"   "S" "sp3" }
>> 	{ "ss"   "S" "sp3" }
>> 	{ "sx"   "S" "sp3" }
>> 	{ "sy"   "S" "sp3" }
>> 	{ "p2"   "P" "sp2" }
>> 	{ "p3"   "P" "sp3" }
>> 	{ "p4"   "P" "sp3" }
>> 	{ "p5"   "P" "sp3" }
>> 	{ "pb"   "P" "sp3" }
>> 	{ "pc"   "P" "sp3" }
>> 	{ "pd"   "P" "sp3" }
>> 	{ "pe"   "P" "sp3" }
>> 	{ "pf"   "P" "sp3" }
>> 	{ "px"   "P" "sp3" }
>> 	{ "py"   "P" "sp3" }
>> 	{ "f"   "F" "sp3" }
>> 	{ "cl"  "Cl" "sp3" }
>> 	{ "br"  "Br" "sp3" }
>> 	{ "i"   "I"  "sp3" }
>> }
>> #
>> #	Load the general force field parameter set.
>> #
>> gaff = loadamberparams gaff2.dat
Loading parameters: /usr/local/amber20/dat/leap/parm/gaff2.dat
Reading title:
AMBER General Force Field for organic molecules (Version 2.11, May 2016)
> 
> source leaprc.water.tip3p
----- Source: /usr/local/amber20/dat/leap/cmd/leaprc.water.tip3p
----- Source of /usr/local/amber20/dat/leap/cmd/leaprc.water.tip3p done
>> #
>> #       Load water and ions for TIP3P + Li/Merz monovalent ions 
>> #       + Joung-Chetham monovalent ions
>> #       + Li/Merz highly charged ions (+2 to +4, 12-6 normal usage set)
>> #
>> #       Note: the Li/Merz monovalent set is loaded only to get Tl+,
>> #          Cu+, Ag+ NH4+, H3O+.  Since we load Joung-Cheatham second,
>> #          the alkali halide parameters come from the Joung-Cheatham set
>> #
>> addAtomTypes {
>> 	{ "HW"  "H" "sp3" }
>> 	{ "OW"  "O" "sp3" }
>> 	{ "F-"   "F" "sp3" }
>> 	{ "Cl-"  "Cl" "sp3" }
>> 	{ "Br-"  "Br" "sp3" }
>> 	{ "I-"   "I"  "sp3" }
>> 	{ "Li+"  "Li"  "sp3" }
>> 	{ "Na+"  "Na"  "sp3" }
>> 	{ "K+"  "K"  "sp3" }
>> 	{ "Rb+"  "Rb"  "sp3" }
>> 	{ "Cs+"  "Cs"  "sp3" }
>> 	{ "Mg+"  "Mg"  "sp3" }
>>     { "Tl+"  "Tl"  "sp3" }
>>     { "Cu+"  "Cu"  "sp3" }
>>     { "Ag+"  "Ag"  "sp3" }
>>     { "NH4+"  "N"  "sp3" }
>>     { "H3O+"  "O"  "sp3" }
>>     { "Be2+" "Be"  "sp3" }
>>     { "Cu2+" "Cu"  "sp3" }
>>     { "Ni2+" "Ni"  "sp3" }
>>     { "Pt2+" "Pt"  "sp3" }
>>     { "Zn2+" "Zn"  "sp3" }
>>     { "Co2+" "Co"  "sp3" }
>>     { "Pd2+" "Pd"  "sp3" }
>>     { "Ag2+" "Ag"  "sp3" }
>>     { "Cr2+" "Cr"  "sp3" }
>>     { "Fe2+" "Fe"  "sp3" }
>>     { "Mg2+" "Mg"  "sp3" }
>>     { "V2+"  "V"   "sp3" }
>>     { "Mn2+" "Mn"  "sp3" }
>>     { "Hg2+" "Hg"  "sp3" }
>>     { "Cd2+" "Cd"  "sp3" }
>>     { "Yb2+" "Yb"  "sp3" }
>>     { "Ca2+" "Ca"  "sp3" }
>>     { "Sn2+" "Sn"  "sp3" }
>>     { "Pb2+" "Pb"  "sp3" }
>>     { "Eu2+" "Eu"  "sp3" }
>>     { "Sr2+" "Sr"  "sp3" }
>>     { "Sm2+" "Sm"  "sp3" }
>>     { "Ba2+" "Ba"  "sp3" }
>>     { "Ra2+" "Ra"  "sp3" }
>>     { "Al3+" "Al"  "sp3" }
>>     { "Fe3+" "Fe"  "sp3" }
>>     { "Cr3+" "Cr"  "sp3" }
>>     { "In3+" "In"  "sp3" }
>>     { "Tl3+" "Tl"  "sp3" }
>>     { "Y3+"  "Y"   "sp3" }
>>     { "La3+" "La"  "sp3" }
>>     { "Ce3+" "Ce"  "sp3" }
>>     { "Pr3+" "Pr"  "sp3" }
>>     { "Nd3+" "Nd"  "sp3" }
>>     { "Sm3+" "Sm"  "sp3" }
>>     { "Eu3+" "Eu"  "sp3" }
>>     { "Gd3+" "Gd"  "sp3" }
>>     { "Tb3+" "Tb"  "sp3" }
>>     { "Dy3+" "Dy"  "sp3" }
>>     { "Er3+" "Er"  "sp3" }
>>     { "Tm3+" "Tm"  "sp3" }
>>     { "Lu3+" "Lu"  "sp3" }
>>     { "Hf4+" "Hf"  "sp3" }
>>     { "Zr4+" "Zr"  "sp3" }
>>     { "Ce4+" "Ce"  "sp3" }
>>     { "U4+"  "U"   "sp3" }
>>     { "Pu4+" "Pu"  "sp3" }
>>     { "Th4+" "Th"  "sp3" }
>> }
>> loadOff atomic_ions.lib
Loading library: /usr/local/amber20/dat/leap/lib/atomic_ions.lib
Loading: AG
Loading: AL
Loading: Ag
Loading: BA
Loading: BR
Loading: Be
Loading: CA
Loading: CD
Loading: CE
Loading: CL
Loading: CO
Loading: CR
Loading: CS
Loading: CU
Loading: CU1
Loading: Ce
Loading: Cl-
Loading: Cr
Loading: Dy
Loading: EU
Loading: EU3
Loading: Er
Loading: F
Loading: FE
Loading: FE2
Loading: GD3
Loading: H3O+
Loading: HE+
Loading: HG
Loading: HZ+
Loading: Hf
Loading: IN
Loading: IOD
Loading: K
Loading: K+
Loading: LA
Loading: LI
Loading: LU
Loading: MG
Loading: MN
Loading: NA
Loading: NH4
Loading: NI
Loading: Na+
Loading: Nd
Loading: PB
Loading: PD
Loading: PR
Loading: PT
Loading: Pu
Loading: RB
Loading: Ra
Loading: SM
Loading: SR
Loading: Sm
Loading: Sn
Loading: TB
Loading: TL
Loading: Th
Loading: Tl
Loading: Tm
Loading: U4+
Loading: V2+
Loading: Y
Loading: YB2
Loading: ZN
Loading: Zr
>> loadOff solvents.lib
Loading library: /usr/local/amber20/dat/leap/lib/solvents.lib
Loading: CHCL3BOX
Loading: DC4
Loading: FB3
Loading: FB3BOX
Loading: FB4
Loading: FB4BOX
Loading: MEOHBOX
Loading: NMABOX
Loading: OP3
Loading: OPC
Loading: OPC3BOX
Loading: OPCBOX
Loading: PL3
Loading: POL3BOX
Loading: QSPCFWBOX
Loading: SPC
Loading: SPCBOX
Loading: SPCFWBOX
Loading: SPF
Loading: SPG
Loading: T4E
Loading: TIP3PBOX
Loading: TIP3PFBOX
Loading: TIP4PBOX
Loading: TIP4PEWBOX
Loading: TIP5PBOX
Loading: TP3
Loading: TP4
Loading: TP5
Loading: TPF
>> HOH = TP3
>> WAT = TP3
>> loadAmberParams frcmod.tip3p
Loading parameters: /usr/local/amber20/dat/leap/parm/frcmod.tip3p
Reading force field modification type file (frcmod)
Reading title:
This is the additional/replacement parameter set for TIP3P water
>> loadAmberParams frcmod.ions1lm_126_tip3p
Loading parameters: /usr/local/amber20/dat/leap/parm/frcmod.ions1lm_126_tip3p
Reading force field modification type file (frcmod)
Reading title:
Li/Merz ion parameters of monovalent ions for TIP3P water model (12-6 normal usage set)
>> loadAmberParams frcmod.ionsjc_tip3p
Loading parameters: /usr/local/amber20/dat/leap/parm/frcmod.ionsjc_tip3p
Reading force field modification type file (frcmod)
Reading title:
Monovalent ion parameters for Ewald and TIP3P water from Joung & Cheatham JPCB (2008)
>> loadAmberParams frcmod.ions234lm_126_tip3p
Loading parameters: /usr/local/amber20/dat/leap/parm/frcmod.ions234lm_126_tip3p
Reading force field modification type file (frcmod)
Reading title:
Li/Merz ion parameters of divalent to tetravalent ions for TIP3P water model (12-6 normal usage set)
>> 
> 
> 
> mr = loadpdb ../../leap/MR.pdb
Loading PDB file: ../../leap/MR.pdb
Matching PDB residue names to LEaP variables.
Mapped residue LEU, term: Terminal/beginning, seq. number: 0 to: NLEU.
Mapped residue ARG, term: Terminal/last, seq. number: 256 to: CARG.
Starting new chain with TP3
Starting new chain with TP3
Starting new chain with TP3
Starting new chain with TP3
Starting new chain with TP3
Starting new chain with TP3
Starting new chain with TP3
Starting new chain with TP3
Starting new chain with TP3
Starting new chain with TP3
Starting new chain with TP3
Starting new chain with TP3
Starting new chain with TP3
Starting new chain with TP3
Starting new chain with TP3
Starting new chain with TP3
Starting new chain with TP3
Starting new chain with TP3
Starting new chain with TP3
Starting new chain with TP3
Starting new chain with TP3
Starting new chain with TP3
Starting new chain with TP3
Starting new chain with TP3
Starting new chain with TP3
Starting new chain with TP3
Starting new chain with TP3
Starting new chain with TP3
Starting new chain with TP3
Starting new chain with TP3
Starting new chain with TP3
Starting new chain with TP3
Starting new chain with TP3
Starting new chain with TP3
Starting new chain with TP3
Starting new chain with TP3
Starting new chain with TP3
Starting new chain with TP3
Starting new chain with TP3
Starting new chain with TP3
Starting new chain with TP3
Starting new chain with TP3
Starting new chain with TP3
Starting new chain with TP3
Starting new chain with TP3
Starting new chain with TP3
Starting new chain with TP3
Starting new chain with TP3
Starting new chain with TP3
Starting new chain with TP3
Starting new chain with TP3
Starting new chain with TP3
Starting new chain with TP3
Starting new chain with TP3
Starting new chain with TP3
Starting new chain with TP3
Starting new chain with TP3
Starting new chain with TP3
Starting new chain with TP3
Starting new chain with TP3
Starting new chain with TP3
Starting new chain with TP3
Starting new chain with TP3
Starting new chain with TP3
Starting new chain with TP3
Starting new chain with TP3
Starting new chain with TP3
Starting new chain with TP3
Starting new chain with TP3
Starting new chain with TP3
Starting new chain with TP3
Starting new chain with TP3
Starting new chain with TP3
Starting new chain with TP3
Starting new chain with TP3
Starting new chain with TP3
Starting new chain with TP3
Starting new chain with TP3
Starting new chain with TP3
Starting new chain with TP3
Starting new chain with TP3
Starting new chain with TP3
Starting new chain with TP3
Starting new chain with TP3
Starting new chain with TP3
Starting new chain with TP3
Starting new chain with TP3
Starting new chain with TP3
Starting new chain with TP3
Starting new chain with TP3
Starting new chain with TP3
Starting new chain with TP3
Starting new chain with TP3
Starting new chain with TP3
Starting new chain with TP3
Starting new chain with TP3
Starting new chain with TP3
Starting new chain with TP3
Starting new chain with TP3
Starting new chain with TP3
Starting new chain with TP3
Starting new chain with TP3
Starting new chain with TP3
Starting new chain with TP3
Starting new chain with TP3
Starting new chain with TP3
Starting new chain with TP3
Starting new chain with TP3
Starting new chain with TP3
Starting new chain with TP3
Starting new chain with TP3
Starting new chain with TP3
Starting new chain with TP3
Starting new chain with TP3
Starting new chain with TP3
Starting new chain with TP3
Starting new chain with TP3
Starting new chain with TP3
Starting new chain with TP3
Starting new chain with TP3
Starting new chain with TP3
Starting new chain with TP3
Starting new chain with TP3
Starting new chain with TP3
Starting new chain with TP3
Starting new chain with TP3
Starting new chain with TP3
Starting new chain with TP3
Starting new chain with TP3
Starting new chain with TP3
Starting new chain with TP3
Starting new chain with TP3
Starting new chain with TP3
Starting new chain with TP3
Starting new chain with TP3
Starting new chain with TP3
Starting new chain with TP3
Starting new chain with TP3
Starting new chain with TP3
Starting new chain with TP3
Starting new chain with TP3
Starting new chain with TP3
Starting new chain with TP3
  total atoms in file: 4349
  Leap added 288 missing atoms according to residue templates:
       288 H / lone pairs
> str = loadmol2 ../../AC/STR/str_resp_rename_aligned.mol2
Loading Mol2 file: ../../AC/STR/str_resp_rename_aligned.mol2
Reading MOLECULE named STR
> 
> #check mr
> #check str
> 
> complex = combine { str mr }
  Sequence: STR
  Sequence: default_name
> #check complex
> 
> solvatebox complex TIP3PBOX 12.0
  Solute vdw bounding box:              54.578 68.668 49.399
  Total bounding box for atom centers:  78.578 92.668 73.399
  Solvent unit box:                     18.774 18.774 18.774
The number of boxes:  x= 5  y= 5  z= 4
  Total vdw box size:                   81.695 95.626 76.668 angstroms.
  Volume: 598945.691 A^3 
  Total mass 301002.708 amu,  Density 0.835 g/cc
  Added 14892 residues.
> charge complex
Total unperturbed charge:  -0.999800
Total perturbed charge:    -0.999800
> addionsRand complex Na+ 41 Cl- 40
Adding 81 counter ions to "complex". 14955 solvent molecules will remain.
0: Placed Na+ in complex at (21.90, -34.61, 8.47).
Placed Cl- in complex at (25.05, -43.29, -33.57).
0: Placed Na+ in complex at (-16.09, 41.52, 18.16).
Placed Cl- in complex at (-37.56, 30.21, 35.37).
0: Placed Na+ in complex at (33.09, 15.85, 16.02).
Placed Cl- in complex at (-5.92, -32.91, -1.54).
0: Placed Na+ in complex at (-29.47, -0.55, 24.23).
Placed Cl- in complex at (-26.98, 44.78, 11.17).
0: Placed Na+ in complex at (6.18, 8.21, -30.46).
Placed Cl- in complex at (16.15, -36.46, 3.22).
0: Placed Na+ in complex at (-16.15, -45.23, 16.23).
Placed Cl- in complex at (36.55, 12.99, 7.01).
0: Placed Na+ in complex at (27.91, 20.84, -10.63).
Placed Cl- in complex at (-0.02, -23.91, 18.29).
0: Placed Na+ in complex at (-8.82, -38.82, 28.96).
Placed Cl- in complex at (-19.58, -36.06, -5.02).
0: Placed Na+ in complex at (6.73, -28.69, -26.63).
Placed Cl- in complex at (17.99, -33.85, 24.65).
0: Placed Na+ in complex at (2.25, -38.85, 29.90).
Placed Cl- in complex at (12.87, -33.98, -17.79).
0: Placed Na+ in complex at (-27.50, -34.43, -15.96).
Placed Cl- in complex at (-14.82, 43.37, -35.15).
0: Placed Na+ in complex at (-38.86, -42.17, -28.02).
Placed Cl- in complex at (5.73, 3.95, -31.90).
0: Placed Na+ in complex at (33.59, 18.55, -19.92).
Placed Cl- in complex at (-14.94, 39.69, -6.88).
0: Placed Na+ in complex at (-12.26, 36.31, -16.88).
Placed Cl- in complex at (7.53, -39.79, 31.05).
0: Placed Na+ in complex at (-31.64, -24.96, -19.69).
Placed Cl- in complex at (25.78, -11.70, 2.28).
0: Placed Na+ in complex at (30.88, 19.91, -15.28).
Placed Cl- in complex at (17.06, -25.56, -17.64).
0: Placed Na+ in complex at (-22.73, 8.91, 2.83).
Placed Cl- in complex at (-14.52, -10.47, 22.62).
0: Placed Na+ in complex at (24.07, -17.63, 24.28).
Placed Cl- in complex at (0.24, 41.17, 21.88).
0: Placed Na+ in complex at (30.01, -26.68, 4.02).
Placed Cl- in complex at (10.57, 44.78, -26.38).
0: Placed Na+ in complex at (31.59, -1.47, -16.85).
Placed Cl- in complex at (-3.57, 41.08, -2.17).
0: Placed Na+ in complex at (28.39, 15.72, 22.25).
Placed Cl- in complex at (-23.19, -3.12, 30.34).
0: Placed Na+ in complex at (9.14, 39.62, -10.63).
Placed Cl- in complex at (-10.64, 1.22, -34.25).
0: Placed Na+ in complex at (36.54, -19.34, 11.28).
Placed Cl- in complex at (-28.39, -6.60, 19.24).
0: Placed Na+ in complex at (22.25, -18.39, -35.03).
Placed Cl- in complex at (36.02, 3.07, 19.49).
0: Placed Na+ in complex at (-34.07, -37.17, -35.03).
Placed Cl- in complex at (29.27, 42.30, -13.87).
0: Placed Na+ in complex at (-1.76, -22.24, -32.16).
Placed Cl- in complex at (-35.84, 39.68, 20.09).
0: Placed Na+ in complex at (-34.92, -45.23, -2.54).
Placed Cl- in complex at (18.74, -28.57, -19.27).
0: Placed Na+ in complex at (15.83, 25.12, 17.39).
Placed Cl- in complex at (-18.91, -20.82, 13.39).
0: Placed Na+ in complex at (11.44, -37.42, 30.85).
Placed Cl- in complex at (25.83, -8.36, -17.94).
0: Placed Na+ in complex at (36.91, -29.05, -31.44).
Placed Cl- in complex at (-0.84, -26.81, -15.22).
0: Placed Na+ in complex at (4.25, -21.33, -35.13).
Placed Cl- in complex at (-30.54, -30.47, -16.50).
0: Placed Na+ in complex at (-24.73, -39.02, -16.85).
Placed Cl- in complex at (-28.31, -43.38, -15.68).
0: Placed Na+ in complex at (-3.55, 32.39, -34.78).
Placed Cl- in complex at (-4.69, -34.86, 22.97).
0: Placed Na+ in complex at (-12.16, -8.50, -5.09).
Placed Cl- in complex at (31.12, -19.77, -13.49).
0: Placed Na+ in complex at (-37.22, 13.99, -23.27).
Placed Cl- in complex at (-28.54, 25.90, -18.86).
0: Placed Na+ in complex at (13.32, -23.51, 8.49).
Placed Cl- in complex at (12.35, -38.55, 5.29).
0: Placed Na+ in complex at (2.91, -23.47, 13.17).
Placed Cl- in complex at (-30.71, -3.07, -14.08).
0: Placed Na+ in complex at (3.12, -23.39, -20.92).
Placed Cl- in complex at (20.31, 18.00, -22.41).
0: Placed Na+ in complex at (-20.08, -4.62, 9.53).
Placed Cl- in complex at (-28.07, 30.25, 28.03).
0: Placed Na+ in complex at (6.27, -5.74, -33.57).
Placed Cl- in complex at (31.47, -11.19, -4.42).
0: Placed Na+ in complex at (31.15, 17.27, 18.06).
> charge complex
Total unperturbed charge:   0.000200
Total perturbed charge:     0.000200
> 
> 
> saveamberparm complex MR-STR.prmtop MR-STR.inpcrd
Checking Unit.
Building topology.
Building atom parameters.
Building bond parameters.
Building angle parameters.
Building proper torsion parameters.
Building improper torsion parameters.
 ** Warning: No sp2 improper torsion term for  c3-c3-c2-ce
        atoms are: C13 C7 C8 C9
 ** Warning: No sp2 improper torsion term for  ha-c2-ce-c
        atoms are: H5 C8 C9 C10
 total 838 improper torsions applied
Building H-Bond parameters.
Incorporating Non-Bonded adjustments.
Not Marking per-residue atom chain types.
Marking per-residue atom chain types.
  (Residues lacking connect0/connect1 - 
   these don't have chain types marked:

	res	total affected

	CARG	1
	MOL	1
	NLEU	1
	WAT	14955
  )
 (no restraints)
> saveamberparm mr MR.prmtop MR.inpcrd
Checking Unit.

/usr/local/amber20/bin/teLeap: Warning!
The unperturbed charge of the unit (-1.000000) is not zero.

/usr/local/amber20/bin/teLeap: Note.
Ignoring the warning from Unit Checking.

Building topology.
Building atom parameters.
Building bond parameters.
Building angle parameters.
Building proper torsion parameters.
Building improper torsion parameters.
 total 836 improper torsions applied
Building H-Bond parameters.
Incorporating Non-Bonded adjustments.
Not Marking per-residue atom chain types.
Marking per-residue atom chain types.
  (Residues lacking connect0/connect1 - 
   these don't have chain types marked:

	res	total affected

	CARG	1
	NLEU	1
	WAT	144
  )
 (no restraints)
> saveamberparm str STR.prmtop STR.inpcrd
Checking Unit.
Building topology.
Building atom parameters.
Building bond parameters.
Building angle parameters.
Building proper torsion parameters.
Building improper torsion parameters.
 ** Warning: No sp2 improper torsion term for  ha-c2-ce-c
        atoms are: H5 C8 C9 C10
 ** Warning: No sp2 improper torsion term for  c3-c3-c2-ce
        atoms are: C13 C7 C8 C9
 total 2 improper torsions applied
Building H-Bond parameters.
Incorporating Non-Bonded adjustments.
Not Marking per-residue atom chain types.
Marking per-residue atom chain types.
  (Residues lacking connect0/connect1 - 
   these don't have chain types marked:

	res	total affected

	MOL	1
  )
 (no restraints)
> 
> 
> quit 
	Quit

Exiting LEaP: Errors = 0; Warnings = 1; Notes = 1.
