
 -----------------------------------------------
      Restrained ESP Fit 2.3  Amber 4.1
 -----------------------------------------------
 Resp charges for organic molecule                                               
 -----------------------------------------------


 inopt       =     0   ioutopt     =     1
 nmol        =     1   iqopt       =     2
 ihfree      =     1   irstrnt     =     1
 iunits      =     0   qwt         =   0.00100000
 wtmol(1) =     1.000000
 subtitle:

Resp charges for organic molecule                                               
ich =   0  iuniq =  56
    1    6    0
    2    6    0
    3    6  -99
    4    6  -99
    5    6  -99
    6    6    0
    7    6    0
    8    6  -99
    9    6  -99
   10    6  -99
   11    6  -99
   12    6    0
   13    6  -99
   14    6  -99
   15    6    0
   16    6    0
   17    6  -99
   18    6    0
   19    6    0
   20    6  -99
   21    6    0
   22    8  -99
   23    8  -99
   24    8  -99
   25    8  -99
   26    1    0
   27    1   26
   28    1    0
   29    1   28
   30    1  -99
   31    1    0
   32    1   31
   33    1    0
   34    1   33
   35    1  -99
   36    1    0
   37    1   36
   38    1  -99
   39    1    0
   40    1   39
   41    1    0
   42    1   41
   43    1    0
   44    1   43
   45    1    0
   46    1   45
   47    1   45
   48    1  -99
   49    1  -99
   50    1    0
   51    1   50
   52    1   50
   53    1  -99
   54    8  -99
   55    1  -99
   56    1  -99
 new q0 values to be read  56

  ----------------------------------------------------------------------------
     ATOM                       COORDINATES                         CHARGE
                       X             Y                Z
  ----------------------------------------------------------------------------
  ----------------------------------------------------------------------------


 Charge on the molecule(ich) =    0
 Total number of atoms (iuniq)     =   56
 Weight factor on initial charge restraints(qwt)=     0.10000D-02


  there are  1 charge constraints:


     1       1
     2       1
     3       1
     4       1
     5       1
     6       1
     7       1
     8       1
     9       1
    10       1
    11       1
    12       1
    13       1
    14       1
    15       1
    16       1
    17       1
    18       1
    19       1
    20       1
    21       1
    22       1
    23       1
    24       1
    25       1
    26       1
    27       1
    28       1
    29       1
    30       1
    31       1
    32       1
    33       1
    34       1
    35       1
    36       1
    37       1
    38       1
    39       1
    40       1
    41       1
    42       1
    43       1
    44       1
    45       1
    46       1
    47       1
    48       1
    49       1
    50       1
    51       1
    52       1
    53       1
    54       1
    55       1
    56       1

 Reading esp"s for molecule   1
 total number of atoms      =    56
 total number of esp points = 10582


 center     X       Y       Z 
    1   0.6047193E+01  -0.3123809E+01  -0.5074456E+00
    2   0.8929624E+01  -0.3239541E+01  -0.5971257E+00
    3   0.1001355E+02  -0.8732181E+00  -0.1766448E+01
    4   0.8659956E+01   0.1493089E+01  -0.1171012E+01
    5   0.6471164E+01   0.1583256E+01   0.6421200E-01
    6   0.5366295E+01   0.4088407E+01   0.8588738E+00
    7   0.2607266E+01   0.4368485E+01   0.6221780E-01
    8   0.9677966E+00   0.2134073E+01   0.9076026E+00
    9   0.2169054E+01  -0.3779380E+00  -0.5381071E-03
   10   0.4987573E+01  -0.7701722E+00   0.8601152E+00
   11   0.4425551E+00  -0.2692404E+01   0.4123684E+00
   12  -0.2272042E+01  -0.2280779E+01  -0.5518954E+00
   13  -0.3479953E+01   0.1730489E+00   0.4092349E+00
   14  -0.1675598E+01   0.2362885E+01  -0.2482282E+00
   15  -0.3250992E+01   0.4743369E+01   0.2481335E+00
   16  -0.5978445E+01   0.3941745E+01  -0.4583743E+00
   17  -0.5891958E+01   0.1078003E+01  -0.1050149E+01
   18  -0.4084846E+01   0.1267497E-01   0.3257072E+01
   19   0.5339469E+01  -0.1066855E+01   0.3751821E+01
   20  -0.8334655E+01  -0.2931638E+00  -0.2962241E+00
   21  -0.9079630E+01  -0.2561350E+01  -0.1902706E+01
   22   0.1190165E+02  -0.8859801E+00  -0.3012747E+01
   23  -0.5470295E+01   0.6457554E+00  -0.3658678E+01
   24  -0.9596876E+01   0.3889978E+00   0.1431141E+01
   25  -0.1095739E+02  -0.3915097E+01  -0.6589044E+00
   26   0.5325100E+01  -0.4817773E+01   0.3889449E+00
   27   0.5358073E+01  -0.3137114E+01  -0.2443757E+01
   28   0.9718698E+01  -0.3411716E+01   0.1292527E+01
   29   0.9577495E+01  -0.4857789E+01  -0.1670511E+01
   30   0.9622189E+01   0.3199152E+01  -0.1717974E+01
   31   0.6489273E+01   0.5618827E+01   0.8846253E-01
   32   0.5497023E+01   0.4236368E+01   0.2905098E+01
   33   0.1859116E+01   0.6120697E+01   0.8225024E+00
   34   0.2517824E+01   0.4526239E+01  -0.1986891E+01
   35   0.8405917E+00   0.2152049E+01   0.2955038E+01
   36  -0.2221413E+01  -0.2251059E+01  -0.2598183E+01
   37  -0.3385454E+01  -0.3927032E+01  -0.1316062E-01
   38  -0.1408377E+01   0.2262780E+01  -0.2281801E+01
   39  -0.2616771E+01   0.6339768E+01  -0.8660039E+00
   40  -0.3151729E+01   0.5310420E+01   0.2216210E+01
   41  -0.7293736E+01   0.4301423E+01   0.1058604E+01
   42  -0.6674863E+01   0.4966805E+01  -0.2096197E+01
   43  -0.7419374E+01  -0.3706743E+01  -0.2277208E+01
   44  -0.9724181E+01  -0.1850978E+01  -0.3721628E+01
   45   0.4334892E+01   0.3707791E+00   0.4803872E+01
   46   0.7325696E+01  -0.9025295E+00   0.4234321E+01
   47   0.4656466E+01  -0.2874915E+01   0.4395507E+01
   48  -0.1152736E+02  -0.5238942E+01  -0.1717927E+01
   49  -0.6365449E+01   0.1853810E+01  -0.4629393E+01
   50  -0.5134559E+01   0.1634834E+01   0.3922919E+01
   51  -0.2383080E+01  -0.1563164E+00   0.4363790E+01
   52  -0.5239514E+01  -0.1633569E+01   0.3656172E+01
   53   0.1212734E+01  -0.4249137E+01  -0.6809353E+00
   54   0.4790209E+00  -0.3374690E+01   0.2987121E+01
   55  -0.6383502E+00  -0.4747706E+01   0.3255770E+01
   56   0.2279929E+01  -0.2013558E+00  -0.2050657E+01
 Initial ssvpot =     4.272


 Number of unique UNfrozen centers=   20

 Non-linear optimization requested.
 qchnge =    0.4118856666E-01
 qchnge =    0.1981619115E-02
 qchnge =    0.2766815727E-03
 qchnge =    0.4976349988E-04
 qchnge =    0.9563875223E-05
 qchnge =    0.1885107414E-05
 qchnge =    0.3764931592E-06

 Convergence in    6 iterations


Resp charges for organic molecule                                               

          Point Charges Before & After Optimization

    no.  At.no.    q(init)       q(opt)     ivary    d(rstr)/dq
    1   6       0.040858       0.020754      0       0.009791
    2   6      -0.322692      -0.360055      0       0.002676
    3   6       0.770078       0.770078    -99       0.001288
    4   6      -0.516105      -0.516105    -99       0.001902
    5   6       0.023332       0.023332    -99       0.009738
    6   6      -0.054138      -0.049424      0       0.008965
    7   6      -0.058373      -0.081049      0       0.007769
    8   6      -0.042627      -0.042627    -99       0.009199
    9   6      -0.031966      -0.031966    -99       0.009525
   10   6       0.270735       0.270735    -99       0.003465
   11   6       0.253482       0.253482    -99       0.003670
   12   6      -0.271355      -0.259065      0       0.003601
   13   6       0.490438       0.490438    -99       0.001998
   14   6      -0.039014      -0.039014    -99       0.009316
   15   6      -0.020270      -0.046356      0       0.009073
   16   6      -0.149207      -0.103941      0       0.006933
   17   6       0.007413       0.007413    -99       0.009973
   18   6      -0.523157      -0.511963      0       0.001917
   19   6      -0.391490      -0.293012      0       0.003230
   20   6       0.600735       0.600735    -99       0.001642
   21   6       0.218944       0.208043      0       0.004332
   22   8      -0.596335      -0.596335    -99       0.001654
   23   8      -0.764752      -0.764752    -99       0.001297
   24   8      -0.507152      -0.507152    -99       0.001935
   25   8      -0.714475      -0.714475    -99       0.001386
   26   1       0.036353       0.024742      0       0.000000
   27   1      -0.002872       0.024742     26       0.000000
   28   1       0.091457       0.101159      0       0.000000
   29   1       0.083512       0.101159     28       0.000000
   30   1       0.189700       0.189700    -99       0.000000
   31   1       0.058537       0.048923      0       0.000000
   32   1       0.041535       0.048923     31       0.000000
   33   1       0.019846       0.034247      0       0.000000
   34   1       0.030786       0.034247     33       0.000000
   35   1       0.066359       0.066359    -99       0.000000
   36   1       0.084272       0.064412      0       0.000000
   37   1       0.065243       0.064412     36       0.000000
   38   1       0.053582       0.053582    -99       0.000000
   39   1       0.021000       0.024191      0       0.000000
   40   1       0.019648       0.024191     39       0.000000
   41   1       0.064491       0.046557      0       0.000000
   42   1       0.050400       0.046557     41       0.000000
   43   1      -0.004265       0.006900      0       0.000000
   44   1       0.008387       0.006900     43       0.000000
   45   1       0.109847       0.074177      0       0.000000
   46   1       0.089654       0.074177     45       0.000000
   47   1       0.103269       0.074177     45       0.000000
   48   1       0.452019       0.452019    -99       0.000000
   49   1       0.480065       0.480065    -99       0.000000
   50   1       0.135436       0.119622      0       0.000000
   51   1       0.115326       0.119622     50       0.000000
   52   1       0.116614       0.119622     50       0.000000
   53   1      -0.013796      -0.013796    -99       0.000000
   54   8      -0.678168      -0.678168    -99       0.001459
   55   1       0.431379       0.431379    -99       0.000000
   56   1       0.007478       0.007478    -99       0.000000

 Sum over the calculated charges:     -0.000

        Statistics of the fitting:
  The initial sum of squares (ssvpot)                      4.272
  The residual sum of squares (chipot)                     0.017
  The std err of estimate (sqrt(chipot/N))               0.00126
  ESP relative RMS (SQRT(chipot/ssvpot))                 0.06249

 Center of Mass (Angst.):

 X  =   0.00000      Y  =   0.00000      Z  =   0.00000

 Dipole (Debye):

 X  =  -3.62488      Y  =  -0.32359      Z  =  -1.47164

 Dipole Moment (Debye)=   3.92558

 Quadrupole (Debye*Angst.):

 Qxx =-122.53481     QYY =  89.64989     QZZ =  32.88492
 Qxy =  50.17756     QXZ = 137.76321     QYZ =  34.49352
