
 -----------------------------------------------
      Restrained ESP Fit 2.3  Amber 4.1
 -----------------------------------------------
 Resp charges for organic molecule                                               
 -----------------------------------------------


 inopt       =     0   ioutopt     =     1
 nmol        =     1   iqopt       =     0
 ihfree      =     1   irstrnt     =     1
 iunits      =     0   qwt         =   0.00050000
 wtmol(1) =     1.000000
 subtitle:

Resp charges for organic molecule                                               
ich =   0  iuniq =  56
    1    6    0
    2    6    0
    3    6    0
    4    6    0
    5    6    0
    6    6    0
    7    6    0
    8    6    0
    9    6    0
   10    6    0
   11    6    0
   12    6    0
   13    6    0
   14    6    0
   15    6    0
   16    6    0
   17    6    0
   18    6    0
   19    6    0
   20    6    0
   21    6    0
   22    8    0
   23    8    0
   24    8    0
   25    8    0
   26    1    0
   27    1    0
   28    1    0
   29    1    0
   30    1    0
   31    1    0
   32    1    0
   33    1    0
   34    1    0
   35    1    0
   36    1    0
   37    1    0
   38    1    0
   39    1    0
   40    1    0
   41    1    0
   42    1    0
   43    1    0
   44    1    0
   45    1    0
   46    1    0
   47    1    0
   48    1    0
   49    1    0
   50    1    0
   51    1    0
   52    1    0
   53    1    0
   54    8    0
   55    1    0
   56    1    0

  ----------------------------------------------------------------------------
     ATOM                       COORDINATES                         CHARGE
                       X             Y                Z
  ----------------------------------------------------------------------------
  ----------------------------------------------------------------------------


 Charge on the molecule(ich) =    0
 Total number of atoms (iuniq)     =   56
 Weight factor on initial charge restraints(qwt)=     0.50000D-03


  there are  1 charge constraints:


     1       1
     2       1
     3       1
     4       1
     5       1
     6       1
     7       1
     8       1
     9       1
    10       1
    11       1
    12       1
    13       1
    14       1
    15       1
    16       1
    17       1
    18       1
    19       1
    20       1
    21       1
    22       1
    23       1
    24       1
    25       1
    26       1
    27       1
    28       1
    29       1
    30       1
    31       1
    32       1
    33       1
    34       1
    35       1
    36       1
    37       1
    38       1
    39       1
    40       1
    41       1
    42       1
    43       1
    44       1
    45       1
    46       1
    47       1
    48       1
    49       1
    50       1
    51       1
    52       1
    53       1
    54       1
    55       1
    56       1

 Reading esp"s for molecule   1
 total number of atoms      =    56
 total number of esp points = 10582


 center     X       Y       Z 
    1   0.6047193E+01  -0.3123809E+01  -0.5074456E+00
    2   0.8929624E+01  -0.3239541E+01  -0.5971257E+00
    3   0.1001355E+02  -0.8732181E+00  -0.1766448E+01
    4   0.8659956E+01   0.1493089E+01  -0.1171012E+01
    5   0.6471164E+01   0.1583256E+01   0.6421200E-01
    6   0.5366295E+01   0.4088407E+01   0.8588738E+00
    7   0.2607266E+01   0.4368485E+01   0.6221780E-01
    8   0.9677966E+00   0.2134073E+01   0.9076026E+00
    9   0.2169054E+01  -0.3779380E+00  -0.5381071E-03
   10   0.4987573E+01  -0.7701722E+00   0.8601152E+00
   11   0.4425551E+00  -0.2692404E+01   0.4123684E+00
   12  -0.2272042E+01  -0.2280779E+01  -0.5518954E+00
   13  -0.3479953E+01   0.1730489E+00   0.4092349E+00
   14  -0.1675598E+01   0.2362885E+01  -0.2482282E+00
   15  -0.3250992E+01   0.4743369E+01   0.2481335E+00
   16  -0.5978445E+01   0.3941745E+01  -0.4583743E+00
   17  -0.5891958E+01   0.1078003E+01  -0.1050149E+01
   18  -0.4084846E+01   0.1267497E-01   0.3257072E+01
   19   0.5339469E+01  -0.1066855E+01   0.3751821E+01
   20  -0.8334655E+01  -0.2931638E+00  -0.2962241E+00
   21  -0.9079630E+01  -0.2561350E+01  -0.1902706E+01
   22   0.1190165E+02  -0.8859801E+00  -0.3012747E+01
   23  -0.5470295E+01   0.6457554E+00  -0.3658678E+01
   24  -0.9596876E+01   0.3889978E+00   0.1431141E+01
   25  -0.1095739E+02  -0.3915097E+01  -0.6589044E+00
   26   0.5325100E+01  -0.4817773E+01   0.3889449E+00
   27   0.5358073E+01  -0.3137114E+01  -0.2443757E+01
   28   0.9718698E+01  -0.3411716E+01   0.1292527E+01
   29   0.9577495E+01  -0.4857789E+01  -0.1670511E+01
   30   0.9622189E+01   0.3199152E+01  -0.1717974E+01
   31   0.6489273E+01   0.5618827E+01   0.8846253E-01
   32   0.5497023E+01   0.4236368E+01   0.2905098E+01
   33   0.1859116E+01   0.6120697E+01   0.8225024E+00
   34   0.2517824E+01   0.4526239E+01  -0.1986891E+01
   35   0.8405917E+00   0.2152049E+01   0.2955038E+01
   36  -0.2221413E+01  -0.2251059E+01  -0.2598183E+01
   37  -0.3385454E+01  -0.3927032E+01  -0.1316062E-01
   38  -0.1408377E+01   0.2262780E+01  -0.2281801E+01
   39  -0.2616771E+01   0.6339768E+01  -0.8660039E+00
   40  -0.3151729E+01   0.5310420E+01   0.2216210E+01
   41  -0.7293736E+01   0.4301423E+01   0.1058604E+01
   42  -0.6674863E+01   0.4966805E+01  -0.2096197E+01
   43  -0.7419374E+01  -0.3706743E+01  -0.2277208E+01
   44  -0.9724181E+01  -0.1850978E+01  -0.3721628E+01
   45   0.4334892E+01   0.3707791E+00   0.4803872E+01
   46   0.7325696E+01  -0.9025295E+00   0.4234321E+01
   47   0.4656466E+01  -0.2874915E+01   0.4395507E+01
   48  -0.1152736E+02  -0.5238942E+01  -0.1717927E+01
   49  -0.6365449E+01   0.1853810E+01  -0.4629393E+01
   50  -0.5134559E+01   0.1634834E+01   0.3922919E+01
   51  -0.2383080E+01  -0.1563164E+00   0.4363790E+01
   52  -0.5239514E+01  -0.1633569E+01   0.3656172E+01
   53   0.1212734E+01  -0.4249137E+01  -0.6809353E+00
   54   0.4790209E+00  -0.3374690E+01   0.2987121E+01
   55  -0.6383502E+00  -0.4747706E+01   0.3255770E+01
   56   0.2279929E+01  -0.2013558E+00  -0.2050657E+01
 Initial ssvpot =     4.272


 Number of unique UNfrozen centers=   56

 Non-linear optimization requested.
 qchnge =    0.4291811112E-01
 qchnge =    0.3789614688E-02
 qchnge =    0.8114927647E-03
 qchnge =    0.1856238958E-03
 qchnge =    0.4708277985E-04
 qchnge =    0.1273107324E-04
 qchnge =    0.3529491789E-05
 qchnge =    0.9899344777E-06

 Convergence in    7 iterations


Resp charges for organic molecule                                               

          Point Charges Before & After Optimization

    no.  At.no.    q(init)       q(opt)     ivary    d(rstr)/dq
    1   6       0.000000       0.040858      0       0.004629
    2   6       0.000000      -0.322692      0       0.001480
    3   6       0.000000       0.770078      0       0.000644
    4   6       0.000000      -0.516105      0       0.000951
    5   6       0.000000       0.023332      0       0.004869
    6   6       0.000000      -0.054138      0       0.004397
    7   6       0.000000      -0.058373      0       0.004318
    8   6       0.000000      -0.042627      0       0.004600
    9   6       0.000000      -0.031966      0       0.004762
   10   6       0.000000       0.270735      0       0.001732
   11   6       0.000000       0.253482      0       0.001835
   12   6       0.000000      -0.271355      0       0.001729
   13   6       0.000000       0.490438      0       0.000999
   14   6       0.000000      -0.039014      0       0.004658
   15   6       0.000000      -0.020270      0       0.004900
   16   6       0.000000      -0.149207      0       0.002784
   17   6       0.000000       0.007413      0       0.004986
   18   6       0.000000      -0.523157      0       0.000939
   19   6       0.000000      -0.391490      0       0.001237
   20   6       0.000000       0.600735      0       0.000821
   21   6       0.000000       0.218944      0       0.002077
   22   8       0.000000      -0.596335      0       0.000827
   23   8       0.000000      -0.764752      0       0.000648
   24   8       0.000000      -0.507152      0       0.000967
   25   8       0.000000      -0.714475      0       0.000693
   26   1       0.000000       0.036353      0       0.000000
   27   1       0.000000      -0.002872      0       0.000000
   28   1       0.000000       0.091457      0       0.000000
   29   1       0.000000       0.083512      0       0.000000
   30   1       0.000000       0.189700      0       0.000000
   31   1       0.000000       0.058537      0       0.000000
   32   1       0.000000       0.041535      0       0.000000
   33   1       0.000000       0.019846      0       0.000000
   34   1       0.000000       0.030786      0       0.000000
   35   1       0.000000       0.066359      0       0.000000
   36   1       0.000000       0.084272      0       0.000000
   37   1       0.000000       0.065243      0       0.000000
   38   1       0.000000       0.053582      0       0.000000
   39   1       0.000000       0.021000      0       0.000000
   40   1       0.000000       0.019648      0       0.000000
   41   1       0.000000       0.064491      0       0.000000
   42   1       0.000000       0.050400      0       0.000000
   43   1       0.000000      -0.004265      0       0.000000
   44   1       0.000000       0.008387      0       0.000000
   45   1       0.000000       0.109847      0       0.000000
   46   1       0.000000       0.089654      0       0.000000
   47   1       0.000000       0.103269      0       0.000000
   48   1       0.000000       0.452019      0       0.000000
   49   1       0.000000       0.480065      0       0.000000
   50   1       0.000000       0.135436      0       0.000000
   51   1       0.000000       0.115326      0       0.000000
   52   1       0.000000       0.116614      0       0.000000
   53   1       0.000000      -0.013796      0       0.000000
   54   8       0.000000      -0.678168      0       0.000729
   55   1       0.000000       0.431379      0       0.000000
   56   1       0.000000       0.007478      0       0.000000

 Sum over the calculated charges:     -0.000

        Statistics of the fitting:
  The initial sum of squares (ssvpot)                      4.272
  The residual sum of squares (chipot)                     0.012
  The std err of estimate (sqrt(chipot/N))               0.00107
  ESP relative RMS (SQRT(chipot/ssvpot))                 0.05325

 Center of Mass (Angst.):

 X  =   0.00000      Y  =   0.00000      Z  =   0.00000

 Dipole (Debye):

 X  =  -3.63378      Y  =  -0.31266      Z  =  -1.46020

 Dipole Moment (Debye)=   3.92865

 Quadrupole (Debye*Angst.):

 Qxx =-121.65000     QYY =  89.33020     QZZ =  32.31980
 Qxy =  49.41857     QXZ = 136.22500     QYZ =  33.34892
