
 -----------------------------------------------
      Restrained ESP Fit 2.3  Amber 4.1
 -----------------------------------------------
 Resp charges for organic molecule                                               
 -----------------------------------------------


 inopt       =     0   ioutopt     =     1
 nmol        =     1   iqopt       =     2
 ihfree      =     1   irstrnt     =     1
 iunits      =     0   qwt         =   0.00100000
 wtmol(1) =     1.000000
 subtitle:

Resp charges for organic molecule                                               
ich =   0  iuniq =  53
    1    6    0
    2    6    0
    3    6  -99
    4    8  -99
    5    6  -99
    6    6  -99
    7    6    0
    8    6    0
    9    6  -99
   10    6  -99
   11    6  -99
   12    6    0
   13    6    0
   14    6  -99
   15    6  -99
   16    6    0
   17    6    0
   18    6  -99
   19    6    0
   20    6    0
   21    6  -99
   22    8  -99
   23    6    0
   24    1    0
   25    1   24
   26    1    0
   27    1   26
   28    1  -99
   29    1    0
   30    1   29
   31    1    0
   32    1   31
   33    1  -99
   34    1  -99
   35    1    0
   36    1   35
   37    1    0
   38    1   37
   39    1  -99
   40    1    0
   41    1   40
   42    1    0
   43    1   42
   44    1  -99
   45    1    0
   46    1   45
   47    1   45
   48    1    0
   49    1   48
   50    1   48
   51    1    0
   52    1   51
   53    1   51
 new q0 values to be read  53

  ----------------------------------------------------------------------------
     ATOM                       COORDINATES                         CHARGE
                       X             Y                Z
  ----------------------------------------------------------------------------
  ----------------------------------------------------------------------------


 Charge on the molecule(ich) =    0
 Total number of atoms (iuniq)     =   53
 Weight factor on initial charge restraints(qwt)=     0.10000D-02


  there are  1 charge constraints:


     1       1
     2       1
     3       1
     4       1
     5       1
     6       1
     7       1
     8       1
     9       1
    10       1
    11       1
    12       1
    13       1
    14       1
    15       1
    16       1
    17       1
    18       1
    19       1
    20       1
    21       1
    22       1
    23       1
    24       1
    25       1
    26       1
    27       1
    28       1
    29       1
    30       1
    31       1
    32       1
    33       1
    34       1
    35       1
    36       1
    37       1
    38       1
    39       1
    40       1
    41       1
    42       1
    43       1
    44       1
    45       1
    46       1
    47       1
    48       1
    49       1
    50       1
    51       1
    52       1
    53       1

 Reading esp"s for molecule   1
 total number of atoms      =    53
 total number of esp points = 10058


 center     X       Y       Z 
    1   0.5520951E+01  -0.3107960E+01  -0.3058442E+00
    2   0.8402149E+01  -0.3075658E+01  -0.1360043E+00
    3   0.9476766E+01  -0.6727306E+00  -0.1234271E+01
    4   0.1148873E+02  -0.6002941E+00  -0.2265158E+01
    5   0.7935650E+01   0.1622873E+01  -0.8610750E+00
    6   0.5632331E+01   0.1626729E+01   0.1491205E+00
    7   0.4305703E+01   0.4099689E+01   0.6619483E+00
    8   0.1625626E+01   0.4142906E+01  -0.4096631E+00
    9   0.7807766E-01   0.1888789E+01   0.5300008E+00
   10   0.1444935E+01  -0.6164510E+00  -0.1273436E+00
   11   0.4219536E+01  -0.7858272E+00   0.9024328E+00
   12  -0.1774130E+00  -0.2939901E+01   0.5609447E+00
   13  -0.2865830E+01  -0.2838363E+01  -0.5372945E+00
   14  -0.4227263E+01  -0.3902533E+00   0.2000242E+00
   15  -0.2560971E+01   0.1845970E+01  -0.6551108E+00
   16  -0.4283173E+01   0.4160144E+01  -0.3875348E+00
   17  -0.6947399E+01   0.3139003E+01  -0.1053970E+01
   18  -0.6672498E+01   0.2365179E+00  -0.1325184E+01
   19  -0.4796867E+01  -0.3698027E+00   0.3056800E+01
   20   0.4306003E+01  -0.1022374E+01   0.3814143E+01
   21  -0.9033100E+01  -0.1218687E+01  -0.5547256E+00
   22  -0.1040454E+02  -0.4954362E+00   0.1084622E+01
   23  -0.9608330E+01  -0.3625991E+01  -0.1990780E+01
   24   0.4999527E+01  -0.3195925E+01  -0.2291166E+01
   25   0.4820983E+01  -0.4826447E+01   0.5596907E+00
   26   0.9027517E+01  -0.3192360E+01   0.1818279E+01
   27   0.9222729E+01  -0.4670764E+01  -0.1122271E+01
   28   0.8841627E+01   0.3362424E+01  -0.1397757E+01
   29   0.4214692E+01   0.4389493E+01   0.2696358E+01
   30   0.5411992E+01   0.5646406E+01  -0.9905409E-01
   31   0.7152579E+00   0.5903777E+01   0.1166226E+00
   32   0.1712030E+01   0.4107361E+01  -0.2464556E+01
   33  -0.1073911E+00   0.2062497E+01   0.2568746E+01
   34   0.1629363E+01  -0.6153659E+00  -0.2180023E+01
   35   0.7224722E+00  -0.4645057E+01  -0.1307291E+00
   36  -0.2932125E+00  -0.3140814E+01   0.2596223E+01
   37  -0.2758202E+01  -0.2964306E+01  -0.2587647E+01
   38  -0.3901269E+01  -0.4492616E+01   0.1042785E+00
   39  -0.2269081E+01   0.1574385E+01  -0.2678588E+01
   40  -0.4238916E+01   0.4897926E+01   0.1526313E+01
   41  -0.3720160E+01   0.5690349E+01  -0.1626990E+01
   42  -0.8306410E+01   0.3581270E+01   0.4046694E+00
   43  -0.7652842E+01   0.3954015E+01  -0.2796905E+01
   44  -0.6282049E+01  -0.2241598E+00  -0.3289006E+01
   45   0.3270283E+01   0.4756821E+00   0.4748105E+01
   46   0.6237913E+01  -0.9354949E+00   0.4490462E+01
   47   0.3513691E+01  -0.2805943E+01   0.4433522E+01
   48  -0.3089728E+01  -0.3808099E+00   0.4182099E+01
   49  -0.5899521E+01   0.1258318E+01   0.3616474E+01
   50  -0.5882349E+01  -0.2027550E+01   0.3580984E+01
   51  -0.1114058E+02  -0.4626246E+01  -0.1081641E+01
   52  -0.1016183E+02  -0.3149809E+01  -0.3911146E+01
   53  -0.7959409E+01  -0.4836115E+01  -0.2120738E+01
 Initial ssvpot =     2.758


 Number of unique UNfrozen centers=   22

 Non-linear optimization requested.
 qchnge =    0.3243391313E-01
 qchnge =    0.2104878885E-02
 qchnge =    0.2865777059E-03
 qchnge =    0.4467459953E-04
 qchnge =    0.7166582035E-05
 qchnge =    0.1161901622E-05
 qchnge =    0.1897383393E-06

 Convergence in    6 iterations


Resp charges for organic molecule                                               

          Point Charges Before & After Optimization

    no.  At.no.    q(init)       q(opt)     ivary    d(rstr)/dq
    1   6       0.040575       0.071682      0       0.008127
    2   6      -0.310604      -0.335280      0       0.002858
    3   6       0.758692       0.758692    -99       0.001307
    4   8      -0.592133      -0.592133    -99       0.001665
    5   6      -0.497992      -0.497992    -99       0.001969
    6   6       0.026680       0.026680    -99       0.009662
    7   6      -0.074430      -0.033291      0       0.009488
    8   6      -0.058908      -0.145253      0       0.005671
    9   6      -0.021443      -0.021443    -99       0.009778
   10   6       0.014292       0.014292    -99       0.009899
   11   6       0.216351       0.216351    -99       0.004196
   12   6      -0.052469      -0.031597      0       0.009535
   13   6      -0.115893      -0.250005      0       0.003714
   14   6       0.293669       0.293669    -99       0.003223
   15   6      -0.014559      -0.014559    -99       0.009896
   16   6      -0.049991      -0.028003      0       0.009630
   17   6      -0.172910      -0.228046      0       0.004016
   18   6      -0.005947      -0.005947    -99       0.009982
   19   6      -0.498295      -0.431967      0       0.002255
   20   6      -0.391571      -0.360828      0       0.002671
   21   6       0.597383       0.597383    -99       0.001651
   22   8      -0.551090      -0.551090    -99       0.001785
   23   6      -0.353140      -0.265840      0       0.003521
   24   1       0.003569       0.001296      0       0.000000
   25   1       0.029194       0.001296     24       0.000000
   26   1       0.087962       0.095127      0       0.000000
   27   1       0.084302       0.095127     26       0.000000
   28   1       0.187182       0.187182    -99       0.000000
   29   1       0.046589       0.049549      0       0.000000
   30   1       0.064724       0.049549     29       0.000000
   31   1       0.022316       0.051945      0       0.000000
   32   1       0.030721       0.051945     31       0.000000
   33   1       0.046073       0.046073    -99       0.000000
   34   1       0.007636       0.007636    -99       0.000000
   35   1       0.006932       0.027585      0       0.000000
   36   1       0.032303       0.027585     35       0.000000
   37   1       0.007330       0.050757      0       0.000000
   38   1       0.039801       0.050757     37       0.000000
   39   1       0.019494       0.019494    -99       0.000000
   40   1       0.027359       0.025871      0       0.000000
   41   1       0.027817       0.025871     40       0.000000
   42   1       0.068760       0.076835      0       0.000000
   43   1       0.050936       0.076835     42       0.000000
   44   1      -0.011286      -0.011286    -99       0.000000
   45   1       0.103109       0.088650      0       0.000000
   46   1       0.106324       0.088650     45       0.000000
   47   1       0.086079       0.088650     45       0.000000
   48   1       0.101684       0.109572      0       0.000000
   49   1       0.140252       0.109572     48       0.000000
   50   1       0.119854       0.109572     48       0.000000
   51   1       0.111869       0.070943      0       0.000000
   52   1       0.096494       0.070943     51       0.000000
   53   1       0.068353       0.070943     51       0.000000

 Sum over the calculated charges:     -0.000

        Statistics of the fitting:
  The initial sum of squares (ssvpot)                      2.758
  The residual sum of squares (chipot)                     0.017
  The std err of estimate (sqrt(chipot/N))               0.00128
  ESP relative RMS (SQRT(chipot/ssvpot))                 0.07758

 Center of Mass (Angst.):

 X  =   0.00000      Y  =   0.00000      Z  =   0.00000

 Dipole (Debye):

 X  =  -2.23574      Y  =  -0.61715      Z  =   0.08569

 Dipole Moment (Debye)=   2.32093

 Quadrupole (Debye*Angst.):

 Qxx =-121.10332     QYY =  71.79635     QZZ =  49.30697
 Qxy =  53.48109     QXZ = 112.68167     QYZ =  44.68399
