
 -----------------------------------------------
      Restrained ESP Fit 2.3  Amber 4.1
 -----------------------------------------------
 Resp charges for organic molecule                                               
 -----------------------------------------------


 inopt       =     0   ioutopt     =     1
 nmol        =     1   iqopt       =     0
 ihfree      =     1   irstrnt     =     1
 iunits      =     0   qwt         =   0.00050000
 wtmol(1) =     1.000000
 subtitle:

Resp charges for organic molecule                                               
ich =   0  iuniq =  54
    1    6    0
    2    6    0
    3    6    0
    4    6    0
    5    6    0
    6    6    0
    7    6    0
    8    6    0
    9    6    0
   10    6    0
   11    6    0
   12    6    0
   13    6    0
   14    6    0
   15    6    0
   16    6    0
   17    6    0
   18    8    0
   19    8    0
   20    8    0
   21    6    0
   22    6    0
   23    6    0
   24    6    0
   25    8    0
   26    8    0
   27    1    0
   28    1    0
   29    1    0
   30    1    0
   31    1    0
   32    1    0
   33    1    0
   34    1    0
   35    1    0
   36    1    0
   37    1    0
   38    1    0
   39    1    0
   40    1    0
   41    1    0
   42    1    0
   43    1    0
   44    1    0
   45    1    0
   46    1    0
   47    1    0
   48    1    0
   49    1    0
   50    1    0
   51    1    0
   52    1    0
   53    1    0
   54    1    0

  ----------------------------------------------------------------------------
     ATOM                       COORDINATES                         CHARGE
                       X             Y                Z
  ----------------------------------------------------------------------------
  ----------------------------------------------------------------------------


 Charge on the molecule(ich) =    0
 Total number of atoms (iuniq)     =   54
 Weight factor on initial charge restraints(qwt)=     0.50000D-03


  there are  1 charge constraints:


     1       1
     2       1
     3       1
     4       1
     5       1
     6       1
     7       1
     8       1
     9       1
    10       1
    11       1
    12       1
    13       1
    14       1
    15       1
    16       1
    17       1
    18       1
    19       1
    20       1
    21       1
    22       1
    23       1
    24       1
    25       1
    26       1
    27       1
    28       1
    29       1
    30       1
    31       1
    32       1
    33       1
    34       1
    35       1
    36       1
    37       1
    38       1
    39       1
    40       1
    41       1
    42       1
    43       1
    44       1
    45       1
    46       1
    47       1
    48       1
    49       1
    50       1
    51       1
    52       1
    53       1
    54       1

 Reading esp"s for molecule   1
 total number of atoms      =    54
 total number of esp points = 10452


 center     X       Y       Z 
    1  -0.1647268E+01   0.2389472E+01  -0.5182414E+00
    2  -0.2267728E+01  -0.2289954E+01  -0.6203030E+00
    3  -0.4274204E+01   0.2017585E+00   0.2896097E+01
    4   0.4968325E+01  -0.8099149E+00   0.7328019E+00
    5   0.6474479E+01   0.1557009E+01   0.1543625E-01
    6   0.8685674E+01   0.1477151E+01  -0.1178505E+01
    7   0.1003425E+02  -0.8815191E+00  -0.1821193E+01
    8   0.5344836E+01  -0.1229650E+01   0.3607038E+01
    9  -0.5916807E+01   0.4006492E+01  -0.1002461E+01
   10  -0.5825357E+01   0.1120745E+01  -0.1482051E+01
   11  -0.8415802E+01  -0.1329074E+00  -0.1172732E+01
   12  -0.8571502E+01  -0.2985521E+01  -0.1528711E+01
   13  -0.3232377E+01   0.4784549E+01  -0.1274565E+00
   14  -0.3508725E+01   0.2365153E+00   0.1004474E+00
   15   0.9691964E+00   0.2172190E+01   0.7161303E+00
   16   0.2135028E+01  -0.3974200E+00  -0.6374273E-01
   17   0.3237722E+00  -0.2578149E+01   0.6381512E+00
   18  -0.1730075E+00  -0.2679645E+01   0.3257437E+01
   19  -0.6155159E+01  -0.8443035E+00   0.3619727E+01
   20   0.1196205E+02  -0.8662622E+00  -0.3004628E+01
   21   0.8886934E+01  -0.3282011E+01  -0.7895030E+00
   22   0.6006519E+01  -0.3113837E+01  -0.7391182E+00
   23   0.5363516E+01   0.4054332E+01   0.8200372E+00
   24   0.2655716E+01   0.4367562E+01  -0.1199569E+00
   25  -0.1028682E+02   0.1118398E+01  -0.8339376E+00
   26  -0.1105139E+02  -0.3695570E+01  -0.2062922E+01
   27  -0.1312930E+01   0.2244260E+01  -0.2545988E+01
   28  -0.3418113E+01  -0.3884598E+01  -0.5595287E-01
   29  -0.2042526E+01  -0.2363792E+01  -0.2660649E+01
   30   0.9669352E+01   0.3189292E+01  -0.1663141E+01
   31  -0.7323445E+01   0.4426206E+01   0.4174898E+00
   32  -0.6487973E+01   0.5000460E+01  -0.2697261E+01
   33  -0.5326006E+01   0.7893959E+00  -0.3452830E+01
   34  -0.7914945E+01  -0.3854535E+01   0.2075206E+00
   35  -0.7286716E+01  -0.3541677E+01  -0.3034866E+01
   36  -0.2506885E+01   0.6379531E+01  -0.1186024E+01
   37  -0.3244124E+01   0.5343451E+01   0.1849476E+01
   38   0.7900269E+00   0.2241527E+01   0.2759640E+01
   39   0.2187651E+01  -0.3771541E+00  -0.2121944E+01
   40   0.1114382E+01  -0.4365546E+01   0.2126978E-01
   41   0.9519182E+01  -0.4855782E+01  -0.1935092E+01
   42   0.9644610E+01  -0.3568933E+01   0.1099335E+01
   43   0.5249473E+01  -0.4848857E+01   0.4574022E-01
   44   0.5343096E+01  -0.3012838E+01  -0.2680203E+01
   45   0.5380444E+01   0.4156457E+01   0.2874478E+01
   46   0.6542110E+01   0.5587372E+01   0.1460814E+00
   47   0.2665684E+01   0.4480276E+01  -0.2173682E+01
   48   0.1895776E+01   0.6143259E+01   0.5683341E+00
   49  -0.1104982E+02  -0.5124082E+01  -0.3134647E+01
   50   0.7313032E+01  -0.9827478E+00   0.4115049E+01
   51   0.4245471E+01   0.6972423E-01   0.4739917E+01
   52   0.4836547E+01  -0.3138013E+01   0.4157638E+01
   53   0.1087813E+01  -0.3591969E+01   0.4129599E+01
   54  -0.3067356E+01   0.1197023E+01   0.4232312E+01
 Initial ssvpot =     6.865


 Number of unique UNfrozen centers=   54

 Non-linear optimization requested.
 qchnge =    0.4393588441E-01
 qchnge =    0.3789628616E-02
 qchnge =    0.8765419574E-03
 qchnge =    0.2453799281E-03
 qchnge =    0.7323888116E-04
 qchnge =    0.2235117159E-04
 qchnge =    0.6889676888E-05
 qchnge =    0.2135525979E-05
 qchnge =    0.6642410068E-06

 Convergence in    8 iterations


Resp charges for organic molecule                                               

          Point Charges Before & After Optimization

    no.  At.no.    q(init)       q(opt)     ivary    d(rstr)/dq
    1   6       0.000000      -0.130448      0       0.003042
    2   6       0.000000      -0.214467      0       0.002113
    3   6       0.000000       0.334317      0       0.001433
    4   6       0.000000       0.411844      0       0.001180
    5   6       0.000000       0.018021      0       0.004921
    6   6       0.000000      -0.497880      0       0.000985
    7   6       0.000000       0.745175      0       0.000665
    8   6       0.000000      -0.458376      0       0.001066
    9   6       0.000000      -0.244388      0       0.001894
   10   6       0.000000      -0.140444      0       0.002900
   11   6       0.000000       0.600014      0       0.000822
   12   6       0.000000       0.177651      0       0.002453
   13   6       0.000000       0.022860      0       0.004874
   14   6       0.000000       0.579007      0       0.000851
   15   6       0.000000       0.016100      0       0.004936
   16   6       0.000000      -0.431016      0       0.001130
   17   6       0.000000       0.374772      0       0.001289
   18   8       0.000000      -0.718935      0       0.000689
   19   8       0.000000      -0.510118      0       0.000962
   20   8       0.000000      -0.583818      0       0.000844
   21   6       0.000000      -0.284115      0       0.001660
   22   6       0.000000       0.008598      0       0.004982
   23   6       0.000000      -0.090476      0       0.003708
   24   6       0.000000      -0.019926      0       0.004904
   25   8       0.000000      -0.511305      0       0.000960
   26   8       0.000000      -0.701795      0       0.000705
   27   1       0.000000       0.030583      0       0.000000
   28   1       0.000000       0.022859      0       0.000000
   29   1       0.000000       0.006921      0       0.000000
   30   1       0.000000       0.192717      0       0.000000
   31   1       0.000000       0.082014      0       0.000000
   32   1       0.000000       0.082907      0       0.000000
   33   1       0.000000       0.008061      0       0.000000
   34   1       0.000000       0.056613      0       0.000000
   35   1       0.000000      -0.032681      0       0.000000
   36   1       0.000000       0.021725      0       0.000000
   37   1       0.000000      -0.003211      0       0.000000
   38   1       0.000000       0.051602      0       0.000000
   39   1       0.000000       0.101468      0       0.000000
   40   1       0.000000       0.002727      0       0.000000
   41   1       0.000000       0.084714      0       0.000000
   42   1       0.000000       0.077790      0       0.000000
   43   1       0.000000       0.023509      0       0.000000
   44   1       0.000000       0.003397      0       0.000000
   45   1       0.000000       0.053246      0       0.000000
   46   1       0.000000       0.068481      0       0.000000
   47   1       0.000000       0.038164      0       0.000000
   48   1       0.000000       0.014304      0       0.000000
   49   1       0.000000       0.446540      0       0.000000
   50   1       0.000000       0.117970      0       0.000000
   51   1       0.000000       0.129096      0       0.000000
   52   1       0.000000       0.092232      0       0.000000
   53   1       0.000000       0.444835      0       0.000000
   54   1       0.000000       0.030562      0       0.000000

 Sum over the calculated charges:     -0.000

        Statistics of the fitting:
  The initial sum of squares (ssvpot)                      6.865
  The residual sum of squares (chipot)                     0.015
  The std err of estimate (sqrt(chipot/N))               0.00119
  ESP relative RMS (SQRT(chipot/ssvpot))                 0.04658

 Center of Mass (Angst.):

 X  =   0.00000      Y  =   0.00000      Z  =   0.00000

 Dipole (Debye):

 X  =   4.22314      Y  =  -1.42534      Z  =  -0.34341

 Dipole Moment (Debye)=   4.47040

 Quadrupole (Debye*Angst.):

 Qxx =-186.18406     QYY = 118.14048     QZZ =  68.04358
 Qxy =  93.03255     QXZ = 159.98344     QYZ =  87.98962
