unlimited

======================   ALLOCATED NODES   ======================

 Data for node: compute-0-7.local	Num slots: 24	Max slots: 0
 Data for node: compute-0-3.local	Num slots: 24	Max slots: 0
 Data for node: compute-0-6.local	Num slots: 12	Max slots: 0

=================================================================

real	1m4.207s
user	10m24.518s
sys	13m28.138s

======================   ALLOCATED NODES   ======================

 Data for node: compute-0-7.local	Num slots: 24	Max slots: 0
 Data for node: compute-0-3.local	Num slots: 24	Max slots: 0
 Data for node: compute-0-6.local	Num slots: 12	Max slots: 0

=================================================================

real	27m25.760s
user	311m48.572s
sys	325m57.291s

======================   ALLOCATED NODES   ======================

 Data for node: compute-0-7.local	Num slots: 24	Max slots: 0
 Data for node: compute-0-3.local	Num slots: 24	Max slots: 0
 Data for node: compute-0-6.local	Num slots: 12	Max slots: 0

=================================================================

real	29m55.516s
user	351m39.646s
sys	360m54.271s
unlimited

======================   ALLOCATED NODES   ======================

 Data for node: compute-0-0.local	Num slots: 24	Max slots: 0
 Data for node: compute-0-17.local	Num slots: 8	Max slots: 0
 Data for node: compute-0-2.local	Num slots: 24	Max slots: 0
 Data for node: compute-0-11.local	Num slots: 4	Max slots: 0

=================================================================

real	7m12.093s
user	83m1.584s
sys	86m22.739s

======================   ALLOCATED NODES   ======================

 Data for node: compute-0-0.local	Num slots: 24	Max slots: 0
 Data for node: compute-0-17.local	Num slots: 8	Max slots: 0
 Data for node: compute-0-2.local	Num slots: 24	Max slots: 0
 Data for node: compute-0-11.local	Num slots: 4	Max slots: 0

=================================================================

real	27m29.048s
user	320m3.045s
sys	338m59.259s

======================   ALLOCATED NODES   ======================

 Data for node: compute-0-0.local	Num slots: 24	Max slots: 0
 Data for node: compute-0-17.local	Num slots: 8	Max slots: 0
 Data for node: compute-0-2.local	Num slots: 24	Max slots: 0
 Data for node: compute-0-11.local	Num slots: 4	Max slots: 0

=================================================================

real	23m8.514s
user	296m25.558s
sys	258m22.848s
unlimited

======================   ALLOCATED NODES   ======================

 Data for node: compute-0-3.local	Num slots: 24	Max slots: 0
 Data for node: compute-0-6.local	Num slots: 24	Max slots: 0
 Data for node: compute-0-0.local	Num slots: 12	Max slots: 0

=================================================================
--------------------------------------------------------------------------
mpirun was unable to launch the specified application as it could not access
or execute an executable:

Executable: /share/apps/amber20/bin/pmemd.MPI.cuda
Node: compute-0-3.local

while attempting to start process rank 0.
--------------------------------------------------------------------------
60 total processes failed to start

real	0m0.267s
user	0m0.009s
sys	0m0.023s
unlimited

======================   ALLOCATED NODES   ======================

 Data for node: compute-0-17.local	Num slots: 8	Max slots: 0
 Data for node: compute-0-2.local	Num slots: 24	Max slots: 0
 Data for node: compute-0-11.local	Num slots: 24	Max slots: 0
 Data for node: compute-0-1.local	Num slots: 4	Max slots: 0

=================================================================
--------------------------------------------------------------------------
mpirun was unable to launch the specified application as it could not access
or execute an executable:

Executable: /share/apps/amber20/bin/pmemd.MPI.cuda
Node: compute-0-17.local

while attempting to start process rank 0.
--------------------------------------------------------------------------
60 total processes failed to start

real	0m0.257s
user	0m0.005s
sys	0m0.012s
unlimited

======================   ALLOCATED NODES   ======================

 Data for node: compute-0-5.local	Num slots: 24	Max slots: 0
 Data for node: compute-0-4.local	Num slots: 24	Max slots: 0
 Data for node: compute-0-16.local	Num slots: 8	Max slots: 0
 Data for node: compute-0-9.local	Num slots: 4	Max slots: 0

=================================================================
--------------------------------------------------------------------------
mpirun was unable to launch the specified application as it could not access
or execute an executable:

Executable: /share/apps/amber20/bin/pmemd.MPI.cuda
Node: compute-0-5.local

while attempting to start process rank 0.
--------------------------------------------------------------------------
60 total processes failed to start

real	0m0.298s
user	0m0.008s
sys	0m0.024s
unlimited

======================   ALLOCATED NODES   ======================

 Data for node: compute-0-14.local	Num slots: 7	Max slots: 0
 Data for node: compute-0-7.local	Num slots: 24	Max slots: 0
 Data for node: compute-0-8.local	Num slots: 23	Max slots: 0
 Data for node: compute-0-13.local	Num slots: 6	Max slots: 0

=================================================================
--------------------------------------------------------------------------
mpirun was unable to launch the specified application as it could not access
or execute an executable:

Executable: /share/apps/amber20/bin/pmemd.MPI.cuda
Node: compute-0-14.local

while attempting to start process rank 0.
--------------------------------------------------------------------------
60 total processes failed to start

real	0m0.127s
user	0m0.002s
sys	0m0.004s
unlimited

======================   ALLOCATED NODES   ======================

 Data for node: compute-0-3.local	Num slots: 24	Max slots: 0
 Data for node: compute-0-6.local	Num slots: 24	Max slots: 0
 Data for node: compute-0-0.local	Num slots: 12	Max slots: 0

=================================================================

real	7m31.002s
user	83m15.083s
sys	88m43.340s

======================   ALLOCATED NODES   ======================

 Data for node: compute-0-3.local	Num slots: 24	Max slots: 0
 Data for node: compute-0-6.local	Num slots: 24	Max slots: 0
 Data for node: compute-0-0.local	Num slots: 12	Max slots: 0

=================================================================

real	26m51.809s
user	342m3.829s
sys	302m2.105s

======================   ALLOCATED NODES   ======================

 Data for node: compute-0-3.local	Num slots: 24	Max slots: 0
 Data for node: compute-0-6.local	Num slots: 24	Max slots: 0
 Data for node: compute-0-0.local	Num slots: 12	Max slots: 0

=================================================================

real	29m42.197s
user	358m19.687s
sys	353m56.926s
unlimited

======================   ALLOCATED NODES   ======================

 Data for node: compute-0-17.local	Num slots: 8	Max slots: 0
 Data for node: compute-0-2.local	Num slots: 24	Max slots: 0
 Data for node: compute-0-11.local	Num slots: 24	Max slots: 0
 Data for node: compute-0-1.local	Num slots: 4	Max slots: 0

=================================================================
--------------------------------------------------------------------------
mpirun was unable to launch the specified application as it could not access
or execute an executable:

Executable: /share/apps/amber20/bin/pmemd.MPI.cuda
Node: compute-0-17.local

while attempting to start process rank 0.
--------------------------------------------------------------------------
60 total processes failed to start

real	0m0.208s
user	0m0.010s
sys	0m0.007s
