
          -------------------------------------------------------
          Amber 20 PMEMD                              2020
          -------------------------------------------------------

| PMEMD implementation of SANDER, Release 18

|  Compiled date/time: Mon Apr 27 22:19:54 2020
| Run on 03/01/2023 at 12:41:08

|   Executable path: /share/apps/amber20/bin/pmemd.MPI
| Working directory: /home/sebas/COL/MD
|          Hostname: compute-0-3.local

  [-O]verwriting output

File Assignments:
|   MDIN: density.in                                                            
|  MDOUT: density.out                                                           
| INPCRD: heat.rst                                                              
|   PARM: ../leap/MR-COL.prmtop                                                 
| RESTRT: density.rst                                                           
|   REFC: heat.rst                                                              
|  MDVEL: mdvel                                                                 
|   MDEN: mden                                                                  
|  MDCRD: density.nc                                                            
| MDINFO: mdinfo                                                                
|LOGFILE: logfile                                                               
|  MDFRC: mdfrc                                                                 


 Here is the input file:

heat ras-raf                                                                   
 &cntrl                                                                        
  imin=0,irest=1,ntx=5,                                                        
  nstlim=25000,dt=0.002,                                                       
  ntc=2,ntf=2,                                                                 
  cut=8.0, ntb=2, ntp=1, taup=1.0,                                             
  ntpr=500, ntwx=500,                                                          
  ntt=3, gamma_ln=2.0,                                                         
  temp0=300.0, ig=-1,                                                          
  ntr=1, restraintmask=':1-258',                                               
  restraint_wt=1.0,                                                            
 /                                                                             


Note: ig = -1. Setting random seed to   416082 based on wallclock time in
      microseconds and disabling the synchronization of random numbers 
      between tasks to improve performance.
| irandom = 1, using AMBER's internal random number generator (default).
 
 
| Conditional Compilation Defines Used:
| MPI
| PUBFFT
| BINTRAJ
| EMIL

| Largest sphere to fit in unit cell has radius =    38.334

| New format PARM file being parsed.
| Version =    1.000 Date = 02/28/23 Time = 16:45:01

| Note: 1-4 EEL scale factors are being read from the topology file.

| Note: 1-4 VDW scale factors are being read from the topology file.
| Duplicated    0 dihedrals

| Duplicated    0 dihedrals

--------------------------------------------------------------------------------
   1.  RESOURCE   USE: 
--------------------------------------------------------------------------------

 getting box info from netcdf restart file
 NATOM  =   49207 NTYPES =      26 NBONH =   47004 MBONA  =    2175
 NTHETH =    4871 MTHETA =    2952 NPHIH =    9760 MPHIA  =    9421
 NHPARM =       0 NPARM  =       0 NNB   =   83567 NRES   =   15294
 NBONA  =    2175 NTHETA =    2952 NPHIA =    9421 NUMBND =      82
 NUMANG =     184 NPTRA  =     219 NATYP =      48 NPHB   =       1
 IFBOX  =       1 NMXRS  =      56 IFCAP =       0 NEXTRA =       0
 NCOPY  =       0

| Coordinate Index Table dimensions:    16   19   15
| Direct force subcell size =     5.1060    5.0329    5.1112

     BOX TYPE: RECTILINEAR

--------------------------------------------------------------------------------
   2.  CONTROL  DATA  FOR  THE  RUN
--------------------------------------------------------------------------------

MOL                                                                             

General flags:
     imin    =       0, nmropt  =       0

Nature and format of input:
     ntx     =       5, irest   =       1, ntrx    =       1

Nature and format of output:
     ntxo    =       2, ntpr    =     500, ntrx    =       1, ntwr    =   25000
     iwrap   =       0, ntwx    =     500, ntwv    =       0, ntwe    =       0
     ioutfm  =       1, ntwprt  =       0, idecomp =       0, rbornstat=      0

Potential function:
     ntf     =       2, ntb     =       2, igb     =       0, nsnb    =      25
     ipol    =       0, gbsa    =       0, iesp    =       0
     dielc   =   1.00000, cut     =   8.00000, intdiel =   1.00000

Frozen or restrained atoms:
     ibelly  =       0, ntr     =       1
     restraint_wt =   1.00000

Molecular dynamics:
     nstlim  =     25000, nscm    =         0, nrespa  =         1
     t       =   0.00000, dt      =   0.00200, vlimit  =  20.00000

Langevin dynamics temperature regulation:
     ig      =  416082
     temp0   = 300.00000, tempi   =   0.00000, gamma_ln=   2.00000

Pressure regulation:
     ntp     =       1
     pres0   =   1.00000, comp    =  44.60000, taup    =   1.00000

SHAKE:
     ntc     =       2, jfastw  =       0
     tol     =   0.00001

| Intermolecular bonds treatment:
|     no_intermolecular_bonds =       1

| Energy averages sample interval:
|     ene_avg_sampling =     500

Ewald parameters:
     verbose =       0, ew_type =       0, nbflag  =       1, use_pme =       1
     vdwmeth =       1, eedmeth =       1, netfrc  =       1
     Box X =   81.695   Box Y =   95.626   Box Z =   76.668
     Alpha =   90.000   Beta  =   90.000   Gamma =   90.000
     NFFT1 =   90       NFFT2 =   96       NFFT3 =   80
     Cutoff=    8.000   Tol   =0.100E-04
     Ewald Coefficient =  0.34864
     Interpolation order =    4

| PMEMD ewald parallel performance parameters:
|     block_fft =    1
|     fft_blk_y_divisor =    4
|     excl_recip =    0
|     excl_master =    0
|     atm_redist_freq =  320

    LOADING THE CONSTRAINED ATOMS AS GROUPS


   5.  REFERENCE ATOM COORDINATES

  MOL                                                                             
     Mask :1-258; matches  4261 atoms

--------------------------------------------------------------------------------
   3.  ATOMIC COORDINATES AND VELOCITIES
--------------------------------------------------------------------------------

MOL                                                                             
 begin time read from input coords =    50.000 ps

 
 Number of triangulated 3-point waters found:    14955

     Sum of charges from parm topology file =  -0.00020017
     Forcing neutrality...

| Dynamic Memory, Types Used:
| Reals             2843801
| Integers          2205007

| Nonbonded Pairs Initial Allocation:      373972

| Running AMBER/MPI version on   60 MPI task

 
--------------------------------------------------------------------------------
   4.  RESULTS
--------------------------------------------------------------------------------

 ---------------------------------------------------
 APPROXIMATING switch and d/dx switch using CUBIC SPLINE INTERPOLATION
 using   5000.0 points per unit in tabled values
 TESTING RELATIVE ERROR over r ranging from 0.0 to cutoff
| CHECK switch(x): max rel err =   0.2738E-14   at   2.422500
| CHECK d/dx switch(x): max rel err =   0.8332E-11   at   2.782960
 ---------------------------------------------------
|---------------------------------------------------
| APPROXIMATING direct energy using CUBIC SPLINE INTERPOLATION
|  with   50.0 points per unit in tabled values
| Relative Error Limit not exceeded for r .gt.   2.47
| APPROXIMATING direct force using CUBIC SPLINE INTERPOLATION
|  with   50.0 points per unit in tabled values
| Relative Error Limit not exceeded for r .gt.   2.89
|---------------------------------------------------

 NSTEP =      500   TIME(PS) =      51.000  TEMP(K) =   299.59  PRESS =  -258.8
 Etot   =   -123521.6191  EKtot   =     29951.1917  EPtot      =   -153472.8109
 BOND   =       822.6980  ANGLE   =      2075.2732  DIHED      =      3453.0919
 1-4 NB =      1033.5303  1-4 EEL =     11210.8308  VDWAALS    =     18999.6013
 EELEC  =   -191458.4263  EHBOND  =         0.0000  RESTRAINT  =       390.5898
 EAMBER (non-restraint)  =   -153863.4007
 EKCMT  =     13402.7773  VIRIAL  =     16702.1040  VOLUME     =    590344.9583
                                                    Density    =         0.8494
 Ewald error estimate:   0.9202E-05
 ------------------------------------------------------------------------------


 NSTEP =     1000   TIME(PS) =      52.000  TEMP(K) =   300.05  PRESS =  -271.0
 Etot   =   -123399.8982  EKtot   =     29996.4372  EPtot      =   -153396.3354
 BOND   =       783.2826  ANGLE   =      2144.5047  DIHED      =      3455.4034
 1-4 NB =      1040.1878  1-4 EEL =     11251.3432  VDWAALS    =     19195.6286
 EELEC  =   -191660.1112  EHBOND  =         0.0000  RESTRAINT  =       393.4255
 EAMBER (non-restraint)  =   -153789.7608
 EKCMT  =     13420.2395  VIRIAL  =     16833.2485  VOLUME     =    583294.0114
                                                    Density    =         0.8596
 Ewald error estimate:   0.2686E-04
 ------------------------------------------------------------------------------


 NSTEP =     1500   TIME(PS) =      53.000  TEMP(K) =   299.19  PRESS =  -133.0
 Etot   =   -123430.2594  EKtot   =     29911.1416  EPtot      =   -153341.4010
 BOND   =       799.6981  ANGLE   =      2083.4376  DIHED      =      3454.2858
 1-4 NB =      1044.1578  1-4 EEL =     11152.0223  VDWAALS    =     19246.5834
 EELEC  =   -191512.1631  EHBOND  =         0.0000  RESTRAINT  =       390.5771
 EAMBER (non-restraint)  =   -153731.9781
 EKCMT  =     13414.7766  VIRIAL  =     15070.8319  VOLUME     =    576865.5641
                                                    Density    =         0.8692
 Ewald error estimate:   0.1368E-04
 ------------------------------------------------------------------------------


 NSTEP =     2000   TIME(PS) =      54.000  TEMP(K) =   301.58  PRESS =  -320.3
 Etot   =   -123277.9487  EKtot   =     30149.5612  EPtot      =   -153427.5098
 BOND   =       827.5788  ANGLE   =      2147.5542  DIHED      =      3487.6160
 1-4 NB =      1057.7793  1-4 EEL =     11178.5899  VDWAALS    =     18650.8444
 EELEC  =   -191217.0179  EHBOND  =         0.0000  RESTRAINT  =       439.5454
 EAMBER (non-restraint)  =   -153867.0553
 EKCMT  =     13641.6167  VIRIAL  =     17590.4557  VOLUME     =    570913.0711
                                                    Density    =         0.8783
 Ewald error estimate:   0.3331E-04
 ------------------------------------------------------------------------------


 NSTEP =     2500   TIME(PS) =      55.000  TEMP(K) =   300.90  PRESS =  -257.2
 Etot   =   -123970.6642  EKtot   =     30082.1575  EPtot      =   -154052.8216
 BOND   =       791.9856  ANGLE   =      2088.2983  DIHED      =      3466.6003
 1-4 NB =      1034.2348  1-4 EEL =     11189.7785  VDWAALS    =     18927.6598
 EELEC  =   -191988.9467  EHBOND  =         0.0000  RESTRAINT  =       437.5679
 EAMBER (non-restraint)  =   -154490.3895
 EKCMT  =     13513.7306  VIRIAL  =     16648.8933  VOLUME     =    564622.7093
                                                    Density    =         0.8880
 Ewald error estimate:   0.1390E-04
 ------------------------------------------------------------------------------


 NSTEP =     3000   TIME(PS) =      56.000  TEMP(K) =   299.01  PRESS =  -121.5
 Etot   =   -124254.9979  EKtot   =     29893.3107  EPtot      =   -154148.3086
 BOND   =       790.4261  ANGLE   =      2131.8997  DIHED      =      3461.0398
 1-4 NB =      1029.6601  1-4 EEL =     11174.8617  VDWAALS    =     19248.1336
 EELEC  =   -192398.8443  EHBOND  =         0.0000  RESTRAINT  =       414.5147
 EAMBER (non-restraint)  =   -154562.8233
 EKCMT  =     13605.1678  VIRIAL  =     15071.1726  VOLUME     =    558602.3864
                                                    Density    =         0.8976
 Ewald error estimate:   0.2203E-04
 ------------------------------------------------------------------------------


 NSTEP =     3500   TIME(PS) =      57.000  TEMP(K) =   300.59  PRESS =  -236.9
 Etot   =   -124128.3869  EKtot   =     30050.7856  EPtot      =   -154179.1724
 BOND   =       771.2550  ANGLE   =      2097.1064  DIHED      =      3504.2493
 1-4 NB =      1034.6109  1-4 EEL =     11165.0172  VDWAALS    =     19015.7370
 EELEC  =   -192185.2370  EHBOND  =         0.0000  RESTRAINT  =       418.0888
 EAMBER (non-restraint)  =   -154597.2612
 EKCMT  =     13607.6171  VIRIAL  =     16441.4392  VOLUME     =    554040.7009
                                                    Density    =         0.9050
 Ewald error estimate:   0.5837E-04
 ------------------------------------------------------------------------------


 NSTEP =     4000   TIME(PS) =      58.000  TEMP(K) =   300.14  PRESS =  -198.2
 Etot   =   -124290.0066  EKtot   =     30005.4271  EPtot      =   -154295.4337
 BOND   =       763.0127  ANGLE   =      2141.3404  DIHED      =      3456.9896
 1-4 NB =      1030.1377  1-4 EEL =     11169.4222  VDWAALS    =     18905.7059
 EELEC  =   -192180.4701  EHBOND  =         0.0000  RESTRAINT  =       418.4279
 EAMBER (non-restraint)  =   -154713.8616
 EKCMT  =     13561.5578  VIRIAL  =     15909.8718  VOLUME     =    548877.3763
                                                    Density    =         0.9135
 Ewald error estimate:   0.3270E-04
 ------------------------------------------------------------------------------


 NSTEP =     4500   TIME(PS) =      59.000  TEMP(K) =   301.13  PRESS =  -186.8
 Etot   =   -124529.9239  EKtot   =     30104.6280  EPtot      =   -154634.5519
 BOND   =       806.6689  ANGLE   =      2090.0785  DIHED      =      3448.2283
 1-4 NB =      1028.9910  1-4 EEL =     11155.0439  VDWAALS    =     19238.5978
 EELEC  =   -192805.9645  EHBOND  =         0.0000  RESTRAINT  =       403.8043
 EAMBER (non-restraint)  =   -155038.3562
 EKCMT  =     13505.3675  VIRIAL  =     15700.0934  VOLUME     =    544156.4520
                                                    Density    =         0.9214
 Ewald error estimate:   0.3708E-04
 ------------------------------------------------------------------------------


 NSTEP =     5000   TIME(PS) =      60.000  TEMP(K) =   301.17  PRESS =  -286.2
 Etot   =   -124291.1745  EKtot   =     30108.5130  EPtot      =   -154399.6875
 BOND   =       781.8307  ANGLE   =      2100.6621  DIHED      =      3443.9222
 1-4 NB =      1035.7402  1-4 EEL =     11237.2228  VDWAALS    =     18862.0694
 EELEC  =   -192282.4596  EHBOND  =         0.0000  RESTRAINT  =       421.3248
 EAMBER (non-restraint)  =   -154821.0122
 EKCMT  =     13599.9065  VIRIAL  =     16935.0626  VOLUME     =    539644.3696
                                                    Density    =         0.9292
 Ewald error estimate:   0.4220E-04
 ------------------------------------------------------------------------------


 NSTEP =     5500   TIME(PS) =      61.000  TEMP(K) =   298.63  PRESS =  -186.2
 Etot   =   -124870.1860  EKtot   =     29854.3920  EPtot      =   -154724.5779
 BOND   =       802.8664  ANGLE   =      2044.6808  DIHED      =      3460.5159
 1-4 NB =      1036.5455  1-4 EEL =     11239.4049  VDWAALS    =     19025.9155
 EELEC  =   -192768.9398  EHBOND  =         0.0000  RESTRAINT  =       434.4328
 EAMBER (non-restraint)  =   -155159.0108
 EKCMT  =     13441.5567  VIRIAL  =     15595.6544  VOLUME     =    535697.1935
                                                    Density    =         0.9360
 Ewald error estimate:   0.1508E-04
 ------------------------------------------------------------------------------


 NSTEP =     6000   TIME(PS) =      62.000  TEMP(K) =   301.98  PRESS =  -235.0
 Etot   =   -124312.1395  EKtot   =     30189.6006  EPtot      =   -154501.7401
 BOND   =       786.0687  ANGLE   =      2154.0472  DIHED      =      3459.1066
 1-4 NB =      1039.3478  1-4 EEL =     11205.7588  VDWAALS    =     18825.7426
 EELEC  =   -192402.6184  EHBOND  =         0.0000  RESTRAINT  =       430.8065
 EAMBER (non-restraint)  =   -154932.5466
 EKCMT  =     13479.3312  VIRIAL  =     16181.3500  VOLUME     =    532444.5957
                                                    Density    =         0.9417
 Ewald error estimate:   0.8380E-04
 ------------------------------------------------------------------------------


 NSTEP =     6500   TIME(PS) =      63.000  TEMP(K) =   300.41  PRESS =  -344.6
 Etot   =   -124772.2215  EKtot   =     30032.4710  EPtot      =   -154804.6925
 BOND   =       783.7539  ANGLE   =      2141.4723  DIHED      =      3456.0714
 1-4 NB =      1039.1533  1-4 EEL =     11207.5866  VDWAALS    =     18871.2426
 EELEC  =   -192727.4423  EHBOND  =         0.0000  RESTRAINT  =       423.4698
 EAMBER (non-restraint)  =   -155228.1622
 EKCMT  =     13562.1025  VIRIAL  =     17499.7011  VOLUME     =    529205.0704
                                                    Density    =         0.9475
 Ewald error estimate:   0.6867E-04
 ------------------------------------------------------------------------------


 NSTEP =     7000   TIME(PS) =      64.000  TEMP(K) =   299.23  PRESS =   -95.7
 Etot   =   -125395.4579  EKtot   =     29914.6872  EPtot      =   -155310.1451
 BOND   =       780.7359  ANGLE   =      2060.5111  DIHED      =      3464.1749
 1-4 NB =      1016.1200  1-4 EEL =     11194.0317  VDWAALS    =     19350.8039
 EELEC  =   -193598.5892  EHBOND  =         0.0000  RESTRAINT  =       422.0666
 EAMBER (non-restraint)  =   -155732.2117
 EKCMT  =     13520.6168  VIRIAL  =     14607.1076  VOLUME     =    525753.1315
                                                    Density    =         0.9537
 Ewald error estimate:   0.1905E-04
 ------------------------------------------------------------------------------


 NSTEP =     7500   TIME(PS) =      65.000  TEMP(K) =   300.61  PRESS =  -184.9
 Etot   =   -125437.7142  EKtot   =     30053.0110  EPtot      =   -155490.7251
 BOND   =       764.6034  ANGLE   =      2076.4296  DIHED      =      3460.7436
 1-4 NB =      1043.5752  1-4 EEL =     11192.2347  VDWAALS    =     19058.5406
 EELEC  =   -193510.6486  EHBOND  =         0.0000  RESTRAINT  =       423.7963
 EAMBER (non-restraint)  =   -155914.5214
 EKCMT  =     13400.0249  VIRIAL  =     15487.7038  VOLUME     =    522907.9226
                                                    Density    =         0.9589
 Ewald error estimate:   0.3383E-04
 ------------------------------------------------------------------------------


 NSTEP =     8000   TIME(PS) =      66.000  TEMP(K) =   299.34  PRESS =   -76.0
 Etot   =   -125523.0405  EKtot   =     29925.3097  EPtot      =   -155448.3502
 BOND   =       804.8529  ANGLE   =      2082.4797  DIHED      =      3437.2976
 1-4 NB =      1024.2366  1-4 EEL =     11200.2500  VDWAALS    =     19335.7710
 EELEC  =   -193772.2594  EHBOND  =         0.0000  RESTRAINT  =       439.0213
 EAMBER (non-restraint)  =   -155887.3716
 EKCMT  =     13475.5894  VIRIAL  =     14329.5714  VOLUME     =    520333.3576
                                                    Density    =         0.9636
 Ewald error estimate:   0.1515E-04
 ------------------------------------------------------------------------------


 NSTEP =     8500   TIME(PS) =      67.000  TEMP(K) =   299.25  PRESS =  -135.5
 Etot   =   -125428.1913  EKtot   =     29917.2806  EPtot      =   -155345.4719
 BOND   =       772.0683  ANGLE   =      2214.3951  DIHED      =      3440.8132
 1-4 NB =      1034.1996  1-4 EEL =     11189.1404  VDWAALS    =     19178.2210
 EELEC  =   -193590.9816  EHBOND  =         0.0000  RESTRAINT  =       416.6721
 EAMBER (non-restraint)  =   -155762.1440
 EKCMT  =     13462.6985  VIRIAL  =     14977.0589  VOLUME     =    517554.4692
                                                    Density    =         0.9688
 Ewald error estimate:   0.1071E-03
 ------------------------------------------------------------------------------


 NSTEP =     9000   TIME(PS) =      68.000  TEMP(K) =   300.33  PRESS =   -27.8
 Etot   =   -125625.3420  EKtot   =     30024.8126  EPtot      =   -155650.1546
 BOND   =       786.5876  ANGLE   =      2215.2615  DIHED      =      3454.3822
 1-4 NB =      1031.6362  1-4 EEL =     11212.6360  VDWAALS    =     19100.3428
 EELEC  =   -193879.5634  EHBOND  =         0.0000  RESTRAINT  =       428.5627
 EAMBER (non-restraint)  =   -156078.7172
 EKCMT  =     13431.9811  VIRIAL  =     13741.3524  VOLUME     =    515400.6378
                                                    Density    =         0.9729
 Ewald error estimate:   0.1916E-04
 ------------------------------------------------------------------------------


 NSTEP =     9500   TIME(PS) =      69.000  TEMP(K) =   300.04  PRESS =  -123.7
 Etot   =   -125366.6371  EKtot   =     29995.3055  EPtot      =   -155361.9426
 BOND   =       811.1221  ANGLE   =      2166.1706  DIHED      =      3460.5221
 1-4 NB =      1039.5378  1-4 EEL =     11247.0857  VDWAALS    =     18950.9850
 EELEC  =   -193466.8098  EHBOND  =         0.0000  RESTRAINT  =       429.4439
 EAMBER (non-restraint)  =   -155791.3865
 EKCMT  =     13548.5454  VIRIAL  =     14918.6661  VOLUME     =    513035.5828
                                                    Density    =         0.9773
 Ewald error estimate:   0.1271E-03
 ------------------------------------------------------------------------------


 NSTEP =    10000   TIME(PS) =      70.000  TEMP(K) =   302.06  PRESS =   129.1
 Etot   =   -125312.6130  EKtot   =     30197.6010  EPtot      =   -155510.2140
 BOND   =       821.3201  ANGLE   =      2123.9866  DIHED      =      3442.0331
 1-4 NB =      1032.1214  1-4 EEL =     11184.0340  VDWAALS    =     19312.7468
 EELEC  =   -193846.3558  EHBOND  =         0.0000  RESTRAINT  =       419.8998
 EAMBER (non-restraint)  =   -155930.1138
 EKCMT  =     13543.0968  VIRIAL  =     12119.0889  VOLUME     =    510886.4001
                                                    Density    =         0.9815
 Ewald error estimate:   0.1772E-04
 ------------------------------------------------------------------------------


 NSTEP =    10500   TIME(PS) =      71.000  TEMP(K) =   300.01  PRESS =  -218.8
 Etot   =   -125818.3175  EKtot   =     29993.1819  EPtot      =   -155811.4995
 BOND   =       772.7622  ANGLE   =      2125.6402  DIHED      =      3473.5842
 1-4 NB =      1045.5911  1-4 EEL =     11190.1165  VDWAALS    =     18850.1143
 EELEC  =   -193687.1003  EHBOND  =         0.0000  RESTRAINT  =       417.7923
 EAMBER (non-restraint)  =   -156229.2917
 EKCMT  =     13386.8655  VIRIAL  =     15794.1905  VOLUME     =    509608.7657
                                                    Density    =         0.9839
 Ewald error estimate:   0.3494E-04
 ------------------------------------------------------------------------------


 NSTEP =    11000   TIME(PS) =      72.000  TEMP(K) =   298.74  PRESS =     7.5
 Etot   =   -125873.9722  EKtot   =     29865.7355  EPtot      =   -155739.7076
 BOND   =       786.2521  ANGLE   =      2094.2184  DIHED      =      3470.8984
 1-4 NB =      1043.9092  1-4 EEL =     11271.3747  VDWAALS    =     19390.7213
 EELEC  =   -194212.7030  EHBOND  =         0.0000  RESTRAINT  =       415.6211
 EAMBER (non-restraint)  =   -156155.3287
 EKCMT  =     13343.6445  VIRIAL  =     13261.7765  VOLUME     =    508196.4794
                                                    Density    =         0.9866
 Ewald error estimate:   0.2651E-04
 ------------------------------------------------------------------------------


 NSTEP =    11500   TIME(PS) =      73.000  TEMP(K) =   299.10  PRESS =  -143.9
 Etot   =   -126148.1714  EKtot   =     29901.6834  EPtot      =   -156049.8547
 BOND   =       779.0128  ANGLE   =      2142.3411  DIHED      =      3473.2706
 1-4 NB =      1029.6574  1-4 EEL =     11203.5780  VDWAALS    =     19220.3441
 EELEC  =   -194334.0799  EHBOND  =         0.0000  RESTRAINT  =       436.0210
 EAMBER (non-restraint)  =   -156485.8757
 EKCMT  =     13451.9820  VIRIAL  =     15022.0168  VOLUME     =    505471.0562
                                                    Density    =         0.9920
 Ewald error estimate:   0.5187E-04
 ------------------------------------------------------------------------------


 NSTEP =    12000   TIME(PS) =      74.000  TEMP(K) =   299.95  PRESS =  -112.1
 Etot   =   -126028.9158  EKtot   =     29986.6811  EPtot      =   -156015.5969
 BOND   =       815.6886  ANGLE   =      2119.0853  DIHED      =      3431.6404
 1-4 NB =      1028.6130  1-4 EEL =     11208.8939  VDWAALS    =     19012.7934
 EELEC  =   -194048.6923  EHBOND  =         0.0000  RESTRAINT  =       416.3808
 EAMBER (non-restraint)  =   -156431.9777
 EKCMT  =     13433.6230  VIRIAL  =     14651.9364  VOLUME     =    503254.4634
                                                    Density    =         0.9963
 Ewald error estimate:   0.7692E-04
 ------------------------------------------------------------------------------


 NSTEP =    12500   TIME(PS) =      75.000  TEMP(K) =   300.60  PRESS =    38.6
 Etot   =   -125972.5037  EKtot   =     30051.8831  EPtot      =   -156024.3868
 BOND   =       755.7906  ANGLE   =      2194.6485  DIHED      =      3464.1446
 1-4 NB =      1042.4183  1-4 EEL =     11182.7849  VDWAALS    =     19147.0518
 EELEC  =   -194240.1131  EHBOND  =         0.0000  RESTRAINT  =       428.8877
 EAMBER (non-restraint)  =   -156453.2744
 EKCMT  =     13642.2151  VIRIAL  =     13224.1635  VOLUME     =    502253.7368
                                                    Density    =         0.9983
 Ewald error estimate:   0.5812E-04
 ------------------------------------------------------------------------------


 NSTEP =    13000   TIME(PS) =      76.000  TEMP(K) =   301.58  PRESS =    49.0
 Etot   =   -125825.3381  EKtot   =     30149.8908  EPtot      =   -155975.2289
 BOND   =       806.9218  ANGLE   =      2162.0462  DIHED      =      3456.4985
 1-4 NB =      1022.5747  1-4 EEL =     11201.1490  VDWAALS    =     19346.5236
 EELEC  =   -194391.0484  EHBOND  =         0.0000  RESTRAINT  =       420.1057
 EAMBER (non-restraint)  =   -156395.3346
 EKCMT  =     13572.8425  VIRIAL  =     13042.9099  VOLUME     =    501230.4465
                                                    Density    =         1.0004
 Ewald error estimate:   0.1208E-04
 ------------------------------------------------------------------------------


 NSTEP =    13500   TIME(PS) =      77.000  TEMP(K) =   300.34  PRESS =  -101.4
 Etot   =   -126179.1404  EKtot   =     30026.0561  EPtot      =   -156205.1966
 BOND   =       781.0657  ANGLE   =      2116.7016  DIHED      =      3456.9532
 1-4 NB =      1053.4058  1-4 EEL =     11248.8329  VDWAALS    =     19125.2281
 EELEC  =   -194430.6875  EHBOND  =         0.0000  RESTRAINT  =       443.3036
 EAMBER (non-restraint)  =   -156648.5001
 EKCMT  =     13611.2859  VIRIAL  =     14709.0137  VOLUME     =    501151.0235
                                                    Density    =         1.0005
 Ewald error estimate:   0.5362E-04
 ------------------------------------------------------------------------------


 NSTEP =    14000   TIME(PS) =      78.000  TEMP(K) =   299.03  PRESS =    10.7
 Etot   =   -126090.0682  EKtot   =     29894.6434  EPtot      =   -155984.7116
 BOND   =       757.6833  ANGLE   =      2120.6099  DIHED      =      3447.4566
 1-4 NB =      1034.7858  1-4 EEL =     11238.4547  VDWAALS    =     19139.0239
 EELEC  =   -194161.6256  EHBOND  =         0.0000  RESTRAINT  =       438.8999
 EAMBER (non-restraint)  =   -156423.6115
 EKCMT  =     13451.6400  VIRIAL  =     13335.9292  VOLUME     =    499913.8475
                                                    Density    =         1.0030
 Ewald error estimate:   0.8067E-04
 ------------------------------------------------------------------------------


 NSTEP =    14500   TIME(PS) =      79.000  TEMP(K) =   298.69  PRESS =  -202.6
 Etot   =   -126020.2434  EKtot   =     29860.5529  EPtot      =   -155880.7963
 BOND   =       807.3327  ANGLE   =      2109.4842  DIHED      =      3425.5921
 1-4 NB =      1022.1636  1-4 EEL =     11176.7076  VDWAALS    =     18896.6104
 EELEC  =   -193736.4036  EHBOND  =         0.0000  RESTRAINT  =       417.7168
 EAMBER (non-restraint)  =   -156298.5131
 EKCMT  =     13451.6232  VIRIAL  =     15634.5205  VOLUME     =    499012.6342
                                                    Density    =         1.0048
 Ewald error estimate:   0.1006E-03
 ------------------------------------------------------------------------------


 NSTEP =    15000   TIME(PS) =      80.000  TEMP(K) =   300.06  PRESS =  -176.2
 Etot   =   -126187.7645  EKtot   =     29998.1427  EPtot      =   -156185.9072
 BOND   =       766.4983  ANGLE   =      2150.9937  DIHED      =      3452.2913
 1-4 NB =      1015.1415  1-4 EEL =     11183.8872  VDWAALS    =     19030.9746
 EELEC  =   -194229.0409  EHBOND  =         0.0000  RESTRAINT  =       443.3470
 EAMBER (non-restraint)  =   -156629.2542
 EKCMT  =     13504.1162  VIRIAL  =     15398.9800  VOLUME     =    497982.5084
                                                    Density    =         1.0069
 Ewald error estimate:   0.1556E-04
 ------------------------------------------------------------------------------


 NSTEP =    15500   TIME(PS) =      81.000  TEMP(K) =   300.09  PRESS =   -80.1
 Etot   =   -126229.0121  EKtot   =     30000.4382  EPtot      =   -156229.4503
 BOND   =       781.2048  ANGLE   =      2139.7586  DIHED      =      3405.4580
 1-4 NB =      1038.4031  1-4 EEL =     11237.0053  VDWAALS    =     18945.9722
 EELEC  =   -194200.4243  EHBOND  =         0.0000  RESTRAINT  =       423.1720
 EAMBER (non-restraint)  =   -156652.6222
 EKCMT  =     13563.3662  VIRIAL  =     14422.3718  VOLUME     =    496598.2820
                                                    Density    =         1.0097
 Ewald error estimate:   0.4315E-04
 ------------------------------------------------------------------------------


 NSTEP =    16000   TIME(PS) =      82.000  TEMP(K) =   298.88  PRESS =    69.1
 Etot   =   -126048.9512  EKtot   =     29880.0661  EPtot      =   -155929.0173
 BOND   =       805.4405  ANGLE   =      2088.2591  DIHED      =      3476.1473
 1-4 NB =      1010.3442  1-4 EEL =     11164.1909  VDWAALS    =     19260.7908
 EELEC  =   -194162.5395  EHBOND  =         0.0000  RESTRAINT  =       428.3494
 EAMBER (non-restraint)  =   -156357.3668
 EKCMT  =     13477.5345  VIRIAL  =     12737.7317  VOLUME     =    495908.9243
                                                    Density    =         1.0111
 Ewald error estimate:   0.3846E-04
 ------------------------------------------------------------------------------


 NSTEP =    16500   TIME(PS) =      83.000  TEMP(K) =   300.15  PRESS =    -9.5
 Etot   =   -125948.0865  EKtot   =     30006.4323  EPtot      =   -155954.5189
 BOND   =       796.6800  ANGLE   =      2093.5923  DIHED      =      3467.3352
 1-4 NB =      1039.4014  1-4 EEL =     11192.5596  VDWAALS    =     18966.8288
 EELEC  =   -193928.8972  EHBOND  =         0.0000  RESTRAINT  =       417.9810
 EAMBER (non-restraint)  =   -156372.4999
 EKCMT  =     13430.8400  VIRIAL  =     13532.1528  VOLUME     =    494874.3013
                                                    Density    =         1.0132
 Ewald error estimate:   0.7520E-05
 ------------------------------------------------------------------------------


 NSTEP =    17000   TIME(PS) =      84.000  TEMP(K) =   300.91  PRESS =    32.8
 Etot   =   -125966.6886  EKtot   =     30082.2891  EPtot      =   -156048.9778
 BOND   =       814.8028  ANGLE   =      2137.3784  DIHED      =      3458.8384
 1-4 NB =      1036.1553  1-4 EEL =     11192.9214  VDWAALS    =     19112.7869
 EELEC  =   -194229.6127  EHBOND  =         0.0000  RESTRAINT  =       427.7517
 EAMBER (non-restraint)  =   -156476.7295
 EKCMT  =     13489.8998  VIRIAL  =     13139.9915  VOLUME     =    494464.1678
                                                    Density    =         1.0141
 Ewald error estimate:   0.4795E-04
 ------------------------------------------------------------------------------


 NSTEP =    17500   TIME(PS) =      85.000  TEMP(K) =   301.96  PRESS =    55.9
 Etot   =   -126148.0729  EKtot   =     30187.8594  EPtot      =   -156335.9324
 BOND   =       816.8119  ANGLE   =      2121.4328  DIHED      =      3446.6516
 1-4 NB =      1032.2494  1-4 EEL =     11172.6442  VDWAALS    =     18949.3492
 EELEC  =   -194295.6843  EHBOND  =         0.0000  RESTRAINT  =       420.6128
 EAMBER (non-restraint)  =   -156756.5451
 EKCMT  =     13641.2182  VIRIAL  =     13045.4820  VOLUME     =    493409.5439
                                                    Density    =         1.0162
 Ewald error estimate:   0.3280E-04
 ------------------------------------------------------------------------------


 NSTEP =    18000   TIME(PS) =      86.000  TEMP(K) =   300.10  PRESS =   156.3
 Etot   =   -126292.4396  EKtot   =     30001.3180  EPtot      =   -156293.7576
 BOND   =       748.9804  ANGLE   =      2129.7642  DIHED      =      3465.6124
 1-4 NB =      1065.8538  1-4 EEL =     11242.4751  VDWAALS    =     19378.0854
 EELEC  =   -194751.8659  EHBOND  =         0.0000  RESTRAINT  =       427.3371
 EAMBER (non-restraint)  =   -156721.0947
 EKCMT  =     13498.2035  VIRIAL  =     11833.3462  VOLUME     =    493241.9173
                                                    Density    =         1.0166
 Ewald error estimate:   0.6159E-04
 ------------------------------------------------------------------------------


 NSTEP =    18500   TIME(PS) =      87.000  TEMP(K) =   300.58  PRESS =    65.4
 Etot   =   -126189.5341  EKtot   =     30049.5948  EPtot      =   -156239.1289
 BOND   =       802.2585  ANGLE   =      2095.4424  DIHED      =      3432.7552
 1-4 NB =      1027.0133  1-4 EEL =     11215.8708  VDWAALS    =     19319.0621
 EELEC  =   -194555.6180  EHBOND  =         0.0000  RESTRAINT  =       424.0868
 EAMBER (non-restraint)  =   -156663.2156
 EKCMT  =     13489.1469  VIRIAL  =     12792.5435  VOLUME     =    493494.1715
                                                    Density    =         1.0160
 Ewald error estimate:   0.1272E-04
 ------------------------------------------------------------------------------


 NSTEP =    19000   TIME(PS) =      88.000  TEMP(K) =   301.29  PRESS =  -111.4
 Etot   =   -126138.1770  EKtot   =     30121.2295  EPtot      =   -156259.4065
 BOND   =       781.2659  ANGLE   =      2085.5855  DIHED      =      3433.6476
 1-4 NB =      1037.9455  1-4 EEL =     11236.0998  VDWAALS    =     18968.9265
 EELEC  =   -194246.4063  EHBOND  =         0.0000  RESTRAINT  =       443.5290
 EAMBER (non-restraint)  =   -156702.9355
 EKCMT  =     13481.1158  VIRIAL  =     14665.2241  VOLUME     =    492129.5258
                                                    Density    =         1.0189
 Ewald error estimate:   0.4040E-06
 ------------------------------------------------------------------------------


 NSTEP =    19500   TIME(PS) =      89.000  TEMP(K) =   297.87  PRESS =   158.1
 Etot   =   -126459.6211  EKtot   =     29778.5364  EPtot      =   -156238.1575
 BOND   =       791.9287  ANGLE   =      2107.8310  DIHED      =      3453.4523
 1-4 NB =      1018.5797  1-4 EEL =     11201.8051  VDWAALS    =     19338.3551
 EELEC  =   -194581.9301  EHBOND  =         0.0000  RESTRAINT  =       431.8207
 EAMBER (non-restraint)  =   -156669.9782
 EKCMT  =     13443.2684  VIRIAL  =     11764.6399  VOLUME     =    491659.3335
                                                    Density    =         1.0198
 Ewald error estimate:   0.2948E-04
 ------------------------------------------------------------------------------


 NSTEP =    20000   TIME(PS) =      90.000  TEMP(K) =   300.54  PRESS =    72.6
 Etot   =   -126173.3957  EKtot   =     30045.6250  EPtot      =   -156219.0207
 BOND   =       827.3001  ANGLE   =      2144.7148  DIHED      =      3476.5227
 1-4 NB =      1036.2890  1-4 EEL =     11189.2794  VDWAALS    =     19159.9305
 EELEC  =   -194491.0344  EHBOND  =         0.0000  RESTRAINT  =       437.9773
 EAMBER (non-restraint)  =   -156656.9980
 EKCMT  =     13515.2815  VIRIAL  =     12744.6554  VOLUME     =    491875.2367
                                                    Density    =         1.0194
 Ewald error estimate:   0.3995E-04
 ------------------------------------------------------------------------------


 NSTEP =    20500   TIME(PS) =      91.000  TEMP(K) =   298.25  PRESS =  -132.3
 Etot   =   -126250.0807  EKtot   =     29817.2969  EPtot      =   -156067.3776
 BOND   =       820.3199  ANGLE   =      2141.2634  DIHED      =      3467.2578
 1-4 NB =      1045.6662  1-4 EEL =     11222.9228  VDWAALS    =     18945.1890
 EELEC  =   -194134.4483  EHBOND  =         0.0000  RESTRAINT  =       424.4516
 EAMBER (non-restraint)  =   -156491.8292
 EKCMT  =     13443.3008  VIRIAL  =     14846.3293  VOLUME     =    491348.6123
                                                    Density    =         1.0205
 Ewald error estimate:   0.1704E-04
 ------------------------------------------------------------------------------


 NSTEP =    21000   TIME(PS) =      92.000  TEMP(K) =   299.14  PRESS =   156.0
 Etot   =   -126301.4332  EKtot   =     29906.2648  EPtot      =   -156207.6980
 BOND   =       807.9905  ANGLE   =      2148.9940  DIHED      =      3439.4723
 1-4 NB =      1052.2670  1-4 EEL =     11216.8598  VDWAALS    =     19368.8921
 EELEC  =   -194652.9650  EHBOND  =         0.0000  RESTRAINT  =       410.7914
 EAMBER (non-restraint)  =   -156618.4893
 EKCMT  =     13419.3437  VIRIAL  =     11763.2600  VOLUME     =    491558.5916
                                                    Density    =         1.0200
 Ewald error estimate:   0.2862E-04
 ------------------------------------------------------------------------------


 NSTEP =    21500   TIME(PS) =      93.000  TEMP(K) =   299.42  PRESS =   -73.4
 Etot   =   -126392.7055  EKtot   =     29934.1582  EPtot      =   -156326.8637
 BOND   =       774.6669  ANGLE   =      2027.4001  DIHED      =      3457.8951
 1-4 NB =      1058.0485  1-4 EEL =     11179.4833  VDWAALS    =     19152.1420
 EELEC  =   -194399.9202  EHBOND  =         0.0000  RESTRAINT  =       423.4205
 EAMBER (non-restraint)  =   -156750.2842
 EKCMT  =     13505.6388  VIRIAL  =     14286.5627  VOLUME     =    492494.2371
                                                    Density    =         1.0181
 Ewald error estimate:   0.7082E-04
 ------------------------------------------------------------------------------


 NSTEP =    22000   TIME(PS) =      94.000  TEMP(K) =   301.60  PRESS =    -6.2
 Etot   =   -126308.9910  EKtot   =     30151.6647  EPtot      =   -156460.6557
 BOND   =       783.1602  ANGLE   =      2148.5203  DIHED      =      3464.5562
 1-4 NB =      1027.8495  1-4 EEL =     11282.2998  VDWAALS    =     19354.5332
 EELEC  =   -194937.1827  EHBOND  =         0.0000  RESTRAINT  =       415.6078
 EAMBER (non-restraint)  =   -156876.2635
 EKCMT  =     13502.4413  VIRIAL  =     13568.0359  VOLUME     =    492667.2933
                                                    Density    =         1.0177
 Ewald error estimate:   0.1984E-04
 ------------------------------------------------------------------------------


 NSTEP =    22500   TIME(PS) =      95.000  TEMP(K) =   298.30  PRESS =   101.2
 Etot   =   -126362.0700  EKtot   =     29822.0627  EPtot      =   -156184.1327
 BOND   =       746.5522  ANGLE   =      2088.3256  DIHED      =      3498.3240
 1-4 NB =      1033.5093  1-4 EEL =     11218.2619  VDWAALS    =     18991.9936
 EELEC  =   -194180.4258  EHBOND  =         0.0000  RESTRAINT  =       419.3265
 EAMBER (non-restraint)  =   -156603.4592
 EKCMT  =     13379.0331  VIRIAL  =     12302.7779  VOLUME     =    492449.8707
                                                    Density    =         1.0182
 Ewald error estimate:   0.7570E-04
 ------------------------------------------------------------------------------


 NSTEP =    23000   TIME(PS) =      96.000  TEMP(K) =   299.51  PRESS =  -105.2
 Etot   =   -126233.4636  EKtot   =     29942.4310  EPtot      =   -156175.8947
 BOND   =       797.4895  ANGLE   =      2085.0141  DIHED      =      3479.9970
 1-4 NB =      1022.7549  1-4 EEL =     11183.3671  VDWAALS    =     18972.2466
 EELEC  =   -194151.6441  EHBOND  =         0.0000  RESTRAINT  =       434.8802
 EAMBER (non-restraint)  =   -156610.7749
 EKCMT  =     13518.3968  VIRIAL  =     14636.2541  VOLUME     =    492295.4036
                                                    Density    =         1.0185
 Ewald error estimate:   0.4588E-04
 ------------------------------------------------------------------------------


 NSTEP =    23500   TIME(PS) =      97.000  TEMP(K) =   297.44  PRESS =    87.8
 Etot   =   -126493.3874  EKtot   =     29735.6331  EPtot      =   -156229.0205
 BOND   =       790.9744  ANGLE   =      2097.4012  DIHED      =      3465.2494
 1-4 NB =       991.9956  1-4 EEL =     11206.5196  VDWAALS    =     19221.9346
 EELEC  =   -194404.5226  EHBOND  =         0.0000  RESTRAINT  =       401.4272
 EAMBER (non-restraint)  =   -156630.4477
 EKCMT  =     13327.2358  VIRIAL  =     12393.5333  VOLUME     =    492483.3428
                                                    Density    =         1.0181
 Ewald error estimate:   0.8604E-04
 ------------------------------------------------------------------------------


 NSTEP =    24000   TIME(PS) =      98.000  TEMP(K) =   298.10  PRESS =   -17.3
 Etot   =   -126649.9357  EKtot   =     29802.0895  EPtot      =   -156452.0252
 BOND   =       813.4816  ANGLE   =      2101.8608  DIHED      =      3462.8587
 1-4 NB =      1054.0286  1-4 EEL =     11238.9897  VDWAALS    =     19275.0380
 EELEC  =   -194827.7547  EHBOND  =         0.0000  RESTRAINT  =       429.4722
 EAMBER (non-restraint)  =   -156881.4973
 EKCMT  =     13488.3993  VIRIAL  =     13672.1146  VOLUME     =    492282.2937
                                                    Density    =         1.0185
 Ewald error estimate:   0.7506E-04
 ------------------------------------------------------------------------------


 NSTEP =    24500   TIME(PS) =      99.000  TEMP(K) =   296.43  PRESS =   -68.2
 Etot   =   -126613.4709  EKtot   =     29635.3418  EPtot      =   -156248.8127
 BOND   =       787.5334  ANGLE   =      2101.0517  DIHED      =      3475.5438
 1-4 NB =      1032.5613  1-4 EEL =     11191.6683  VDWAALS    =     19119.1264
 EELEC  =   -194379.3263  EHBOND  =         0.0000  RESTRAINT  =       423.0288
 EAMBER (non-restraint)  =   -156671.8415
 EKCMT  =     13268.4196  VIRIAL  =     13993.6983  VOLUME     =    492253.7377
                                                    Density    =         1.0186
 Ewald error estimate:   0.1061E-03
 ------------------------------------------------------------------------------


 NSTEP =    25000   TIME(PS) =     100.000  TEMP(K) =   299.12  PRESS =   -42.5
 Etot   =   -126611.8280  EKtot   =     29903.7951  EPtot      =   -156515.6231
 BOND   =       782.1328  ANGLE   =      2110.7213  DIHED      =      3444.3724
 1-4 NB =      1031.4508  1-4 EEL =     11206.9330  VDWAALS    =     19365.9353
 EELEC  =   -194903.3495  EHBOND  =         0.0000  RESTRAINT  =       446.1809
 EAMBER (non-restraint)  =   -156961.8040
 EKCMT  =     13529.7292  VIRIAL  =     13981.3329  VOLUME     =    492482.4525
                                                    Density    =         1.0181
 Ewald error estimate:   0.8312E-04
 ------------------------------------------------------------------------------


      A V E R A G E S   O V E R      50 S T E P S


 NSTEP =    25000   TIME(PS) =     100.000  TEMP(K) =   299.86  PRESS =   -81.8
 Etot   =   -125541.8841  EKtot   =     29977.8040  EPtot      =   -155519.6881
 BOND   =       791.0480  ANGLE   =      2118.1934  DIHED      =      3457.8273
 1-4 NB =      1034.7226  1-4 EEL =     11205.0846  VDWAALS    =     19112.5475
 EELEC  =   -193662.8179  EHBOND  =         0.0000  RESTRAINT  =       423.7064
 EAMBER (non-restraint)  =   -155943.3945
 EKCMT  =     13487.9990  VIRIAL  =     14451.1581  VOLUME     =    514852.5232
                                                    Density    =         0.9765
 Ewald error estimate:   0.4458E-04
 ------------------------------------------------------------------------------


      R M S  F L U C T U A T I O N S


 NSTEP =    25000   TIME(PS) =     100.000  TEMP(K) =     1.21  PRESS =   131.6
 Etot   =       955.2313  EKtot   =       121.3866  EPtot      =       921.1498
 BOND   =        20.2675  ANGLE   =        37.6971  DIHED      =        17.4213
 1-4 NB =        12.6735  1-4 EEL =        29.1672  VDWAALS    =       179.7491
 EELEC  =      1002.7501  EHBOND  =         0.0000  RESTRAINT  =        12.7857
 EAMBER (non-restraint)  =       908.3641
 EKCMT  =        81.3118  VIRIAL  =      1531.0636  VOLUME     =     27675.2051
                                                    Density    =         0.0494
 Ewald error estimate:   0.3020E-04
 ------------------------------------------------------------------------------

--------------------------------------------------------------------------------
   5.  TIMINGS
--------------------------------------------------------------------------------

|  NonSetup CPU Time in Major Routines, Average for All Tasks:
|
|     Routine           Sec        %
|     ------------------------------
|     DataDistrib     798.65   44.87
|     Nonbond         955.05   53.66
|     Bond              0.07    0.00
|     Angle             0.68    0.04
|     Dihedral          3.04    0.17
|     Shake             1.84    0.10
|     RunMD            19.37    1.09
|     Other             1.11    0.06
|     ------------------------------
|     Total          1779.81

|  PME Nonbond Pairlist CPU Time, Average for All Tasks:
|
|     Routine              Sec        %
|     ---------------------------------
|     Set Up Cit          23.48    1.32
|     Build List          21.99    1.24
|     ---------------------------------
|     Total               45.46    2.55

|  PME Direct Force CPU Time, Average for All Tasks:
|
|     Routine              Sec        %
|     ---------------------------------
|     NonBonded Calc     145.91    8.20
|     Exclude Masked       3.47    0.19
|     Other               11.71    0.66
|     ---------------------------------
|     Total              161.08    9.05

|  PME Reciprocal Force CPU Time, Average for All Tasks:
|
|     Routine              Sec        %
|     ---------------------------------
|     1D bspline           6.30    0.35
|     Grid Charges         6.02    0.34
|     Scalar Sum           3.45    0.19
|     Gradient Sum         8.79    0.49
|     FFT                722.47   40.59
|     ---------------------------------
|     Total              747.03   41.97

|  PME Load Balancing CPU Time, Average for All Tasks:
|
|     Routine                 Sec        %
|     ------------------------------------
|     Atom Reassign           0.22    0.01
|     Image Reassign          1.09    0.06
|     FFT Reassign            0.14    0.01
|     ------------------------------------
|     Total                   1.45    0.08

|  Final Performance Info:
|     -----------------------------------------------------
|     Average timings for last       1 steps:
|     Elapsed(s) =       0.03 Per Step(ms) =      32.85
|         ns/day =       5.26   seconds/ns =   16424.56
|
|     Average timings for all steps:
|     Elapsed(s) =    1779.92 Per Step(ms) =      71.20
|         ns/day =       2.43   seconds/ns =   35598.32
|     -----------------------------------------------------

|  Master Setup CPU time:            1.03 seconds
|  Master NonSetup CPU time:      1779.89 seconds
|  Master Total CPU time:         1780.92 seconds     0.49 hours

|  Master Setup wall time:           2    seconds
|  Master NonSetup wall time:     1780    seconds
|  Master Total wall time:        1782    seconds     0.49 hours
