
          -------------------------------------------------------
          Amber 20 PMEMD                              2020
          -------------------------------------------------------

| PMEMD implementation of SANDER, Release 18

|  Compiled date/time: Mon Apr 27 22:19:54 2020
| Run on 03/01/2023 at 12:14:16

|   Executable path: /share/apps/amber20/bin/pmemd.MPI
| Working directory: /home/sebas/COL/MD
|          Hostname: compute-0-3.local

  [-O]verwriting output

File Assignments:
|   MDIN: heat.in                                                               
|  MDOUT: heat.out                                                              
| INPCRD: min.rst                                                               
|   PARM: ../leap/MR-COL.prmtop                                                 
| RESTRT: heat.rst                                                              
|   REFC: min.rst                                                               
|  MDVEL: mdvel                                                                 
|   MDEN: mden                                                                  
|  MDCRD: heat.nc                                                               
| MDINFO: mdinfo                                                                
|LOGFILE: logfile                                                               
|  MDFRC: mdfrc                                                                 


 Here is the input file:

heat ras-raf                                                                   
 &cntrl                                                                        
  imin=0,irest=0,ntx=1,                                                        
  nstlim=25000,dt=0.002,                                                       
  ntc=2,ntf=2,                                                                 
  cut=8.0, ntb=1,                                                              
  ntpr=500, ntwx=500,                                                          
  ntt=3, gamma_ln=2.0,                                                         
  tempi=0.0, temp0=300.0, ig=-1,                                               
  ntr=1, restraintmask=':1-258',                                               
  restraint_wt=2.0,                                                            
  nmropt=1                                                                     
 /                                                                             
 &wt TYPE='TEMP0', istep1=0, istep2=25000,                                     
  value1=0.1, value2=300.0, /                                                  
 &wt TYPE='END' /                                                              


Note: ig = -1. Setting random seed to   590757 based on wallclock time in
      microseconds and disabling the synchronization of random numbers 
      between tasks to improve performance.
| irandom = 1, using AMBER's internal random number generator (default).
 
 
| Conditional Compilation Defines Used:
| MPI
| PUBFFT
| BINTRAJ
| EMIL

| Largest sphere to fit in unit cell has radius =    38.334

| New format PARM file being parsed.
| Version =    1.000 Date = 02/28/23 Time = 16:45:01

| Note: 1-4 EEL scale factors are being read from the topology file.

| Note: 1-4 VDW scale factors are being read from the topology file.
| Duplicated    0 dihedrals

| Duplicated    0 dihedrals

--------------------------------------------------------------------------------
   1.  RESOURCE   USE: 
--------------------------------------------------------------------------------

 getting box info from netcdf restart file
 NATOM  =   49207 NTYPES =      26 NBONH =   47004 MBONA  =    2175
 NTHETH =    4871 MTHETA =    2952 NPHIH =    9760 MPHIA  =    9421
 NHPARM =       0 NPARM  =       0 NNB   =   83567 NRES   =   15294
 NBONA  =    2175 NTHETA =    2952 NPHIA =    9421 NUMBND =      82
 NUMANG =     184 NPTRA  =     219 NATYP =      48 NPHB   =       1
 IFBOX  =       1 NMXRS  =      56 IFCAP =       0 NEXTRA =       0
 NCOPY  =       0

| Coordinate Index Table dimensions:    16   19   15
| Direct force subcell size =     5.1060    5.0329    5.1112

     BOX TYPE: RECTILINEAR

--------------------------------------------------------------------------------
   2.  CONTROL  DATA  FOR  THE  RUN
--------------------------------------------------------------------------------

MOL                                                                             

General flags:
     imin    =       0, nmropt  =       1

Nature and format of input:
     ntx     =       1, irest   =       0, ntrx    =       1

Nature and format of output:
     ntxo    =       2, ntpr    =     500, ntrx    =       1, ntwr    =   25000
     iwrap   =       0, ntwx    =     500, ntwv    =       0, ntwe    =       0
     ioutfm  =       1, ntwprt  =       0, idecomp =       0, rbornstat=      0

Potential function:
     ntf     =       2, ntb     =       1, igb     =       0, nsnb    =      25
     ipol    =       0, gbsa    =       0, iesp    =       0
     dielc   =   1.00000, cut     =   8.00000, intdiel =   1.00000

Frozen or restrained atoms:
     ibelly  =       0, ntr     =       1
     restraint_wt =   2.00000

Molecular dynamics:
     nstlim  =     25000, nscm    =         0, nrespa  =         1
     t       =   0.00000, dt      =   0.00200, vlimit  =  20.00000

Langevin dynamics temperature regulation:
     ig      =  590757
     temp0   = 300.00000, tempi   =   0.00000, gamma_ln=   2.00000

SHAKE:
     ntc     =       2, jfastw  =       0
     tol     =   0.00001

NMR refinement options:
     iscale  =       0, noeskp  =       1, ipnlty  =       1, mxsub   =       1
     scalm   = 100.00000, pencut  =   0.10000, tausw   =   0.10000

| Intermolecular bonds treatment:
|     no_intermolecular_bonds =       1

| Energy averages sample interval:
|     ene_avg_sampling =     500

Ewald parameters:
     verbose =       0, ew_type =       0, nbflag  =       1, use_pme =       1
     vdwmeth =       1, eedmeth =       1, netfrc  =       1
     Box X =   81.695   Box Y =   95.626   Box Z =   76.668
     Alpha =   90.000   Beta  =   90.000   Gamma =   90.000
     NFFT1 =   90       NFFT2 =   96       NFFT3 =   80
     Cutoff=    8.000   Tol   =0.100E-04
     Ewald Coefficient =  0.34864
     Interpolation order =    4

| PMEMD ewald parallel performance parameters:
|     block_fft =    1
|     fft_blk_y_divisor =    4
|     excl_recip =    0
|     excl_master =    0
|     atm_redist_freq =  320

    LOADING THE CONSTRAINED ATOMS AS GROUPS


   5.  REFERENCE ATOM COORDINATES

  MOL                                                                             
     Mask :1-258; matches  4261 atoms

--------------------------------------------------------------------------------
   3.  ATOMIC COORDINATES AND VELOCITIES
--------------------------------------------------------------------------------

MOL                                                                             
 begin time read from input coords =     0.000 ps



           Begin reading energy term weight changes/NMR restraints
 WEIGHT CHANGES:
 TEMP0         0  25000    0.100000  300.000000      0      0

 RESTRAINTS:
                          ** No restraint defined **

                  Done reading weight changes/NMR restraints


 
 Number of triangulated 3-point waters found:    14955

     Sum of charges from parm topology file =  -0.00020017
     Forcing neutrality...

| Dynamic Memory, Types Used:
| Reals             2174857
| Integers          2006015

| Nonbonded Pairs Initial Allocation:      373972

| Running AMBER/MPI version on   60 MPI task

 
--------------------------------------------------------------------------------
   4.  RESULTS
--------------------------------------------------------------------------------

 ---------------------------------------------------
 APPROXIMATING switch and d/dx switch using CUBIC SPLINE INTERPOLATION
 using   5000.0 points per unit in tabled values
 TESTING RELATIVE ERROR over r ranging from 0.0 to cutoff
| CHECK switch(x): max rel err =   0.2738E-14   at   2.422500
| CHECK d/dx switch(x): max rel err =   0.8332E-11   at   2.782960
 ---------------------------------------------------
|---------------------------------------------------
| APPROXIMATING direct energy using CUBIC SPLINE INTERPOLATION
|  with   50.0 points per unit in tabled values
| Relative Error Limit not exceeded for r .gt.   2.47
| APPROXIMATING direct force using CUBIC SPLINE INTERPOLATION
|  with   50.0 points per unit in tabled values
| Relative Error Limit not exceeded for r .gt.   2.89
|---------------------------------------------------

 NSTEP =        0   TIME(PS) =       0.000  TEMP(K) =     0.00  PRESS =     0.0
 Etot   =   -142204.3888  EKtot   =         0.0000  EPtot      =   -142204.3888
 BOND   =        81.4518  ANGLE   =       557.1490  DIHED      =      3204.9965
 1-4 NB =      1151.2629  1-4 EEL =     11489.9033  VDWAALS    =      7799.1734
 EELEC  =   -166488.3257  EHBOND  =         0.0000  RESTRAINT  =         0.0000
 Ewald error estimate:   0.6295E-03
 ------------------------------------------------------------------------------

 NMR restraints: Bond =    0.000   Angle =     0.000   Torsion =     0.000
===============================================================================

 NSTEP =      500   TIME(PS) =       1.000  TEMP(K) =    48.76  PRESS =     0.0
 Etot   =   -179736.9930  EKtot   =      4874.7926  EPtot      =   -184611.7856
 BOND   =       129.2744  ANGLE   =       566.9491  DIHED      =      3145.0180
 1-4 NB =       957.9020  1-4 EEL =     11286.5834  VDWAALS    =     29091.2475
 EELEC  =   -230091.4925  EHBOND  =         0.0000  RESTRAINT  =       302.7326
 EAMBER (non-restraint)  =   -184914.5182
 Ewald error estimate:   0.1789E-03
 ------------------------------------------------------------------------------

 NMR restraints: Bond =    0.000   Angle =     0.000   Torsion =     0.000
===============================================================================

 NSTEP =     1000   TIME(PS) =       2.000  TEMP(K) =    18.99  PRESS =     0.0
 Etot   =   -187972.2495  EKtot   =      1898.6869  EPtot      =   -189870.9363
 BOND   =       131.4468  ANGLE   =       560.2018  DIHED      =      3129.9966
 1-4 NB =       956.2237  1-4 EEL =     11293.6382  VDWAALS    =     32355.6455
 EELEC  =   -238569.4127  EHBOND  =         0.0000  RESTRAINT  =       271.3236
 EAMBER (non-restraint)  =   -190142.2600
 Ewald error estimate:   0.3305E-03
 ------------------------------------------------------------------------------

 NMR restraints: Bond =    0.000   Angle =     0.000   Torsion =     0.000
===============================================================================

 NSTEP =     1500   TIME(PS) =       3.000  TEMP(K) =    17.48  PRESS =     0.0
 Etot   =   -188812.6826  EKtot   =      1747.9803  EPtot      =   -190560.6629
 BOND   =       143.1347  ANGLE   =       586.5725  DIHED      =      3131.9528
 1-4 NB =       958.5417  1-4 EEL =     11286.3204  VDWAALS    =     33273.8873
 EELEC  =   -240214.9942  EHBOND  =         0.0000  RESTRAINT  =       273.9219
 EAMBER (non-restraint)  =   -190834.5848
 Ewald error estimate:   0.3250E-03
 ------------------------------------------------------------------------------

 NMR restraints: Bond =    0.000   Angle =     0.000   Torsion =     0.000
===============================================================================

 NSTEP =     2000   TIME(PS) =       4.000  TEMP(K) =    21.79  PRESS =     0.0
 Etot   =   -188225.4115  EKtot   =      2178.7724  EPtot      =   -190404.1840
 BOND   =       155.7691  ANGLE   =       613.0376  DIHED      =      3142.7107
 1-4 NB =       963.7236  1-4 EEL =     11297.6281  VDWAALS    =     33237.2151
 EELEC  =   -240089.8519  EHBOND  =         0.0000  RESTRAINT  =       275.5837
 EAMBER (non-restraint)  =   -190679.7677
 Ewald error estimate:   0.3471E-03
 ------------------------------------------------------------------------------

 NMR restraints: Bond =    0.000   Angle =     0.000   Torsion =     0.000
===============================================================================

 NSTEP =     2500   TIME(PS) =       5.000  TEMP(K) =    27.54  PRESS =     0.0
 Etot   =   -187290.0656  EKtot   =      2753.6088  EPtot      =   -190043.6744
 BOND   =       165.9041  ANGLE   =       649.4200  DIHED      =      3151.6680
 1-4 NB =       963.4342  1-4 EEL =     11297.8662  VDWAALS    =     33214.6008
 EELEC  =   -239780.8374  EHBOND  =         0.0000  RESTRAINT  =       294.2696
 EAMBER (non-restraint)  =   -190337.9440
 Ewald error estimate:   0.2891E-03
 ------------------------------------------------------------------------------

 NMR restraints: Bond =    0.000   Angle =     0.000   Torsion =     0.000
===============================================================================

 NSTEP =     3000   TIME(PS) =       6.000  TEMP(K) =    33.60  PRESS =     0.0
 Etot   =   -186286.0844  EKtot   =      3358.6802  EPtot      =   -189644.7646
 BOND   =       180.8772  ANGLE   =       671.4991  DIHED      =      3150.1503
 1-4 NB =       967.1495  1-4 EEL =     11297.0581  VDWAALS    =     32974.1103
 EELEC  =   -239187.6170  EHBOND  =         0.0000  RESTRAINT  =       302.0079
 EAMBER (non-restraint)  =   -189946.7725
 Ewald error estimate:   0.3134E-03
 ------------------------------------------------------------------------------

 NMR restraints: Bond =    0.000   Angle =     0.000   Torsion =     0.000
===============================================================================

 NSTEP =     3500   TIME(PS) =       7.000  TEMP(K) =    39.42  PRESS =     0.0
 Etot   =   -185263.0827  EKtot   =      3940.4292  EPtot      =   -189203.5119
 BOND   =       187.5104  ANGLE   =       702.6045  DIHED      =      3159.8077
 1-4 NB =       974.6363  1-4 EEL =     11305.5091  VDWAALS    =     32779.7411
 EELEC  =   -238625.0334  EHBOND  =         0.0000  RESTRAINT  =       311.7124
 EAMBER (non-restraint)  =   -189515.2242
 Ewald error estimate:   0.3148E-03
 ------------------------------------------------------------------------------

 NMR restraints: Bond =    0.000   Angle =     0.000   Torsion =     0.000
===============================================================================

 NSTEP =     4000   TIME(PS) =       8.000  TEMP(K) =    45.32  PRESS =     0.0
 Etot   =   -184145.9295  EKtot   =      4530.8344  EPtot      =   -188676.7640
 BOND   =       208.5184  ANGLE   =       745.9743  DIHED      =      3163.3724
 1-4 NB =       968.3109  1-4 EEL =     11295.8687  VDWAALS    =     32642.1360
 EELEC  =   -238013.0608  EHBOND  =         0.0000  RESTRAINT  =       312.1161
 EAMBER (non-restraint)  =   -188988.8801
 Ewald error estimate:   0.3289E-03
 ------------------------------------------------------------------------------

 NMR restraints: Bond =    0.000   Angle =     0.000   Torsion =     0.000
===============================================================================

 NSTEP =     4500   TIME(PS) =       9.000  TEMP(K) =    51.25  PRESS =     0.0
 Etot   =   -183137.2536  EKtot   =      5123.1808  EPtot      =   -188260.4343
 BOND   =       226.4900  ANGLE   =       770.9301  DIHED      =      3182.4402
 1-4 NB =       979.8850  1-4 EEL =     11280.9663  VDWAALS    =     32372.4320
 EELEC  =   -237389.7936  EHBOND  =         0.0000  RESTRAINT  =       316.2157
 EAMBER (non-restraint)  =   -188576.6500
 Ewald error estimate:   0.2889E-03
 ------------------------------------------------------------------------------

 NMR restraints: Bond =    0.000   Angle =     0.000   Torsion =     0.000
===============================================================================

 NSTEP =     5000   TIME(PS) =      10.000  TEMP(K) =    57.33  PRESS =     0.0
 Etot   =   -182134.4993  EKtot   =      5731.0397  EPtot      =   -187865.5391
 BOND   =       241.5832  ANGLE   =       799.5217  DIHED      =      3175.8551
 1-4 NB =       971.6656  1-4 EEL =     11269.6710  VDWAALS    =     32265.9536
 EELEC  =   -236914.0726  EHBOND  =         0.0000  RESTRAINT  =       324.2833
 EAMBER (non-restraint)  =   -188189.8224
 Ewald error estimate:   0.2457E-03
 ------------------------------------------------------------------------------

 NMR restraints: Bond =    0.000   Angle =     0.000   Torsion =     0.000
===============================================================================

 NSTEP =     5500   TIME(PS) =      11.000  TEMP(K) =    63.17  PRESS =     0.0
 Etot   =   -181048.8172  EKtot   =      6315.6894  EPtot      =   -187364.5066
 BOND   =       253.9800  ANGLE   =       832.6982  DIHED      =      3181.5213
 1-4 NB =       973.7877  1-4 EEL =     11279.6190  VDWAALS    =     32038.8723
 EELEC  =   -236256.8387  EHBOND  =         0.0000  RESTRAINT  =       331.8537
 EAMBER (non-restraint)  =   -187696.3603
 Ewald error estimate:   0.3413E-03
 ------------------------------------------------------------------------------

 NMR restraints: Bond =    0.000   Angle =     0.000   Torsion =     0.000
===============================================================================

 NSTEP =     6000   TIME(PS) =      12.000  TEMP(K) =    69.29  PRESS =     0.0
 Etot   =   -180013.2053  EKtot   =      6927.0958  EPtot      =   -186940.3010
 BOND   =       265.1534  ANGLE   =       856.4769  DIHED      =      3200.8877
 1-4 NB =       979.4735  1-4 EEL =     11273.5452  VDWAALS    =     31859.3587
 EELEC  =   -235710.2487  EHBOND  =         0.0000  RESTRAINT  =       335.0524
 EAMBER (non-restraint)  =   -187275.3534
 Ewald error estimate:   0.3032E-03
 ------------------------------------------------------------------------------

 NMR restraints: Bond =    0.000   Angle =     0.000   Torsion =     0.000
===============================================================================

 NSTEP =     6500   TIME(PS) =      13.000  TEMP(K) =    75.39  PRESS =     0.0
 Etot   =   -178963.5820  EKtot   =      7537.3256  EPtot      =   -186500.9076
 BOND   =       283.5964  ANGLE   =       898.2312  DIHED      =      3210.9164
 1-4 NB =       982.5513  1-4 EEL =     11260.5125  VDWAALS    =     31742.5333
 EELEC  =   -235234.9929  EHBOND  =         0.0000  RESTRAINT  =       355.7442
 EAMBER (non-restraint)  =   -186856.6518
 Ewald error estimate:   0.2582E-03
 ------------------------------------------------------------------------------

 NMR restraints: Bond =    0.000   Angle =     0.000   Torsion =     0.000
===============================================================================

 NSTEP =     7000   TIME(PS) =      14.000  TEMP(K) =    80.67  PRESS =     0.0
 Etot   =   -177877.4251  EKtot   =      8064.4752  EPtot      =   -185941.9003
 BOND   =       303.1165  ANGLE   =       929.4493  DIHED      =      3209.7557
 1-4 NB =       976.1073  1-4 EEL =     11269.2699  VDWAALS    =     31474.8213
 EELEC  =   -234458.3178  EHBOND  =         0.0000  RESTRAINT  =       353.8974
 EAMBER (non-restraint)  =   -186295.7978
 Ewald error estimate:   0.2775E-03
 ------------------------------------------------------------------------------

 NMR restraints: Bond =    0.000   Angle =     0.000   Torsion =     0.000
===============================================================================

 NSTEP =     7500   TIME(PS) =      15.000  TEMP(K) =    87.47  PRESS =     0.0
 Etot   =   -176660.8938  EKtot   =      8745.0104  EPtot      =   -185405.9041
 BOND   =       304.7708  ANGLE   =       973.9208  DIHED      =      3209.9847
 1-4 NB =       990.9942  1-4 EEL =     11264.0653  VDWAALS    =     31619.9833
 EELEC  =   -234124.4235  EHBOND  =         0.0000  RESTRAINT  =       354.8001
 EAMBER (non-restraint)  =   -185760.7042
 Ewald error estimate:   0.2053E-03
 ------------------------------------------------------------------------------

 NMR restraints: Bond =    0.000   Angle =     0.000   Torsion =     0.000
===============================================================================

 NSTEP =     8000   TIME(PS) =      16.000  TEMP(K) =    93.39  PRESS =     0.0
 Etot   =   -175558.5109  EKtot   =      9336.8047  EPtot      =   -184895.3156
 BOND   =       307.2576  ANGLE   =       997.5036  DIHED      =      3221.2692
 1-4 NB =       986.7895  1-4 EEL =     11278.7354  VDWAALS    =     31280.9254
 EELEC  =   -233329.5218  EHBOND  =         0.0000  RESTRAINT  =       361.7254
 EAMBER (non-restraint)  =   -185257.0411
 Ewald error estimate:   0.2673E-03
 ------------------------------------------------------------------------------

 NMR restraints: Bond =    0.000   Angle =     0.000   Torsion =     0.000
===============================================================================

 NSTEP =     8500   TIME(PS) =      17.000  TEMP(K) =   100.00  PRESS =     0.0
 Etot   =   -174462.5535  EKtot   =      9997.4360  EPtot      =   -184459.9895
 BOND   =       324.7822  ANGLE   =      1003.1087  DIHED      =      3229.6275
 1-4 NB =       988.6859  1-4 EEL =     11270.0458  VDWAALS    =     31104.7837
 EELEC  =   -232744.2687  EHBOND  =         0.0000  RESTRAINT  =       363.2454
 EAMBER (non-restraint)  =   -184823.2349
 Ewald error estimate:   0.2697E-03
 ------------------------------------------------------------------------------

 NMR restraints: Bond =    0.000   Angle =     0.000   Torsion =     0.000
===============================================================================

 NSTEP =     9000   TIME(PS) =      18.000  TEMP(K) =   105.21  PRESS =     0.0
 Etot   =   -173431.5448  EKtot   =     10518.5438  EPtot      =   -183950.0886
 BOND   =       324.6352  ANGLE   =      1032.5745  DIHED      =      3234.3828
 1-4 NB =       994.1007  1-4 EEL =     11282.9097  VDWAALS    =     30971.0103
 EELEC  =   -232163.5133  EHBOND  =         0.0000  RESTRAINT  =       373.8115
 EAMBER (non-restraint)  =   -184323.9001
 Ewald error estimate:   0.2549E-03
 ------------------------------------------------------------------------------

 NMR restraints: Bond =    0.000   Angle =     0.000   Torsion =     0.000
===============================================================================

 NSTEP =     9500   TIME(PS) =      19.000  TEMP(K) =   110.71  PRESS =     0.0
 Etot   =   -172255.5718  EKtot   =     11068.4496  EPtot      =   -183324.0214
 BOND   =       350.4116  ANGLE   =      1076.9432  DIHED      =      3243.5292
 1-4 NB =       999.4394  1-4 EEL =     11270.9328  VDWAALS    =     30597.2556
 EELEC  =   -231234.1758  EHBOND  =         0.0000  RESTRAINT  =       371.6427
 EAMBER (non-restraint)  =   -183695.6642
 Ewald error estimate:   0.3402E-03
 ------------------------------------------------------------------------------

 NMR restraints: Bond =    0.000   Angle =     0.000   Torsion =     0.000
===============================================================================

 NSTEP =    10000   TIME(PS) =      20.000  TEMP(K) =   118.08  PRESS =     0.0
 Etot   =   -171062.9167  EKtot   =     11805.0146  EPtot      =   -182867.9313
 BOND   =       354.1516  ANGLE   =      1111.0130  DIHED      =      3239.0660
 1-4 NB =       996.2666  1-4 EEL =     11292.9345  VDWAALS    =     30402.5021
 EELEC  =   -230654.8588  EHBOND  =         0.0000  RESTRAINT  =       390.9938
 EAMBER (non-restraint)  =   -183258.9251
 Ewald error estimate:   0.2768E-03
 ------------------------------------------------------------------------------

 NMR restraints: Bond =    0.000   Angle =     0.000   Torsion =     0.000
===============================================================================

 NSTEP =    10500   TIME(PS) =      21.000  TEMP(K) =   123.06  PRESS =     0.0
 Etot   =   -170076.2937  EKtot   =     12303.0583  EPtot      =   -182379.3520
 BOND   =       366.4582  ANGLE   =      1160.3637  DIHED      =      3259.0658
 1-4 NB =       993.9771  1-4 EEL =     11291.8711  VDWAALS    =     30249.3004
 EELEC  =   -230087.9305  EHBOND  =         0.0000  RESTRAINT  =       387.5422
 EAMBER (non-restraint)  =   -182766.8942
 Ewald error estimate:   0.2878E-03
 ------------------------------------------------------------------------------

 NMR restraints: Bond =    0.000   Angle =     0.000   Torsion =     0.000
===============================================================================

 NSTEP =    11000   TIME(PS) =      22.000  TEMP(K) =   128.64  PRESS =     0.0
 Etot   =   -168849.1734  EKtot   =     12860.0136  EPtot      =   -181709.1870
 BOND   =       385.2582  ANGLE   =      1163.6920  DIHED      =      3261.3293
 1-4 NB =      1005.7471  1-4 EEL =     11322.3283  VDWAALS    =     29978.2922
 EELEC  =   -229234.0978  EHBOND  =         0.0000  RESTRAINT  =       408.2639
 EAMBER (non-restraint)  =   -182117.4508
 Ewald error estimate:   0.3021E-03
 ------------------------------------------------------------------------------

 NMR restraints: Bond =    0.000   Angle =     0.000   Torsion =     0.000
===============================================================================

 NSTEP =    11500   TIME(PS) =      23.000  TEMP(K) =   135.74  PRESS =     0.0
 Etot   =   -167472.7687  EKtot   =     13569.9847  EPtot      =   -181042.7533
 BOND   =       415.0531  ANGLE   =      1230.0568  DIHED      =      3248.8447
 1-4 NB =      1005.5706  1-4 EEL =     11270.8521  VDWAALS    =     29781.7420
 EELEC  =   -228390.8871  EHBOND  =         0.0000  RESTRAINT  =       396.0145
 EAMBER (non-restraint)  =   -181438.7678
 Ewald error estimate:   0.2591E-03
 ------------------------------------------------------------------------------

 NMR restraints: Bond =    0.000   Angle =     0.000   Torsion =     0.000
===============================================================================

 NSTEP =    12000   TIME(PS) =      24.000  TEMP(K) =   140.44  PRESS =     0.0
 Etot   =   -166375.7223  EKtot   =     14040.2965  EPtot      =   -180416.0188
 BOND   =       437.2822  ANGLE   =      1231.0344  DIHED      =      3277.3327
 1-4 NB =      1002.1404  1-4 EEL =     11257.6807  VDWAALS    =     29558.2185
 EELEC  =   -227616.3371  EHBOND  =         0.0000  RESTRAINT  =       436.6294
 EAMBER (non-restraint)  =   -180852.6482
 Ewald error estimate:   0.2462E-03
 ------------------------------------------------------------------------------

 NMR restraints: Bond =    0.000   Angle =     0.000   Torsion =     0.000
===============================================================================

 NSTEP =    12500   TIME(PS) =      25.000  TEMP(K) =   147.44  PRESS =     0.0
 Etot   =   -165259.8158  EKtot   =     14739.9870  EPtot      =   -179999.8028
 BOND   =       451.3282  ANGLE   =      1287.5697  DIHED      =      3284.5456
 1-4 NB =      1008.2727  1-4 EEL =     11287.3877  VDWAALS    =     29350.4953
 EELEC  =   -227083.2808  EHBOND  =         0.0000  RESTRAINT  =       413.8789
 EAMBER (non-restraint)  =   -180413.6817
 Ewald error estimate:   0.2523E-03
 ------------------------------------------------------------------------------

 NMR restraints: Bond =    0.000   Angle =     0.000   Torsion =     0.000
===============================================================================

 NSTEP =    13000   TIME(PS) =      26.000  TEMP(K) =   152.51  PRESS =     0.0
 Etot   =   -164141.5801  EKtot   =     15246.7377  EPtot      =   -179388.3178
 BOND   =       435.2209  ANGLE   =      1303.6203  DIHED      =      3307.9344
 1-4 NB =      1024.5163  1-4 EEL =     11280.8501  VDWAALS    =     29000.6491
 EELEC  =   -226156.1008  EHBOND  =         0.0000  RESTRAINT  =       414.9920
 EAMBER (non-restraint)  =   -179803.3098
 Ewald error estimate:   0.2857E-03
 ------------------------------------------------------------------------------

 NMR restraints: Bond =    0.000   Angle =     0.000   Torsion =     0.000
===============================================================================

 NSTEP =    13500   TIME(PS) =      27.000  TEMP(K) =   159.01  PRESS =     0.0
 Etot   =   -162789.3646  EKtot   =     15896.8120  EPtot      =   -178686.1766
 BOND   =       455.8768  ANGLE   =      1332.6153  DIHED      =      3301.4707
 1-4 NB =      1011.5096  1-4 EEL =     11279.9067  VDWAALS    =     28499.5959
 EELEC  =   -225007.3627  EHBOND  =         0.0000  RESTRAINT  =       440.2111
 EAMBER (non-restraint)  =   -179126.3877
 Ewald error estimate:   0.2509E-03
 ------------------------------------------------------------------------------

 NMR restraints: Bond =    0.000   Angle =     0.000   Torsion =     0.000
===============================================================================

 NSTEP =    14000   TIME(PS) =      28.000  TEMP(K) =   164.23  PRESS =     0.0
 Etot   =   -161518.3862  EKtot   =     16418.5510  EPtot      =   -177936.9372
 BOND   =       474.7652  ANGLE   =      1397.5400  DIHED      =      3283.6984
 1-4 NB =      1015.1819  1-4 EEL =     11284.7604  VDWAALS    =     28628.9261
 EELEC  =   -224469.3531  EHBOND  =         0.0000  RESTRAINT  =       447.5439
 EAMBER (non-restraint)  =   -178384.4811
 Ewald error estimate:   0.2367E-03
 ------------------------------------------------------------------------------

 NMR restraints: Bond =    0.000   Angle =     0.000   Torsion =     0.000
===============================================================================

 NSTEP =    14500   TIME(PS) =      29.000  TEMP(K) =   171.08  PRESS =     0.0
 Etot   =   -160105.2293  EKtot   =     17103.8041  EPtot      =   -177209.0334
 BOND   =       507.1392  ANGLE   =      1395.4269  DIHED      =      3301.0116
 1-4 NB =      1006.6084  1-4 EEL =     11270.6283  VDWAALS    =     28370.8396
 EELEC  =   -223513.2367  EHBOND  =         0.0000  RESTRAINT  =       452.5493
 EAMBER (non-restraint)  =   -177661.5827
 Ewald error estimate:   0.1853E-03
 ------------------------------------------------------------------------------

 NMR restraints: Bond =    0.000   Angle =     0.000   Torsion =     0.000
===============================================================================

 NSTEP =    15000   TIME(PS) =      30.000  TEMP(K) =   177.49  PRESS =     0.0
 Etot   =   -158844.6724  EKtot   =     17744.2392  EPtot      =   -176588.9116
 BOND   =       493.5879  ANGLE   =      1406.9149  DIHED      =      3308.0348
 1-4 NB =      1032.5016  1-4 EEL =     11290.2919  VDWAALS    =     28091.9453
 EELEC  =   -222671.3157  EHBOND  =         0.0000  RESTRAINT  =       459.1278
 EAMBER (non-restraint)  =   -177048.0394
 Ewald error estimate:   0.2711E-03
 ------------------------------------------------------------------------------

 NMR restraints: Bond =    0.000   Angle =     0.000   Torsion =     0.000
===============================================================================

 NSTEP =    15500   TIME(PS) =      31.000  TEMP(K) =   183.08  PRESS =     0.0
 Etot   =   -157417.3638  EKtot   =     18302.9534  EPtot      =   -175720.3171
 BOND   =       507.6345  ANGLE   =      1458.1648  DIHED      =      3297.1412
 1-4 NB =      1013.3522  1-4 EEL =     11274.9651  VDWAALS    =     27702.3432
 EELEC  =   -221432.6311  EHBOND  =         0.0000  RESTRAINT  =       458.7129
 EAMBER (non-restraint)  =   -176179.0300
 Ewald error estimate:   0.1639E-03
 ------------------------------------------------------------------------------

 NMR restraints: Bond =    0.000   Angle =     0.000   Torsion =     0.000
===============================================================================

 NSTEP =    16000   TIME(PS) =      32.000  TEMP(K) =   188.66  PRESS =     0.0
 Etot   =   -156152.7996  EKtot   =     18861.3176  EPtot      =   -175014.1172
 BOND   =       491.2282  ANGLE   =      1484.1738  DIHED      =      3326.3064
 1-4 NB =      1043.6510  1-4 EEL =     11284.4096  VDWAALS    =     27063.0777
 EELEC  =   -220173.3060  EHBOND  =         0.0000  RESTRAINT  =       466.3421
 EAMBER (non-restraint)  =   -175480.4593
 Ewald error estimate:   0.1651E-03
 ------------------------------------------------------------------------------

 NMR restraints: Bond =    0.000   Angle =     0.000   Torsion =     0.000
===============================================================================

 NSTEP =    16500   TIME(PS) =      33.000  TEMP(K) =   194.38  PRESS =     0.0
 Etot   =   -154727.6415  EKtot   =     19432.4614  EPtot      =   -174160.1028
 BOND   =       526.2228  ANGLE   =      1515.6853  DIHED      =      3314.8369
 1-4 NB =      1015.8727  1-4 EEL =     11278.8249  VDWAALS    =     26960.2980
 EELEC  =   -219221.9257  EHBOND  =         0.0000  RESTRAINT  =       450.0823
 EAMBER (non-restraint)  =   -174610.1852
 Ewald error estimate:   0.1481E-03
 ------------------------------------------------------------------------------

 NMR restraints: Bond =    0.000   Angle =     0.000   Torsion =     0.000
===============================================================================

 NSTEP =    17000   TIME(PS) =      34.000  TEMP(K) =   198.37  PRESS =     0.0
 Etot   =   -153251.9911  EKtot   =     19831.3685  EPtot      =   -173083.3596
 BOND   =       537.6734  ANGLE   =      1523.9390  DIHED      =      3322.9960
 1-4 NB =      1037.5935  1-4 EEL =     11276.5840  VDWAALS    =     26251.1112
 EELEC  =   -217505.4133  EHBOND  =         0.0000  RESTRAINT  =       472.1566
 EAMBER (non-restraint)  =   -173555.5162
 Ewald error estimate:   0.1752E-03
 ------------------------------------------------------------------------------

 NMR restraints: Bond =    0.000   Angle =     0.000   Torsion =     0.000
===============================================================================

 NSTEP =    17500   TIME(PS) =      35.000  TEMP(K) =   206.29  PRESS =     0.0
 Etot   =   -151669.7988  EKtot   =     20623.0637  EPtot      =   -172292.8625
 BOND   =       551.7840  ANGLE   =      1552.7208  DIHED      =      3353.4646
 1-4 NB =      1056.0697  1-4 EEL =     11235.9925  VDWAALS    =     25910.2544
 EELEC  =   -216440.0384  EHBOND  =         0.0000  RESTRAINT  =       486.8899
 EAMBER (non-restraint)  =   -172779.7523
 Ewald error estimate:   0.1364E-03
 ------------------------------------------------------------------------------

 NMR restraints: Bond =    0.000   Angle =     0.000   Torsion =     0.000
===============================================================================

 NSTEP =    18000   TIME(PS) =      36.000  TEMP(K) =   211.87  PRESS =     0.0
 Etot   =   -150126.7174  EKtot   =     21181.7003  EPtot      =   -171308.4176
 BOND   =       597.4368  ANGLE   =      1607.3848  DIHED      =      3346.9344
 1-4 NB =      1046.7848  1-4 EEL =     11256.1292  VDWAALS    =     25825.6723
 EELEC  =   -215481.1782  EHBOND  =         0.0000  RESTRAINT  =       492.4183
 EAMBER (non-restraint)  =   -171800.8360
 Ewald error estimate:   0.1151E-03
 ------------------------------------------------------------------------------

 NMR restraints: Bond =    0.000   Angle =     0.000   Torsion =     0.000
===============================================================================

 NSTEP =    18500   TIME(PS) =      37.000  TEMP(K) =   217.26  PRESS =     0.0
 Etot   =   -148490.1807  EKtot   =     21720.5226  EPtot      =   -170210.7033
 BOND   =       588.9899  ANGLE   =      1674.6455  DIHED      =      3358.1554
 1-4 NB =      1032.1125  1-4 EEL =     11230.7854  VDWAALS    =     25259.6920
 EELEC  =   -213853.5425  EHBOND  =         0.0000  RESTRAINT  =       498.4587
 EAMBER (non-restraint)  =   -170709.1619
 Ewald error estimate:   0.1629E-03
 ------------------------------------------------------------------------------

 NMR restraints: Bond =    0.000   Angle =     0.000   Torsion =     0.000
===============================================================================

 NSTEP =    19000   TIME(PS) =      38.000  TEMP(K) =   223.39  PRESS =     0.0
 Etot   =   -146621.1922  EKtot   =     22332.9264  EPtot      =   -168954.1186
 BOND   =       576.3639  ANGLE   =      1665.2472  DIHED      =      3375.6343
 1-4 NB =      1045.1443  1-4 EEL =     11257.9900  VDWAALS    =     24875.1225
 EELEC  =   -212243.0951  EHBOND  =         0.0000  RESTRAINT  =       493.4743
 EAMBER (non-restraint)  =   -169447.5929
 Ewald error estimate:   0.5138E-04
 ------------------------------------------------------------------------------

 NMR restraints: Bond =    0.000   Angle =     0.000   Torsion =     0.000
===============================================================================

 NSTEP =    19500   TIME(PS) =      39.000  TEMP(K) =   229.44  PRESS =     0.0
 Etot   =   -145031.1722  EKtot   =     22937.5387  EPtot      =   -167968.7109
 BOND   =       647.1532  ANGLE   =      1690.7450  DIHED      =      3388.9577
 1-4 NB =      1046.6017  1-4 EEL =     11233.2127  VDWAALS    =     24471.4027
 EELEC  =   -210954.4321  EHBOND  =         0.0000  RESTRAINT  =       507.6483
 EAMBER (non-restraint)  =   -168476.3592
 Ewald error estimate:   0.4559E-04
 ------------------------------------------------------------------------------

 NMR restraints: Bond =    0.000   Angle =     0.000   Torsion =     0.000
===============================================================================

 NSTEP =    20000   TIME(PS) =      40.000  TEMP(K) =   234.09  PRESS =     0.0
 Etot   =   -143342.3175  EKtot   =     23402.2919  EPtot      =   -166744.6094
 BOND   =       584.4380  ANGLE   =      1736.7649  DIHED      =      3382.9817
 1-4 NB =      1049.2619  1-4 EEL =     11331.1842  VDWAALS    =     24003.6949
 EELEC  =   -209370.0670  EHBOND  =         0.0000  RESTRAINT  =       537.1320
 EAMBER (non-restraint)  =   -167281.7415
 Ewald error estimate:   0.8581E-04
 ------------------------------------------------------------------------------

 NMR restraints: Bond =    0.000   Angle =     0.000   Torsion =     0.000
===============================================================================

 NSTEP =    20500   TIME(PS) =      41.000  TEMP(K) =   243.69  PRESS =     0.0
 Etot   =   -141061.5280  EKtot   =     24362.3309  EPtot      =   -165423.8589
 BOND   =       632.0106  ANGLE   =      1790.6638  DIHED      =      3419.3515
 1-4 NB =      1033.9482  1-4 EEL =     11288.5108  VDWAALS    =     23232.2537
 EELEC  =   -207343.1830  EHBOND  =         0.0000  RESTRAINT  =       522.5856
 EAMBER (non-restraint)  =   -165946.4445
 Ewald error estimate:   0.2158E-04
 ------------------------------------------------------------------------------

 NMR restraints: Bond =    0.000   Angle =     0.000   Torsion =     0.000
===============================================================================

 NSTEP =    21000   TIME(PS) =      42.000  TEMP(K) =   247.65  PRESS =     0.0
 Etot   =   -139342.4410  EKtot   =     24758.5523  EPtot      =   -164100.9933
 BOND   =       628.0026  ANGLE   =      1794.8804  DIHED      =      3397.8652
 1-4 NB =      1046.7469  1-4 EEL =     11279.6097  VDWAALS    =     22872.5395
 EELEC  =   -205656.3928  EHBOND  =         0.0000  RESTRAINT  =       535.7552
 EAMBER (non-restraint)  =   -164636.7485
 Ewald error estimate:   0.7950E-04
 ------------------------------------------------------------------------------

 NMR restraints: Bond =    0.000   Angle =     0.000   Torsion =     0.000
===============================================================================

 NSTEP =    21500   TIME(PS) =      43.000  TEMP(K) =   254.71  PRESS =     0.0
 Etot   =   -137298.2141  EKtot   =     25463.8183  EPtot      =   -162762.0324
 BOND   =       661.5262  ANGLE   =      1794.2681  DIHED      =      3420.6227
 1-4 NB =      1023.6815  1-4 EEL =     11205.9549  VDWAALS    =     22091.9124
 EELEC  =   -203500.7792  EHBOND  =         0.0000  RESTRAINT  =       540.7809
 EAMBER (non-restraint)  =   -163302.8133
 Ewald error estimate:   0.1001E-04
 ------------------------------------------------------------------------------

 NMR restraints: Bond =    0.000   Angle =     0.000   Torsion =     0.000
===============================================================================

 NSTEP =    22000   TIME(PS) =      44.000  TEMP(K) =   259.00  PRESS =     0.0
 Etot   =   -135534.1453  EKtot   =     25893.0697  EPtot      =   -161427.2150
 BOND   =       690.0407  ANGLE   =      1841.1751  DIHED      =      3421.7798
 1-4 NB =      1064.7966  1-4 EEL =     11258.6569  VDWAALS    =     21617.0399
 EELEC  =   -201871.3098  EHBOND  =         0.0000  RESTRAINT  =       550.6058
 EAMBER (non-restraint)  =   -161977.8208
 Ewald error estimate:   0.2756E-04
 ------------------------------------------------------------------------------

 NMR restraints: Bond =    0.000   Angle =     0.000   Torsion =     0.000
===============================================================================

 NSTEP =    22500   TIME(PS) =      45.000  TEMP(K) =   265.10  PRESS =     0.0
 Etot   =   -132937.1674  EKtot   =     26502.9876  EPtot      =   -159440.1550
 BOND   =       716.1893  ANGLE   =      1931.7945  DIHED      =      3425.2962
 1-4 NB =      1057.5328  1-4 EEL =     11202.1737  VDWAALS    =     20918.8939
 EELEC  =   -199261.8854  EHBOND  =         0.0000  RESTRAINT  =       569.8499
 EAMBER (non-restraint)  =   -160010.0049
 Ewald error estimate:   0.8897E-04
 ------------------------------------------------------------------------------

 NMR restraints: Bond =    0.000   Angle =     0.000   Torsion =     0.000
===============================================================================

 NSTEP =    23000   TIME(PS) =      46.000  TEMP(K) =   271.72  PRESS =     0.0
 Etot   =   -131366.2585  EKtot   =     27164.1971  EPtot      =   -158530.4556
 BOND   =       708.5149  ANGLE   =      1918.0685  DIHED      =      3441.7836
 1-4 NB =      1067.7793  1-4 EEL =     11275.5475  VDWAALS    =     20812.2879
 EELEC  =   -198300.9877  EHBOND  =         0.0000  RESTRAINT  =       546.5504
 EAMBER (non-restraint)  =   -159077.0059
 Ewald error estimate:   0.5745E-07
 ------------------------------------------------------------------------------

 NMR restraints: Bond =    0.000   Angle =     0.000   Torsion =     0.000
===============================================================================

 NSTEP =    23500   TIME(PS) =      47.000  TEMP(K) =   275.51  PRESS =     0.0
 Etot   =   -129349.3293  EKtot   =     27543.8093  EPtot      =   -156893.1387
 BOND   =       705.5582  ANGLE   =      1952.0275  DIHED      =      3447.3228
 1-4 NB =      1053.9851  1-4 EEL =     11296.6498  VDWAALS    =     20174.6742
 EELEC  =   -196080.5195  EHBOND  =         0.0000  RESTRAINT  =       557.1632
 EAMBER (non-restraint)  =   -157450.3019
 Ewald error estimate:   0.5238E-04
 ------------------------------------------------------------------------------

 NMR restraints: Bond =    0.000   Angle =     0.000   Torsion =     0.000
===============================================================================

 NSTEP =    24000   TIME(PS) =      48.000  TEMP(K) =   283.81  PRESS =     0.0
 Etot   =   -127437.3657  EKtot   =     28373.5355  EPtot      =   -155810.9012
 BOND   =       750.2055  ANGLE   =      1965.1004  DIHED      =      3442.2244
 1-4 NB =      1057.9330  1-4 EEL =     11238.3470  VDWAALS    =     19897.0087
 EELEC  =   -194750.3740  EHBOND  =         0.0000  RESTRAINT  =       588.6539
 EAMBER (non-restraint)  =   -156399.5551
 Ewald error estimate:   0.2065E-04
 ------------------------------------------------------------------------------

 NMR restraints: Bond =    0.000   Angle =     0.000   Torsion =     0.000
===============================================================================

 NSTEP =    24500   TIME(PS) =      49.000  TEMP(K) =   289.73  PRESS =     0.0
 Etot   =   -126126.7632  EKtot   =     28964.9964  EPtot      =   -155091.7596
 BOND   =       764.4235  ANGLE   =      2022.1961  DIHED      =      3429.7861
 1-4 NB =      1049.2677  1-4 EEL =     11250.3978  VDWAALS    =     19485.9848
 EELEC  =   -193672.0134  EHBOND  =         0.0000  RESTRAINT  =       578.1979
 EAMBER (non-restraint)  =   -155669.9575
 Ewald error estimate:   0.2081E-06
 ------------------------------------------------------------------------------

 NMR restraints: Bond =    0.000   Angle =     0.000   Torsion =     0.000
===============================================================================

 NSTEP =    25000   TIME(PS) =      50.000  TEMP(K) =   295.71  PRESS =     0.0
 Etot   =   -123831.3573  EKtot   =     29562.7013  EPtot      =   -153394.0586
 BOND   =       770.4608  ANGLE   =      2045.4307  DIHED      =      3430.7561
 1-4 NB =      1078.9950  1-4 EEL =     11282.5083  VDWAALS    =     18950.2322
 EELEC  =   -191565.5348  EHBOND  =         0.0000  RESTRAINT  =       613.0931
 EAMBER (non-restraint)  =   -154007.1518
 Ewald error estimate:   0.3896E-04
 ------------------------------------------------------------------------------

 NMR restraints: Bond =    0.000   Angle =     0.000   Torsion =     0.000
===============================================================================

      A V E R A G E S   O V E R      50 S T E P S


 NSTEP =    25000   TIME(PS) =      50.000  TEMP(K) =   150.76  PRESS =     0.0
 Etot   =   -161817.7605  EKtot   =     15071.8695  EPtot      =   -176889.6300
 BOND   =       438.0038  ANGLE   =      1285.0508  DIHED      =      3285.8275
 1-4 NB =      1011.1361  1-4 EEL =     11274.5734  VDWAALS    =     27943.6903
 EELEC  =   -222553.9167  EHBOND  =         0.0000  RESTRAINT  =       426.0048
 EAMBER (non-restraint)  =   -177315.6348
 Ewald error estimate:   0.1985E-03
 ------------------------------------------------------------------------------

 NMR restraints: Bond =    0.000   Angle =     0.000   Torsion =     0.000
===============================================================================

      R M S  F L U C T U A T I O N S


 NSTEP =    25000   TIME(PS) =      50.000  TEMP(K) =    84.13  PRESS =     0.0
 Etot   =     19149.2715  EKtot   =      8410.2899  EPtot      =     10861.8464
 BOND   =       189.1422  ANGLE   =       446.8234  DIHED      =        98.0303
 1-4 NB =        34.0988  1-4 EEL =        24.4644  VDWAALS    =      4258.8203
 EELEC  =     14292.3156  EHBOND  =         0.0000  RESTRAINT  =        94.6953
 EAMBER (non-restraint)  =     10767.1511
 Ewald error estimate:   0.1094E-03
 ------------------------------------------------------------------------------


 NMR restraints on final step:

--------------------------------------------------------------------------------
   5.  TIMINGS
--------------------------------------------------------------------------------

|  NonSetup CPU Time in Major Routines, Average for All Tasks:
|
|     Routine           Sec        %
|     ------------------------------
|     DataDistrib     770.32   47.87
|     Nonbond         817.38   50.79
|     Bond              0.10    0.01
|     Angle             0.87    0.05
|     Dihedral          4.09    0.25
|     Shake             1.87    0.12
|     RunMD            13.48    0.84
|     Other             1.22    0.08
|     ------------------------------
|     Total          1609.32

|  PME Nonbond Pairlist CPU Time, Average for All Tasks:
|
|     Routine              Sec        %
|     ---------------------------------
|     Set Up Cit          14.11    0.88
|     Build List          11.83    0.74
|     ---------------------------------
|     Total               25.94    1.61

|  PME Direct Force CPU Time, Average for All Tasks:
|
|     Routine              Sec        %
|     ---------------------------------
|     NonBonded Calc     110.81    6.89
|     Exclude Masked       3.56    0.22
|     Other               19.13    1.19
|     ---------------------------------
|     Total              133.50    8.30

|  PME Reciprocal Force CPU Time, Average for All Tasks:
|
|     Routine              Sec        %
|     ---------------------------------
|     1D bspline          10.33    0.64
|     Grid Charges         7.85    0.49
|     Scalar Sum           1.26    0.08
|     Gradient Sum         8.45    0.53
|     FFT                629.15   39.09
|     ---------------------------------
|     Total              657.05   40.83

|  PME Load Balancing CPU Time, Average for All Tasks:
|
|     Routine                 Sec        %
|     ------------------------------------
|     Atom Reassign           0.09    0.01
|     Image Reassign          0.67    0.04
|     FFT Reassign            0.10    0.01
|     ------------------------------------
|     Total                   0.86    0.05

|  Final Performance Info:
|     -----------------------------------------------------
|     Average timings for last       1 steps:
|     Elapsed(s) =       0.02 Per Step(ms) =      23.29
|         ns/day =       7.42   seconds/ns =   11644.41
|
|     Average timings for all steps:
|     Elapsed(s) =    1609.55 Per Step(ms) =      64.38
|         ns/day =       2.68   seconds/ns =   32191.10
|     -----------------------------------------------------

|  Master Setup CPU time:            1.04 seconds
|  Master NonSetup CPU time:      1608.76 seconds
|  Master Total CPU time:         1609.80 seconds     0.45 hours

|  Master Setup wall time:           3    seconds
|  Master NonSetup wall time:     1609    seconds
|  Master Total wall time:        1612    seconds     0.45 hours
