
          -------------------------------------------------------
          Amber 20 PMEMD                              2020
          -------------------------------------------------------

| PMEMD implementation of SANDER, Release 18

|  Compiled date/time: Mon Apr 27 22:19:54 2020
| Run on 03/01/2023 at 13:48:35

|   Executable path: pmemd.cuda
| Working directory: /home/sebas/COL/MD
|          Hostname: compute-0-9.local

  [-O]verwriting output

File Assignments:
|   MDIN: prod.in                                                               
|  MDOUT: prod.out                                                              
| INPCRD: equil.rst                                                             
|   PARM: ../leap/MR-COL.prmtop                                                 
| RESTRT: prod.rst                                                              
|   REFC: refc                                                                  
|  MDVEL: mdvel                                                                 
|   MDEN: mden                                                                  
|  MDCRD: prod.nc                                                               
| MDINFO: mdinfo                                                                
|  MDFRC: mdfrc                                                                 


 Here is the input file:

prod ras-raf                                                                   
 &cntrl                                                                        
  imin=0,irest=1,ntx=5,                                                        
  nstlim=250000000 ,dt=0.002,                                                  
  ntc=2,ntf=2,                                                                 
  cut=8.0, ntb=2, ntp=1, taup=2.0,                                             
  ntpr=250000, ntwx=250000, barostat=2,                                        
  ntt=1, tautp=10.0,                                                           
  temp0=300.0, ig=-1,                                                          
 /                                                                             


Note: ig = -1. Setting random seed to   576886 based on wallclock time in 
      microseconds.
| irandom = 1, using AMBER's internal random number generator (default).
 
|--------------------- INFORMATION ----------------------
| GPU (CUDA) Version of PMEMD in use: NVIDIA GPU IN USE.
|                    Version 18.0.0
| 
|                      03/25/2018
| 
| Implementation by:
|                    Ross C. Walker     (SDSC)
|                    Scott Le Grand     (nVIDIA)
| 
| Version 18 performance extensions by:
|                    David Cerutti     (Rutgers)
| 
| Precision model in use:
|      [SPFP] - Single Precision Forces, 64-bit Fixed Point
|               Accumulation. (Default)
| 
|--------------------------------------------------------
 
|----------------- CITATION INFORMATION -----------------
|
|    When publishing work that utilized the CUDA version
|    of AMBER, please cite the following in addition to
|    the regular AMBER citations:
|
|  - Romelia Salomon-Ferrer; Andreas W. Goetz; Duncan
|    Poole; Scott Le Grand; Ross C. Walker "Routine
|    microsecond molecular dynamics simulations with
|    AMBER - Part II: Particle Mesh Ewald", J. Chem.
|    Theory Comput., 2013, 9 (9), pp3878-3888,
|    DOI: 10.1021/ct400314y.
|
|  - Andreas W. Goetz; Mark J. Williamson; Dong Xu;
|    Duncan Poole; Scott Le Grand; Ross C. Walker
|    "Routine microsecond molecular dynamics simulations
|    with AMBER - Part I: Generalized Born", J. Chem.
|    Theory Comput., 2012, 8 (5), pp1542-1555.
|
|  - Scott Le Grand; Andreas W. Goetz; Ross C. Walker
|    "SPFP: Speed without compromise - a mixed precision
|    model for GPU accelerated molecular dynamics
|    simulations.", Comp. Phys. Comm., 2013, 184
|    pp374-380, DOI: 10.1016/j.cpc.2012.09.022
|
|--------------------------------------------------------
 
|------------------- GPU DEVICE INFO --------------------
|
|            CUDA_VISIBLE_DEVICES: not set
|   CUDA Capable Devices Detected:      1
|           CUDA Device ID in use:      0
|                CUDA Device Name: GeForce GTX 1060 6GB
|     CUDA Device Global Mem Size:   6077 MB
| CUDA Device Num Multiprocessors:     10
|           CUDA Device Core Freq:   1.76 GHz
|
|--------------------------------------------------------
 
 
| Conditional Compilation Defines Used:
| FFTW_FFT
| BINTRAJ
| MKL
| CUDA
| EMIL

| Largest sphere to fit in unit cell has radius =    35.913

| New format PARM file being parsed.
| Version =    1.000 Date = 02/28/23 Time = 16:45:01

| Note: 1-4 EEL scale factors are being read from the topology file.

| Note: 1-4 VDW scale factors are being read from the topology file.
| Duplicated    0 dihedrals

| Duplicated    0 dihedrals

--------------------------------------------------------------------------------
   1.  RESOURCE   USE: 
--------------------------------------------------------------------------------

 getting box info from netcdf restart file
 NATOM  =   49207 NTYPES =      26 NBONH =   47004 MBONA  =    2175
 NTHETH =    4871 MTHETA =    2952 NPHIH =    9760 MPHIA  =    9421
 NHPARM =       0 NPARM  =       0 NNB   =   83567 NRES   =   15294
 NBONA  =    2175 NTHETA =    2952 NPHIA =    9421 NUMBND =      82
 NUMANG =     184 NPTRA  =     219 NATYP =      48 NPHB   =       1
 IFBOX  =       1 NMXRS  =      56 IFCAP =       0 NEXTRA =       0
 NCOPY  =       0

| Coordinate Index Table dimensions:    17   19   15
| Direct force subcell size =     4.5021    4.7150    4.7884

     BOX TYPE: RECTILINEAR

--------------------------------------------------------------------------------
   2.  CONTROL  DATA  FOR  THE  RUN
--------------------------------------------------------------------------------

MOL                                                                             

General flags:
     imin    =       0, nmropt  =       0

Nature and format of input:
     ntx     =       5, irest   =       1, ntrx    =       1

Nature and format of output:
     ntxo    =       2, ntpr    =  250000, ntrx    =       1, ntwr    =********
     iwrap   =       0, ntwx    =  250000, ntwv    =       0, ntwe    =       0
     ioutfm  =       1, ntwprt  =       0, idecomp =       0, rbornstat=      0

Potential function:
     ntf     =       2, ntb     =       2, igb     =       0, nsnb    =      25
     ipol    =       0, gbsa    =       0, iesp    =       0
     dielc   =   1.00000, cut     =   8.00000, intdiel =   1.00000

Frozen or restrained atoms:
     ibelly  =       0, ntr     =       0

Molecular dynamics:
     nstlim  = 250000000, nscm    =      1000, nrespa  =         1
     t       =   0.00000, dt      =   0.00200, vlimit  =  -1.00000

Berendsen (weak-coupling) temperature regulation:
     temp0   = 300.00000, tempi   =   0.00000, tautp   =  10.00000

Pressure regulation:
     ntp     =       1
     pres0   =   1.00000, comp    =  44.60000, taup    =   2.00000
     Monte-Carlo Barostat:
     mcbarint  =     100

SHAKE:
     ntc     =       2, jfastw  =       0
     tol     =   0.00001

| Intermolecular bonds treatment:
|     no_intermolecular_bonds =       1

| Energy averages sample interval:
|     ene_avg_sampling =  250000

Ewald parameters:
     verbose =       0, ew_type =       0, nbflag  =       1, use_pme =       1
     vdwmeth =       1, eedmeth =       1, netfrc  =       1
     Box X =   76.535   Box Y =   89.585   Box Z =   71.825
     Alpha =   90.000   Beta  =   90.000   Gamma =   90.000
     NFFT1 =   80       NFFT2 =   96       NFFT3 =   72
     Cutoff=    8.000   Tol   =0.100E-04
     Ewald Coefficient =  0.34864
     Interpolation order =    4
| MONTE CARLO BAROSTAT IMPORTANT NOTE:
|   The Monte-Carlo barostat does not require the virial to adjust the system volume.
|   Since it is an expensive calculation, it is skipped for efficiency. A side-effect
|   is that the reported pressure is always 0 because it is not calculated.

--------------------------------------------------------------------------------
   3.  ATOMIC COORDINATES AND VELOCITIES
--------------------------------------------------------------------------------

MOL                                                                             
 begin time read from input coords =   600.000 ps

 
 Number of triangulated 3-point waters found:    14955

     Sum of charges from parm topology file =  -0.00020017
     Forcing neutrality...

| Dynamic Memory, Types Used:
| Reals             2027414
| Integers          1807615

| Nonbonded Pairs Initial Allocation:     8218799

| GPU memory information (estimate):
| KB of GPU memory in use:    156989
| KB of CPU memory in use:     72317

--------------------------------------------------------------------------------
   4.  RESULTS
--------------------------------------------------------------------------------

| MC Barostat: Decreasing size of volume moves
check COM velocity, temp:        0.001084     0.00(Removed)
check COM velocity, temp:        0.000000     0.00(Removed)
| MC Barostat: Decreasing size of volume moves
check COM velocity, temp:        0.000000     0.00(Removed)
| MC Barostat: Decreasing size of volume moves
check COM velocity, temp:        0.000000     0.00(Removed)
| MC Barostat: Decreasing size of volume moves
check COM velocity, temp:        0.000000     0.00(Removed)
| MC Barostat: Decreasing size of volume moves
check COM velocity, temp:        0.000000     0.00(Removed)
check COM velocity, temp:        0.000000     0.00(Removed)
| MC Barostat: Decreasing size of volume moves
check COM velocity, temp:        0.000000     0.00(Removed)
check COM velocity, temp:        0.000000     0.00(Removed)
check COM velocity, temp:        0.000000     0.00(Removed)
check COM velocity, temp:        0.000000     0.00(Removed)
check COM velocity, temp:        0.000000     0.00(Removed)
| MC Barostat: Decreasing size of volume moves
check COM velocity, temp:        0.000000     0.00(Removed)
| MC Barostat: Decreasing size of volume moves
check COM velocity, temp:        0.000000     0.00(Removed)
check COM velocity, temp:        0.000000     0.00(Removed)
| MC Barostat: Decreasing size of volume moves
check COM velocity, temp:        0.000000     0.00(Removed)
| MC Barostat: Decreasing size of volume moves
check COM velocity, temp:        0.000000     0.00(Removed)
check COM velocity, temp:        0.000000     0.00(Removed)
| MC Barostat: Decreasing size of volume moves
check COM velocity, temp:        0.000000     0.00(Removed)
check COM velocity, temp:        0.000000     0.00(Removed)
| MC Barostat: Decreasing size of volume moves
check COM velocity, temp:        0.000000     0.00(Removed)
check COM velocity, temp:        0.000000     0.00(Removed)
check COM velocity, temp:        0.000000     0.00(Removed)
check COM velocity, temp:        0.000000     0.00(Removed)
check COM velocity, temp:        0.000000     0.00(Removed)
check COM velocity, temp:        0.000000     0.00(Removed)
check COM velocity, temp:        0.000000     0.00(Removed)
check COM velocity, temp:        0.000000     0.00(Removed)
check COM velocity, temp:        0.000000     0.00(Removed)
check COM velocity, temp:        0.000000     0.00(Removed)
check COM velocity, temp:        0.000000     0.00(Removed)
check COM velocity, temp:        0.000000     0.00(Removed)
check COM velocity, temp:        0.000000     0.00(Removed)
check COM velocity, temp:        0.000000     0.00(Removed)
check COM velocity, temp:        0.000000     0.00(Removed)
check COM velocity, temp:        0.000000     0.00(Removed)
check COM velocity, temp:        0.000000     0.00(Removed)
check COM velocity, temp:        0.000000     0.00(Removed)
check COM velocity, temp:        0.000000     0.00(Removed)
check COM velocity, temp:        0.000000     0.00(Removed)
check COM velocity, temp:        0.000000     0.00(Removed)
check COM velocity, temp:        0.000000     0.00(Removed)
check COM velocity, temp:        0.000000     0.00(Removed)
check COM velocity, temp:        0.000000     0.00(Removed)
check COM velocity, temp:        0.000000     0.00(Removed)
check COM velocity, temp:        0.000000     0.00(Removed)
check COM velocity, temp:        0.000000     0.00(Removed)
check COM velocity, temp:        0.000000     0.00(Removed)
check COM velocity, temp:        0.000000     0.00(Removed)
check COM velocity, temp:        0.000000     0.00(Removed)
check COM velocity, temp:        0.000000     0.00(Removed)
check COM velocity, temp:        0.000000     0.00(Removed)
check COM velocity, temp:        0.000000     0.00(Removed)
check COM velocity, temp:        0.000000     0.00(Removed)
check COM velocity, temp:        0.000000     0.00(Removed)
check COM velocity, temp:        0.000000     0.00(Removed)
check COM velocity, temp:        0.000000     0.00(Removed)
check COM velocity, temp:        0.000000     0.00(Removed)
check COM velocity, temp:        0.000000     0.00(Removed)
check COM velocity, temp:        0.000000     0.00(Removed)
check COM velocity, temp:        0.000000     0.00(Removed)
check COM velocity, temp:        0.000000     0.00(Removed)
check COM velocity, temp:        0.000000     0.00(Removed)
check COM velocity, temp:        0.000000     0.00(Removed)
check COM velocity, temp:        0.000000     0.00(Removed)
check COM velocity, temp:        0.000000     0.00(Removed)
check COM velocity, temp:        0.000000     0.00(Removed)
check COM velocity, temp:        0.000000     0.00(Removed)
check COM velocity, temp:        0.000000     0.00(Removed)
check COM velocity, temp:        0.000000     0.00(Removed)
check COM velocity, temp:        0.000000     0.00(Removed)
check COM velocity, temp:        0.000000     0.00(Removed)
check COM velocity, temp:        0.000000     0.00(Removed)
check COM velocity, temp:        0.000000     0.00(Removed)
check COM velocity, temp:        0.000000     0.00(Removed)
check COM velocity, temp:        0.000000     0.00(Removed)
check COM velocity, temp:        0.000000     0.00(Removed)
check COM velocity, temp:        0.000000     0.00(Removed)
check COM velocity, temp:        0.000000     0.00(Removed)
check COM velocity, temp:        0.000000     0.00(Removed)
check COM velocity, temp:        0.000000     0.00(Removed)
check COM velocity, temp:        0.000000     0.00(Removed)
check COM velocity, temp:        0.000000     0.00(Removed)
check COM velocity, temp:        0.000000     0.00(Removed)
check COM velocity, temp:        0.000000     0.00(Removed)
check COM velocity, temp:        0.000000     0.00(Removed)
check COM velocity, temp:        0.000000     0.00(Removed)
check COM velocity, temp:        0.000000     0.00(Removed)
check COM velocity, temp:        0.000000     0.00(Removed)
check COM velocity, temp:        0.000000     0.00(Removed)
check COM velocity, temp:        0.000000     0.00(Removed)
check COM velocity, temp:        0.000000     0.00(Removed)
check COM velocity, temp:        0.000000     0.00(Removed)
check COM velocity, temp:        0.000000     0.00(Removed)
check COM velocity, temp:        0.000000     0.00(Removed)
check COM velocity, temp:        0.000000     0.00(Removed)
check COM velocity, temp:        0.000000     0.00(Removed)
check COM velocity, temp:        0.000000     0.00(Removed)
check COM velocity, temp:        0.000000     0.00(Removed)
check COM velocity, temp:        0.000000     0.00(Removed)
check COM velocity, temp:        0.000000     0.00(Removed)
check COM velocity, temp:        0.000000     0.00(Removed)
check COM velocity, temp:        0.000000     0.00(Removed)
check COM velocity, temp:        0.000000     0.00(Removed)
check COM velocity, temp:        0.000000     0.00(Removed)
check COM velocity, temp:        0.000000     0.00(Removed)
check COM velocity, temp:        0.000000     0.00(Removed)
check COM velocity, temp:        0.000000     0.00(Removed)
check COM velocity, temp:        0.000000     0.00(Removed)
check COM velocity, temp:        0.000000     0.00(Removed)
check COM velocity, temp:        0.000000     0.00(Removed)
check COM velocity, temp:        0.000000     0.00(Removed)
check COM velocity, temp:        0.000000     0.00(Removed)
check COM velocity, temp:        0.000000     0.00(Removed)
check COM velocity, temp:        0.000000     0.00(Removed)
check COM velocity, temp:        0.000000     0.00(Removed)
