log started: Wed Mar  8 10:06:53 2023

Log file: ./leap.log
>> #
>> # ----- leaprc for loading the ff14SB force field
>> # ----- NOTE: this is designed for PDB format 3!
>> #
>> #	load atom type hybridizations
>> #
>> addAtomTypes {
>> 	{ "H"   "H" "sp3" }
>> 	{ "HO"  "H" "sp3" }
>> 	{ "HS"  "H" "sp3" }
>> 	{ "H1"  "H" "sp3" }
>> 	{ "H2"  "H" "sp3" }
>> 	{ "H3"  "H" "sp3" }
>> 	{ "H4"  "H" "sp3" }
>> 	{ "H5"  "H" "sp3" }
>> 	{ "HW"  "H" "sp3" }
>> 	{ "HC"  "H" "sp3" }
>> 	{ "HA"  "H" "sp3" }
>> 	{ "HP"  "H" "sp3" }
>> 	{ "HZ"  "H" "sp3" }
>> 	{ "OH"  "O" "sp3" }
>> 	{ "OS"  "O" "sp3" }
>> 	{ "O"   "O" "sp2" }
>> 	{ "O2"  "O" "sp2" }
>> 	{ "OP"  "O" "sp2" }
>> 	{ "OW"  "O" "sp3" }
>> 	{ "CT"  "C" "sp3" }
>> 	{ "CX"  "C" "sp3" }
>> 	{ "C8"  "C" "sp3" }
>> 	{ "2C"  "C" "sp3" }
>> 	{ "3C"  "C" "sp3" }
>> 	{ "CH"  "C" "sp3" }
>> 	{ "CS"  "C" "sp2" }
>> 	{ "C"   "C" "sp2" }
>> 	{ "CO"   "C" "sp2" }
>> 	{ "C*"  "C" "sp2" }
>> 	{ "CA"  "C" "sp2" }
>> 	{ "CB"  "C" "sp2" }
>> 	{ "CC"  "C" "sp2" }
>> 	{ "CN"  "C" "sp2" }
>> 	{ "CM"  "C" "sp2" }
>> 	{ "CK"  "C" "sp2" }
>> 	{ "CQ"  "C" "sp2" }
>> 	{ "CD"  "C" "sp2" }
>> 	{ "C5"  "C" "sp2" }
>> 	{ "C4"  "C" "sp2" }
>> 	{ "CP"  "C" "sp2" }
>> 	{ "CI"  "C" "sp3" }
>> 	{ "CJ"  "C" "sp2" }
>> 	{ "CW"  "C" "sp2" }
>> 	{ "CV"  "C" "sp2" }
>> 	{ "CR"  "C" "sp2" }
>> 	{ "CA"  "C" "sp2" }
>> 	{ "CY"  "C" "sp2" }
>> 	{ "C0"  "Ca" "sp3" }
>> 	{ "MG"  "Mg" "sp3" }
>> 	{ "N"   "N" "sp2" }
>> 	{ "NA"  "N" "sp2" }
>> 	{ "N2"  "N" "sp2" }
>> 	{ "N*"  "N" "sp2" }
>> 	{ "NP"  "N" "sp2" }
>> 	{ "NQ"  "N" "sp2" }
>> 	{ "NB"  "N" "sp2" }
>> 	{ "NC"  "N" "sp2" }
>> 	{ "NT"  "N" "sp3" }
>> 	{ "NY"  "N" "sp2" }
>> 	{ "N3"  "N" "sp3" }
>> 	{ "S"   "S" "sp3" }
>> 	{ "SH"  "S" "sp3" }
>> 	{ "P"   "P" "sp3" }
>> 	{ "LP"  ""  "sp3" }
>> 	{ "EP"  ""  "sp3" }
>> 	{ "F"   "F" "sp3" }
>> 	{ "Cl"  "Cl" "sp3" }
>> 	{ "Br"  "Br" "sp3" }
>> 	{ "I"   "I"  "sp3" }
>> }
>> #
>> #	Load the main parameter set.
>> #
>> parm10 = loadamberparams parm10.dat
Loading parameters: /usr/local/amber20/dat/leap/parm/parm10.dat
Reading title:
PARM99 + frcmod.ff99SB + frcmod.parmbsc0 + OL3 for RNA
>> frcmod14SB = loadamberparams frcmod.ff14SB
Loading parameters: /usr/local/amber20/dat/leap/parm/frcmod.ff14SB
Reading force field modification type file (frcmod)
Reading title:
ff14SB protein backbone and sidechain parameters
>> #
>> #	Load main chain and terminating amino acid libraries
>> #
>> loadOff amino12.lib
Loading library: /usr/local/amber20/dat/leap/lib/amino12.lib
Loading: ALA
Loading: ARG
Loading: ASH
Loading: ASN
Loading: ASP
Loading: CYM
Loading: CYS
Loading: CYX
Loading: GLH
Loading: GLN
Loading: GLU
Loading: GLY
Loading: HID
Loading: HIE
Loading: HIP
Loading: HYP
Loading: ILE
Loading: LEU
Loading: LYN
Loading: LYS
Loading: MET
Loading: PHE
Loading: PRO
Loading: SER
Loading: THR
Loading: TRP
Loading: TYR
Loading: VAL
>> loadOff aminoct12.lib
Loading library: /usr/local/amber20/dat/leap/lib/aminoct12.lib
Loading: CALA
Loading: CARG
Loading: CASN
Loading: CASP
Loading: CCYS
Loading: CCYX
Loading: CGLN
Loading: CGLU
Loading: CGLY
Loading: CHID
Loading: CHIE
Loading: CHIP
Loading: CHYP
Loading: CILE
Loading: CLEU
Loading: CLYS
Loading: CMET
Loading: CPHE
Loading: CPRO
Loading: CSER
Loading: CTHR
Loading: CTRP
Loading: CTYR
Loading: CVAL
Loading: NHE
Loading: NME
>> loadOff aminont12.lib
Loading library: /usr/local/amber20/dat/leap/lib/aminont12.lib
Loading: ACE
Loading: NALA
Loading: NARG
Loading: NASN
Loading: NASP
Loading: NCYS
Loading: NCYX
Loading: NGLN
Loading: NGLU
Loading: NGLY
Loading: NHID
Loading: NHIE
Loading: NHIP
Loading: NILE
Loading: NLEU
Loading: NLYS
Loading: NMET
Loading: NPHE
Loading: NPRO
Loading: NSER
Loading: NTHR
Loading: NTRP
Loading: NTYR
Loading: NVAL
>> 
>> #
>> #	Define the PDB name map for the amino acids
>> #
>> addPdbResMap {
>>   { 0 "HYP" "HYP" } { 1 "HYP" "CHYP" }
>>   { 0 "ALA" "NALA" } { 1 "ALA" "CALA" }
>>   { 0 "ARG" "NARG" } { 1 "ARG" "CARG" }
>>   { 0 "ASN" "NASN" } { 1 "ASN" "CASN" }
>>   { 0 "ASP" "NASP" } { 1 "ASP" "CASP" }
>>   { 0 "CYS" "NCYS" } { 1 "CYS" "CCYS" }
>>   { 0 "CYX" "NCYX" } { 1 "CYX" "CCYX" }
>>   { 0 "GLN" "NGLN" } { 1 "GLN" "CGLN" }
>>   { 0 "GLU" "NGLU" } { 1 "GLU" "CGLU" }
>>   { 0 "GLY" "NGLY" } { 1 "GLY" "CGLY" }
>>   { 0 "HID" "NHID" } { 1 "HID" "CHID" }
>>   { 0 "HIE" "NHIE" } { 1 "HIE" "CHIE" }
>>   { 0 "HIP" "NHIP" } { 1 "HIP" "CHIP" }
>>   { 0 "ILE" "NILE" } { 1 "ILE" "CILE" }
>>   { 0 "LEU" "NLEU" } { 1 "LEU" "CLEU" }
>>   { 0 "LYS" "NLYS" } { 1 "LYS" "CLYS" }
>>   { 0 "MET" "NMET" } { 1 "MET" "CMET" }
>>   { 0 "PHE" "NPHE" } { 1 "PHE" "CPHE" }
>>   { 0 "PRO" "NPRO" } { 1 "PRO" "CPRO" }
>>   { 0 "SER" "NSER" } { 1 "SER" "CSER" }
>>   { 0 "THR" "NTHR" } { 1 "THR" "CTHR" }
>>   { 0 "TRP" "NTRP" } { 1 "TRP" "CTRP" }
>>   { 0 "TYR" "NTYR" } { 1 "TYR" "CTYR" }
>>   { 0 "VAL" "NVAL" } { 1 "VAL" "CVAL" }
>>   { 0 "HIS" "NHIS" } { 1 "HIS" "CHIS" }
>> }
>> 
>> #
>> # assume that most often proteins use HIE
>> #
>> NHIS = NHIE
>> HIS = HIE
>> CHIS = CHIE
> 
> source leaprc.gaff2
----- Source: /usr/local/amber20/dat/leap/cmd/leaprc.gaff2
----- Source of /usr/local/amber20/dat/leap/cmd/leaprc.gaff2 done
>> logFile leap.log
log started: Wed Mar  8 10:06:53 2023

Log file: ./leap.log
>> #
>> # ----- leaprc for loading the general Amber Force field.
>> #       This file is mostly for use with Antechamber
>> #
>> #	load atom type hybridizations
>> #
>> addAtomTypes {
>> 	{ "h1"  "H" "sp3" }
>> 	{ "h2"  "H" "sp3" }
>> 	{ "h3"  "H" "sp3" }
>> 	{ "h4"  "H" "sp3" }
>> 	{ "h5"  "H" "sp3" }
>> 	{ "ha"  "H" "sp3" }
>> 	{ "hc"  "H" "sp3" }
>> 	{ "hn"  "H" "sp3" }
>> 	{ "ho"  "H" "sp3" }
>> 	{ "hp"  "H" "sp3" }
>> 	{ "hs"  "H" "sp3" }
>> 	{ "hw"  "H" "sp3" }
>> 	{ "hx"  "H" "sp3" }
>> 	{ "o"  "O" "sp2" }
>> 	{ "o2"  "O" "sp2" }
>> 	{ "oh"  "O" "sp3" }
>> 	{ "op"  "O" "sp3" }
>> 	{ "oq"  "O" "sp3" }
>> 	{ "os"  "O" "sp3" }
>> 	{ "ow"  "O" "sp3" }
>> 	{ "c"  "C" "sp2" }
>> 	{ "c1"  "C" "sp2" }
>> 	{ "c2"  "C" "sp2" }
>> 	{ "c3"  "C" "sp3" }
>> 	{ "ca"  "C" "sp2" }
>> 	{ "cc"  "C" "sp2" }
>> 	{ "cd"  "C" "sp2" }
>> 	{ "ce"  "C" "sp2" }
>> 	{ "cf"  "C" "sp2" }
>> 	{ "cg"  "C" "sp2" }
>> 	{ "ch"  "C" "sp2" }
>> 	{ "cp"  "C" "sp2" }
>> 	{ "cs"  "C" "sp2" }
>> 	{ "cq"  "C" "sp2" }
>> 	{ "cu"  "C" "sp2" }
>> 	{ "cv"  "C" "sp2" }
>> 	{ "cx"  "C" "sp2" }
>> 	{ "cy"  "C" "sp2" }
>> 	{ "cz"  "C" "sp2" }
>> 	{ "n"   "N" "sp2" }
>> 	{ "n1"  "N" "sp2" }
>> 	{ "n2"  "N" "sp2" }
>> 	{ "n3"  "N" "sp3" }
>> 	{ "n4"  "N" "sp3" }
>> 	{ "n5"  "N" "sp3" }
>> 	{ "n6"  "N" "sp3" }
>> 	{ "n7"  "N" "sp3" }
>> 	{ "n8"  "N" "sp3" }
>> 	{ "n9"  "N" "sp3" }
>> 	{ "na"  "N" "sp2" }
>> 	{ "nb"  "N" "sp2" }
>> 	{ "nc"  "N" "sp2" }
>> 	{ "nd"  "N" "sp2" }
>> 	{ "ne"  "N" "sp2" }
>> 	{ "nf"  "N" "sp2" }
>> 	{ "nh"  "N" "sp2" }
>> 	{ "ni"  "N" "sp2" }
>> 	{ "nj"  "N" "sp2" }
>> 	{ "nk"  "N" "sp3" }
>> 	{ "nl"  "N" "sp3" }
>> 	{ "nm"  "N" "sp2" }
>> 	{ "nn"  "N" "sp2" }
>> 	{ "no"  "N" "sp2" }
>> 	{ "np"  "N" "sp3" }
>> 	{ "nq"  "N" "sp3" }
>> 	{ "ns"  "N" "sp2" }
>> 	{ "nt"  "N" "sp2" }
>> 	{ "nu"  "N" "sp2" }
>> 	{ "nv"  "N" "sp2" }
>> 	{ "nx"  "N" "sp3" }
>> 	{ "ny"  "N" "sp3" }
>> 	{ "nz"  "N" "sp3" }
>> 	{ "n+"  "N" "sp3" }
>> 	{ "s"   "S" "sp2" }
>> 	{ "s2"   "S" "sp2" }
>> 	{ "s3"   "S" "sp3" }
>> 	{ "s4"   "S" "sp3" }
>> 	{ "s6"   "S" "sp3" }
>> 	{ "sh"   "S" "sp3" }
>> 	{ "sp"   "S" "sp3" }
>> 	{ "sq"   "S" "sp3" }
>> 	{ "ss"   "S" "sp3" }
>> 	{ "sx"   "S" "sp3" }
>> 	{ "sy"   "S" "sp3" }
>> 	{ "p2"   "P" "sp2" }
>> 	{ "p3"   "P" "sp3" }
>> 	{ "p4"   "P" "sp3" }
>> 	{ "p5"   "P" "sp3" }
>> 	{ "pb"   "P" "sp3" }
>> 	{ "pc"   "P" "sp3" }
>> 	{ "pd"   "P" "sp3" }
>> 	{ "pe"   "P" "sp3" }
>> 	{ "pf"   "P" "sp3" }
>> 	{ "px"   "P" "sp3" }
>> 	{ "py"   "P" "sp3" }
>> 	{ "f"   "F" "sp3" }
>> 	{ "cl"  "Cl" "sp3" }
>> 	{ "br"  "Br" "sp3" }
>> 	{ "i"   "I"  "sp3" }
>> }
>> #
>> #	Load the general force field parameter set.
>> #
>> gaff = loadamberparams gaff2.dat
Loading parameters: /usr/local/amber20/dat/leap/parm/gaff2.dat
Reading title:
AMBER General Force Field for organic molecules (Version 2.11, May 2016)
> 
> source leaprc.water.tip3p
----- Source: /usr/local/amber20/dat/leap/cmd/leaprc.water.tip3p
----- Source of /usr/local/amber20/dat/leap/cmd/leaprc.water.tip3p done
>> #
>> #       Load water and ions for TIP3P + Li/Merz monovalent ions 
>> #       + Joung-Chetham monovalent ions
>> #       + Li/Merz highly charged ions (+2 to +4, 12-6 normal usage set)
>> #
>> #       Note: the Li/Merz monovalent set is loaded only to get Tl+,
>> #          Cu+, Ag+ NH4+, H3O+.  Since we load Joung-Cheatham second,
>> #          the alkali halide parameters come from the Joung-Cheatham set
>> #
>> addAtomTypes {
>> 	{ "HW"  "H" "sp3" }
>> 	{ "OW"  "O" "sp3" }
>> 	{ "F-"   "F" "sp3" }
>> 	{ "Cl-"  "Cl" "sp3" }
>> 	{ "Br-"  "Br" "sp3" }
>> 	{ "I-"   "I"  "sp3" }
>> 	{ "Li+"  "Li"  "sp3" }
>> 	{ "Na+"  "Na"  "sp3" }
>> 	{ "K+"  "K"  "sp3" }
>> 	{ "Rb+"  "Rb"  "sp3" }
>> 	{ "Cs+"  "Cs"  "sp3" }
>> 	{ "Mg+"  "Mg"  "sp3" }
>>     { "Tl+"  "Tl"  "sp3" }
>>     { "Cu+"  "Cu"  "sp3" }
>>     { "Ag+"  "Ag"  "sp3" }
>>     { "NH4+"  "N"  "sp3" }
>>     { "H3O+"  "O"  "sp3" }
>>     { "Be2+" "Be"  "sp3" }
>>     { "Cu2+" "Cu"  "sp3" }
>>     { "Ni2+" "Ni"  "sp3" }
>>     { "Pt2+" "Pt"  "sp3" }
>>     { "Zn2+" "Zn"  "sp3" }
>>     { "Co2+" "Co"  "sp3" }
>>     { "Pd2+" "Pd"  "sp3" }
>>     { "Ag2+" "Ag"  "sp3" }
>>     { "Cr2+" "Cr"  "sp3" }
>>     { "Fe2+" "Fe"  "sp3" }
>>     { "Mg2+" "Mg"  "sp3" }
>>     { "V2+"  "V"   "sp3" }
>>     { "Mn2+" "Mn"  "sp3" }
>>     { "Hg2+" "Hg"  "sp3" }
>>     { "Cd2+" "Cd"  "sp3" }
>>     { "Yb2+" "Yb"  "sp3" }
>>     { "Ca2+" "Ca"  "sp3" }
>>     { "Sn2+" "Sn"  "sp3" }
>>     { "Pb2+" "Pb"  "sp3" }
>>     { "Eu2+" "Eu"  "sp3" }
>>     { "Sr2+" "Sr"  "sp3" }
>>     { "Sm2+" "Sm"  "sp3" }
>>     { "Ba2+" "Ba"  "sp3" }
>>     { "Ra2+" "Ra"  "sp3" }
>>     { "Al3+" "Al"  "sp3" }
>>     { "Fe3+" "Fe"  "sp3" }
>>     { "Cr3+" "Cr"  "sp3" }
>>     { "In3+" "In"  "sp3" }
>>     { "Tl3+" "Tl"  "sp3" }
>>     { "Y3+"  "Y"   "sp3" }
>>     { "La3+" "La"  "sp3" }
>>     { "Ce3+" "Ce"  "sp3" }
>>     { "Pr3+" "Pr"  "sp3" }
>>     { "Nd3+" "Nd"  "sp3" }
>>     { "Sm3+" "Sm"  "sp3" }
>>     { "Eu3+" "Eu"  "sp3" }
>>     { "Gd3+" "Gd"  "sp3" }
>>     { "Tb3+" "Tb"  "sp3" }
>>     { "Dy3+" "Dy"  "sp3" }
>>     { "Er3+" "Er"  "sp3" }
>>     { "Tm3+" "Tm"  "sp3" }
>>     { "Lu3+" "Lu"  "sp3" }
>>     { "Hf4+" "Hf"  "sp3" }
>>     { "Zr4+" "Zr"  "sp3" }
>>     { "Ce4+" "Ce"  "sp3" }
>>     { "U4+"  "U"   "sp3" }
>>     { "Pu4+" "Pu"  "sp3" }
>>     { "Th4+" "Th"  "sp3" }
>> }
>> loadOff atomic_ions.lib
Loading library: /usr/local/amber20/dat/leap/lib/atomic_ions.lib
Loading: AG
Loading: AL
Loading: Ag
Loading: BA
Loading: BR
Loading: Be
Loading: CA
Loading: CD
Loading: CE
Loading: CL
Loading: CO
Loading: CR
Loading: CS
Loading: CU
Loading: CU1
Loading: Ce
Loading: Cl-
Loading: Cr
Loading: Dy
Loading: EU
Loading: EU3
Loading: Er
Loading: F
Loading: FE
Loading: FE2
Loading: GD3
Loading: H3O+
Loading: HE+
Loading: HG
Loading: HZ+
Loading: Hf
Loading: IN
Loading: IOD
Loading: K
Loading: K+
Loading: LA
Loading: LI
Loading: LU
Loading: MG
Loading: MN
Loading: NA
Loading: NH4
Loading: NI
Loading: Na+
Loading: Nd
Loading: PB
Loading: PD
Loading: PR
Loading: PT
Loading: Pu
Loading: RB
Loading: Ra
Loading: SM
Loading: SR
Loading: Sm
Loading: Sn
Loading: TB
Loading: TL
Loading: Th
Loading: Tl
Loading: Tm
Loading: U4+
Loading: V2+
Loading: Y
Loading: YB2
Loading: ZN
Loading: Zr
>> loadOff solvents.lib
Loading library: /usr/local/amber20/dat/leap/lib/solvents.lib
Loading: CHCL3BOX
Loading: DC4
Loading: FB3
Loading: FB3BOX
Loading: FB4
Loading: FB4BOX
Loading: MEOHBOX
Loading: NMABOX
Loading: OP3
Loading: OPC
Loading: OPC3BOX
Loading: OPCBOX
Loading: PL3
Loading: POL3BOX
Loading: QSPCFWBOX
Loading: SPC
Loading: SPCBOX
Loading: SPCFWBOX
Loading: SPF
Loading: SPG
Loading: T4E
Loading: TIP3PBOX
Loading: TIP3PFBOX
Loading: TIP4PBOX
Loading: TIP4PEWBOX
Loading: TIP5PBOX
Loading: TP3
Loading: TP4
Loading: TP5
Loading: TPF
>> HOH = TP3
>> WAT = TP3
>> loadAmberParams frcmod.tip3p
Loading parameters: /usr/local/amber20/dat/leap/parm/frcmod.tip3p
Reading force field modification type file (frcmod)
Reading title:
This is the additional/replacement parameter set for TIP3P water
>> loadAmberParams frcmod.ions1lm_126_tip3p
Loading parameters: /usr/local/amber20/dat/leap/parm/frcmod.ions1lm_126_tip3p
Reading force field modification type file (frcmod)
Reading title:
Li/Merz ion parameters of monovalent ions for TIP3P water model (12-6 normal usage set)
>> loadAmberParams frcmod.ionsjc_tip3p
Loading parameters: /usr/local/amber20/dat/leap/parm/frcmod.ionsjc_tip3p
Reading force field modification type file (frcmod)
Reading title:
Monovalent ion parameters for Ewald and TIP3P water from Joung & Cheatham JPCB (2008)
>> loadAmberParams frcmod.ions234lm_126_tip3p
Loading parameters: /usr/local/amber20/dat/leap/parm/frcmod.ions234lm_126_tip3p
Reading force field modification type file (frcmod)
Reading title:
Li/Merz ion parameters of divalent to tetravalent ions for TIP3P water model (12-6 normal usage set)
>> 
> 
> 
> mr = loadpdb ../MR_S810L.pdb
Loading PDB file: ../MR_S810L.pdb
Matching PDB residue names to LEaP variables.
Mapped residue LEU, term: Terminal/beginning, seq. number: 0 to: NLEU.
Mapped residue ARG, term: Terminal/last, seq. number: 256 to: CARG.
Starting new chain with TP3
Starting new chain with TP3
Starting new chain with TP3
Starting new chain with TP3
Starting new chain with TP3
Starting new chain with TP3
Starting new chain with TP3
Starting new chain with TP3
Starting new chain with TP3
Starting new chain with TP3
Starting new chain with TP3
Starting new chain with TP3
Starting new chain with TP3
Starting new chain with TP3
Starting new chain with TP3
Starting new chain with TP3
Starting new chain with TP3
Starting new chain with TP3
Starting new chain with TP3
Starting new chain with TP3
Starting new chain with TP3
Starting new chain with TP3
Starting new chain with TP3
Starting new chain with TP3
Starting new chain with TP3
Starting new chain with TP3
Starting new chain with TP3
Starting new chain with TP3
Starting new chain with TP3
Starting new chain with TP3
Starting new chain with TP3
Starting new chain with TP3
Starting new chain with TP3
Starting new chain with TP3
Starting new chain with TP3
Starting new chain with TP3
Starting new chain with TP3
Starting new chain with TP3
Starting new chain with TP3
Starting new chain with TP3
Starting new chain with TP3
Starting new chain with TP3
Starting new chain with TP3
Starting new chain with TP3
Starting new chain with TP3
Starting new chain with TP3
Starting new chain with TP3
Starting new chain with TP3
Starting new chain with TP3
Starting new chain with TP3
Starting new chain with TP3
Starting new chain with TP3
Starting new chain with TP3
Starting new chain with TP3
Starting new chain with TP3
Starting new chain with TP3
Starting new chain with TP3
Starting new chain with TP3
Starting new chain with TP3
Starting new chain with TP3
Starting new chain with TP3
Starting new chain with TP3
Starting new chain with TP3
Starting new chain with TP3
Starting new chain with TP3
Starting new chain with TP3
Starting new chain with TP3
Starting new chain with TP3
Starting new chain with TP3
Starting new chain with TP3
Starting new chain with TP3
Starting new chain with TP3
Starting new chain with TP3
Starting new chain with TP3
Starting new chain with TP3
Starting new chain with TP3
Starting new chain with TP3
Starting new chain with TP3
Starting new chain with TP3
Starting new chain with TP3
Starting new chain with TP3
Starting new chain with TP3
Starting new chain with TP3
Starting new chain with TP3
Starting new chain with TP3
Starting new chain with TP3
Starting new chain with TP3
Starting new chain with TP3
Starting new chain with TP3
Starting new chain with TP3
Starting new chain with TP3
Starting new chain with TP3
Starting new chain with TP3
Starting new chain with TP3
Starting new chain with TP3
Starting new chain with TP3
Starting new chain with TP3
Starting new chain with TP3
Starting new chain with TP3
Starting new chain with TP3
Starting new chain with TP3
Starting new chain with TP3
Starting new chain with TP3
Starting new chain with TP3
Starting new chain with TP3
Starting new chain with TP3
Starting new chain with TP3
Starting new chain with TP3
Starting new chain with TP3
Starting new chain with TP3
Starting new chain with TP3
Starting new chain with TP3
Starting new chain with TP3
Starting new chain with TP3
Starting new chain with TP3
Starting new chain with TP3
Starting new chain with TP3
Starting new chain with TP3
Starting new chain with TP3
Starting new chain with TP3
Starting new chain with TP3
Starting new chain with TP3
Starting new chain with TP3
Starting new chain with TP3
Starting new chain with TP3
Starting new chain with TP3
Starting new chain with TP3
Starting new chain with TP3
Starting new chain with TP3
Starting new chain with TP3
Starting new chain with TP3
Starting new chain with TP3
Starting new chain with TP3
Starting new chain with TP3
Starting new chain with TP3
Starting new chain with TP3
Starting new chain with TP3
Starting new chain with TP3
Starting new chain with TP3
Starting new chain with TP3
Starting new chain with TP3
Starting new chain with TP3
Starting new chain with TP3
  total atoms in file: 4347
  Leap added 298 missing atoms according to residue templates:
       298 H / lone pairs
> col = loadmol2 ../../AC/COL/col_resp_rename_aligned_2.mol2
Loading Mol2 file: ../../AC/COL/col_resp_rename_aligned_2.mol2
Reading MOLECULE named MOL
> 
> check mr
Checking 'mr'....

/usr/local/amber20/bin/teLeap: Warning!
The unperturbed charge of the unit (-1.000000) is not zero.

/usr/local/amber20/bin/teLeap: Warning!
Close contact of 1.301969 angstroms between .R<NLEU 727>.A<HD23 19> and .R<NLEU 727>.A<HG 11>

/usr/local/amber20/bin/teLeap: Warning!
Close contact of 1.335058 angstroms between .R<NLEU 727>.A<HD22 18> and .R<NLEU 727>.A<HG 11>

/usr/local/amber20/bin/teLeap: Warning!
Close contact of 1.222913 angstroms between .R<NLEU 727>.A<HD21 17> and .R<NLEU 727>.A<HG 11>

/usr/local/amber20/bin/teLeap: Warning!
Close contact of 0.551298 angstroms between .R<NLEU 727>.A<CD2 16> and .R<NLEU 727>.A<HG 11>

/usr/local/amber20/bin/teLeap: Warning!
Close contact of 1.463157 angstroms between .R<SER 737>.A<HG 9> and .R<WAT 1104>.A<O 1>

/usr/local/amber20/bin/teLeap: Warning!
Close contact of 1.430792 angstroms between .R<TYR 751>.A<H 2> and .R<WAT 996>.A<H2 3>

/usr/local/amber20/bin/teLeap: Warning!
Close contact of 1.416992 angstroms between .R<LYS 785>.A<HZ2 19> and .R<WAT 1043>.A<H2 3>

/usr/local/amber20/bin/teLeap: Warning!
Close contact of 1.408893 angstroms between .R<LYS 791>.A<HZ1 18> and .R<WAT 1020>.A<H2 3>

/usr/local/amber20/bin/teLeap: Warning!
Close contact of 1.476613 angstroms between .R<TRP 806>.A<HE3 21> and .R<LEU 810>.A<HD12 12>

/usr/local/amber20/bin/teLeap: Warning!
Close contact of 1.238361 angstroms between .R<LEU 810>.A<HD23 17> and .R<WAT 1051>.A<H2 3>

/usr/local/amber20/bin/teLeap: Warning!
Close contact of 1.336606 angstroms between .R<LEU 810>.A<HD22 16> and .R<WAT 1051>.A<H2 3>

/usr/local/amber20/bin/teLeap: Warning!
Close contact of 0.816785 angstroms between .R<LEU 810>.A<HD21 15> and .R<WAT 1051>.A<H2 3>

/usr/local/amber20/bin/teLeap: Warning!
Close contact of 0.875600 angstroms between .R<LEU 810>.A<HD21 15> and .R<WAT 1051>.A<H1 2>

/usr/local/amber20/bin/teLeap: Warning!
Close contact of 0.910551 angstroms between .R<LEU 810>.A<HD21 15> and .R<WAT 1051>.A<O 1>

/usr/local/amber20/bin/teLeap: Warning!
Close contact of 0.837210 angstroms between .R<LEU 810>.A<CD2 14> and .R<WAT 1051>.A<H2 3>

/usr/local/amber20/bin/teLeap: Warning!
Close contact of 1.481706 angstroms between .R<LEU 810>.A<CD2 14> and .R<WAT 1051>.A<O 1>

/usr/local/amber20/bin/teLeap: Warning!
Close contact of 1.025082 angstroms between .R<ARG 817>.A<HH11 18> and .R<WAT 1045>.A<H2 3>

/usr/local/amber20/bin/teLeap: Warning!
Close contact of 1.171540 angstroms between .R<LYS 820>.A<HZ1 18> and .R<WAT 1047>.A<H2 3>

/usr/local/amber20/bin/teLeap: Warning!
Close contact of 1.333412 angstroms between .R<LYS 820>.A<HB2 6> and .R<WAT 1113>.A<H2 3>

/usr/local/amber20/bin/teLeap: Warning!
Close contact of 1.288671 angstroms between .R<VAL 834>.A<H 2> and .R<WAT 1079>.A<H1 2>

/usr/local/amber20/bin/teLeap: Warning!
Close contact of 1.196119 angstroms between .R<GLU 847>.A<OE1 12> and .R<WAT 1115>.A<H1 2>

/usr/local/amber20/bin/teLeap: Warning!
Close contact of 0.973616 angstroms between .R<HIE 853>.A<HD2 15> and .R<WAT 1060>.A<H2 3>

/usr/local/amber20/bin/teLeap: Warning!
Close contact of 1.076705 angstroms between .R<GLN 863>.A<HE21 14> and .R<WAT 1088>.A<H1 2>

/usr/local/amber20/bin/teLeap: Warning!
Close contact of 1.372214 angstroms between .R<THR 865>.A<HG22 9> and .R<ASN 912>.A<HD21 11>

/usr/local/amber20/bin/teLeap: Warning!
Close contact of 1.487336 angstroms between .R<THR 880>.A<HG1 12> and .R<WAT 1029>.A<H2 3>

/usr/local/amber20/bin/teLeap: Warning!
Close contact of 1.142701 angstroms between .R<THR 880>.A<H 2> and .R<WAT 989>.A<H1 2>

/usr/local/amber20/bin/teLeap: Warning!
Close contact of 1.348389 angstroms between .R<ARG 896>.A<HH11 18> and .R<WAT 1070>.A<H2 3>

/usr/local/amber20/bin/teLeap: Warning!
Close contact of 1.359555 angstroms between .R<THR 908>.A<HG21 8> and .R<LYS 909>.A<H 2>

/usr/local/amber20/bin/teLeap: Warning!
Close contact of 1.011664 angstroms between .R<GLN 916>.A<HG3 10> and .R<GLN 919>.A<HE22 15>

/usr/local/amber20/bin/teLeap: Warning!
Close contact of 1.052933 angstroms between .R<GLN 916>.A<HG2 9> and .R<WAT 1110>.A<H1 2>

/usr/local/amber20/bin/teLeap: Warning!
Close contact of 1.465364 angstroms between .R<GLN 916>.A<CG 8> and .R<WAT 1110>.A<H1 2>

/usr/local/amber20/bin/teLeap: Warning!
Close contact of 1.379307 angstroms between .R<MET 959>.A<H 2> and .R<WAT 993>.A<H1 2>

/usr/local/amber20/bin/teLeap: Warning!
Close contact of 1.366477 angstroms between .R<GLN 967>.A<HE22 15> and .R<WAT 1012>.A<H2 3>

/usr/local/amber20/bin/teLeap: Warning!
Close contact of 1.477292 angstroms between .R<ASN 975>.A<HB3 7> and .R<WAT 1087>.A<H2 3>

/usr/local/amber20/bin/teLeap: Warning!
Close contact of 1.468696 angstroms between .R<WAT 988>.A<H1 2> and .R<WAT 1014>.A<H2 3>

/usr/local/amber20/bin/teLeap: Warning!
Close contact of 1.249185 angstroms between .R<WAT 1033>.A<H1 2> and .R<WAT 1110>.A<H2 3>
Checking parameters for unit 'mr'.
Checking for bond parameters.
Checking for angle parameters.
check:  Warnings: 37
Unit is OK.
> check col
Checking 'col'....
Checking parameters for unit 'col'.
Checking for bond parameters.
Checking for angle parameters.
Unit is OK.
> 
> complex = combine { col mr }
  Sequence: MOL
  Sequence: default_name
> check complex
Checking 'complex'....

/usr/local/amber20/bin/teLeap: Warning!
The unperturbed charge of the unit (-1.000200) is not zero.

/usr/local/amber20/bin/teLeap: Warning!
Close contact of 1.430866 angstroms between .R<MOL 1>.A<H21 46> and .R<LEU 85>.A<HD11 11>

/usr/local/amber20/bin/teLeap: Warning!
Close contact of 0.551298 angstroms between .R<NLEU 2>.A<HG 11> and .R<NLEU 2>.A<CD2 16>

/usr/local/amber20/bin/teLeap: Warning!
Close contact of 1.222913 angstroms between .R<NLEU 2>.A<HG 11> and .R<NLEU 2>.A<HD21 17>

/usr/local/amber20/bin/teLeap: Warning!
Close contact of 1.335058 angstroms between .R<NLEU 2>.A<HG 11> and .R<NLEU 2>.A<HD22 18>

/usr/local/amber20/bin/teLeap: Warning!
Close contact of 1.301969 angstroms between .R<NLEU 2>.A<HG 11> and .R<NLEU 2>.A<HD23 19>

/usr/local/amber20/bin/teLeap: Warning!
Close contact of 1.463157 angstroms between .R<SER 12>.A<HG 9> and .R<WAT 379>.A<O 1>

/usr/local/amber20/bin/teLeap: Warning!
Close contact of 1.430792 angstroms between .R<TYR 26>.A<H 2> and .R<WAT 271>.A<H2 3>

/usr/local/amber20/bin/teLeap: Warning!
Close contact of 1.416992 angstroms between .R<LYS 60>.A<HZ2 19> and .R<WAT 318>.A<H2 3>

/usr/local/amber20/bin/teLeap: Warning!
Close contact of 1.408893 angstroms between .R<LYS 66>.A<HZ1 18> and .R<WAT 295>.A<H2 3>

/usr/local/amber20/bin/teLeap: Warning!
Close contact of 1.476613 angstroms between .R<TRP 81>.A<HE3 21> and .R<LEU 85>.A<HD12 12>

/usr/local/amber20/bin/teLeap: Warning!
Close contact of 1.481706 angstroms between .R<LEU 85>.A<CD2 14> and .R<WAT 326>.A<O 1>

/usr/local/amber20/bin/teLeap: Warning!
Close contact of 0.837210 angstroms between .R<LEU 85>.A<CD2 14> and .R<WAT 326>.A<H2 3>

/usr/local/amber20/bin/teLeap: Warning!
Close contact of 0.910551 angstroms between .R<LEU 85>.A<HD21 15> and .R<WAT 326>.A<O 1>

/usr/local/amber20/bin/teLeap: Warning!
Close contact of 0.875600 angstroms between .R<LEU 85>.A<HD21 15> and .R<WAT 326>.A<H1 2>

/usr/local/amber20/bin/teLeap: Warning!
Close contact of 0.816785 angstroms between .R<LEU 85>.A<HD21 15> and .R<WAT 326>.A<H2 3>

/usr/local/amber20/bin/teLeap: Warning!
Close contact of 1.336606 angstroms between .R<LEU 85>.A<HD22 16> and .R<WAT 326>.A<H2 3>

/usr/local/amber20/bin/teLeap: Warning!
Close contact of 1.238361 angstroms between .R<LEU 85>.A<HD23 17> and .R<WAT 326>.A<H2 3>

/usr/local/amber20/bin/teLeap: Warning!
Close contact of 1.025082 angstroms between .R<ARG 92>.A<HH11 18> and .R<WAT 320>.A<H2 3>

/usr/local/amber20/bin/teLeap: Warning!
Close contact of 1.333412 angstroms between .R<LYS 95>.A<HB2 6> and .R<WAT 388>.A<H2 3>

/usr/local/amber20/bin/teLeap: Warning!
Close contact of 1.171540 angstroms between .R<LYS 95>.A<HZ1 18> and .R<WAT 322>.A<H2 3>

/usr/local/amber20/bin/teLeap: Warning!
Close contact of 1.288671 angstroms between .R<VAL 109>.A<H 2> and .R<WAT 354>.A<H1 2>

/usr/local/amber20/bin/teLeap: Warning!
Close contact of 1.196119 angstroms between .R<GLU 122>.A<OE1 12> and .R<WAT 390>.A<H1 2>

/usr/local/amber20/bin/teLeap: Warning!
Close contact of 0.973616 angstroms between .R<HIE 128>.A<HD2 15> and .R<WAT 335>.A<H2 3>

/usr/local/amber20/bin/teLeap: Warning!
Close contact of 1.076705 angstroms between .R<GLN 138>.A<HE21 14> and .R<WAT 363>.A<H1 2>

/usr/local/amber20/bin/teLeap: Warning!
Close contact of 1.372214 angstroms between .R<THR 140>.A<HG22 9> and .R<ASN 187>.A<HD21 11>

/usr/local/amber20/bin/teLeap: Warning!
Close contact of 1.142701 angstroms between .R<THR 155>.A<H 2> and .R<WAT 264>.A<H1 2>

/usr/local/amber20/bin/teLeap: Warning!
Close contact of 1.487336 angstroms between .R<THR 155>.A<HG1 12> and .R<WAT 304>.A<H2 3>

/usr/local/amber20/bin/teLeap: Warning!
Close contact of 1.348389 angstroms between .R<ARG 171>.A<HH11 18> and .R<WAT 345>.A<H2 3>

/usr/local/amber20/bin/teLeap: Warning!
Close contact of 1.359555 angstroms between .R<THR 183>.A<HG21 8> and .R<LYS 184>.A<H 2>

/usr/local/amber20/bin/teLeap: Warning!
Close contact of 1.465364 angstroms between .R<GLN 191>.A<CG 8> and .R<WAT 385>.A<H1 2>

/usr/local/amber20/bin/teLeap: Warning!
Close contact of 1.052933 angstroms between .R<GLN 191>.A<HG2 9> and .R<WAT 385>.A<H1 2>

/usr/local/amber20/bin/teLeap: Warning!
Close contact of 1.011664 angstroms between .R<GLN 191>.A<HG3 10> and .R<GLN 194>.A<HE22 15>

/usr/local/amber20/bin/teLeap: Warning!
Close contact of 1.379307 angstroms between .R<MET 234>.A<H 2> and .R<WAT 268>.A<H1 2>

/usr/local/amber20/bin/teLeap: Warning!
Close contact of 1.366477 angstroms between .R<GLN 242>.A<HE22 15> and .R<WAT 287>.A<H2 3>

/usr/local/amber20/bin/teLeap: Warning!
Close contact of 1.477292 angstroms between .R<ASN 250>.A<HB3 7> and .R<WAT 362>.A<H2 3>

/usr/local/amber20/bin/teLeap: Warning!
Close contact of 1.468696 angstroms between .R<WAT 263>.A<H1 2> and .R<WAT 289>.A<H2 3>

/usr/local/amber20/bin/teLeap: Warning!
Close contact of 1.249185 angstroms between .R<WAT 308>.A<H1 2> and .R<WAT 385>.A<H2 3>
Checking parameters for unit 'complex'.
Checking for bond parameters.
Checking for angle parameters.
check:  Warnings: 38
Unit is OK.
> 
> solvatebox complex TIP3PBOX 12.0
  Solute vdw bounding box:              54.578 68.668 49.399
  Total bounding box for atom centers:  78.578 92.668 73.399
  Solvent unit box:                     18.774 18.774 18.774
The number of boxes:  x= 5  y= 5  z= 4
  Total vdw box size:                   81.695 95.626 76.668 angstroms.
  Volume: 598945.691 A^3 
  Total mass 301076.786 amu,  Density 0.835 g/cc
  Added 14892 residues.
> charge complex
Total unperturbed charge:  -1.000200
Total perturbed charge:    -1.000200
> addionsRand complex Na+ 41 Cl- 40
Adding 81 counter ions to "complex". 14955 solvent molecules will remain.
0: Placed Na+ in complex at (3.12, -15.83, -29.08).
Placed Cl- in complex at (-3.55, -42.70, -34.78).
0: Placed Na+ in complex at (-26.35, 31.68, 11.98).
Placed Cl- in complex at (8.18, -36.04, 0.46).
0: Placed Na+ in complex at (-34.05, 9.65, 8.25).
Placed Cl- in complex at (-24.23, -42.29, 27.26).
0: Placed Na+ in complex at (10.49, -29.02, -16.84).
Placed Cl- in complex at (-22.87, 4.69, 24.87).
0: Placed Na+ in complex at (5.67, 11.27, 28.32).
Placed Cl- in complex at (-2.95, 26.57, -22.68).
0: Placed Na+ in complex at (-33.80, 10.75, 21.47).
Placed Cl- in complex at (38.80, -41.70, 20.78).
0: Placed Na+ in complex at (24.84, 1.68, -27.56).
Placed Cl- in complex at (-34.49, -21.30, -32.55).
0: Placed Na+ in complex at (-32.81, -40.23, 31.70).
Placed Cl- in complex at (-8.14, -5.82, -11.37).
0: Placed Na+ in complex at (30.01, -33.67, 7.51).
Placed Cl- in complex at (-36.76, 38.40, 28.42).
0: Placed Na+ in complex at (-4.17, 35.02, -12.37).
Placed Cl- in complex at (24.71, -14.27, -17.62).
0: Placed Na+ in complex at (-20.26, -18.07, 5.49).
Placed Cl- in complex at (34.28, 26.86, 5.62).
0: Placed Na+ in complex at (37.54, 11.43, 16.59).
Placed Cl- in complex at (-14.34, -11.54, 10.56).
0: Placed Na+ in complex at (5.67, -7.50, 28.32).
Placed Cl- in complex at (14.82, -45.20, -10.10).
0: Placed Na+ in complex at (-37.65, 8.06, -26.63).
Placed Cl- in complex at (37.79, -15.15, 21.88).
0: Placed Na+ in complex at (36.71, 29.52, -15.22).
Placed Cl- in complex at (11.81, 34.18, 29.36).
0: Placed Na+ in complex at (-23.26, -7.68, -4.84).
Placed Cl- in complex at (23.05, 30.63, -4.83).
0: Placed Na+ in complex at (3.50, 28.43, -29.30).
Placed Cl- in complex at (36.43, -27.26, -29.28).
0: Placed Na+ in complex at (-3.55, -23.93, -16.01).
Placed Cl- in complex at (38.81, -41.21, 9.88).
0: Placed Na+ in complex at (34.60, 45.35, 33.65).
Placed Cl- in complex at (-1.31, -23.40, 28.30).
0: Placed Na+ in complex at (-27.06, -10.24, -35.62).
Placed Cl- in complex at (4.25, -2.55, -35.13).
0: Placed Na+ in complex at (17.77, 31.76, -30.54).
Placed Cl- in complex at (-23.94, -26.15, 2.56).
0: Placed Na+ in complex at (30.88, 38.68, 22.27).
Placed Cl- in complex at (5.73, -33.59, 24.42).
0: Placed Na+ in complex at (12.81, -20.24, 1.93).
Placed Cl- in complex at (38.66, -8.21, 30.27).
0: Placed Na+ in complex at (-28.31, -5.83, -15.68).
Placed Cl- in complex at (-26.11, 0.12, -25.48).
0: Placed Na+ in complex at (-20.53, -22.24, 5.39).
Placed Cl- in complex at (10.40, -19.04, -30.02).
0: Placed Na+ in complex at (26.31, -26.65, 7.55).
Placed Cl- in complex at (21.49, 31.70, -8.24).
0: Placed Na+ in complex at (-18.81, -9.80, 18.28).
Placed Cl- in complex at (36.55, -5.79, -11.77).
0: Placed Na+ in complex at (-31.61, 4.50, 19.93).
Placed Cl- in complex at (35.63, -7.11, 10.53).
0: Placed Na+ in complex at (-21.04, 43.46, -16.03).
Placed Cl- in complex at (-5.59, -8.95, 24.73).
0: Placed Na+ in complex at (21.90, -34.61, -29.08).
Placed Cl- in complex at (-1.21, -26.18, -5.64).
0: Placed Na+ in complex at (19.10, 32.76, 33.05).
Placed Cl- in complex at (-1.71, 30.76, 19.91).
0: Placed Na+ in complex at (38.00, -29.35, -34.79).
Placed Cl- in complex at (-5.16, 8.68, 27.80).
0: Placed Na+ in complex at (-14.90, 37.33, 13.72).
Placed Cl- in complex at (-19.58, -36.06, -23.79).
0: Placed Na+ in complex at (-4.80, -24.75, -25.60).
Placed Cl- in complex at (-4.80, 31.58, -25.60).
0: Placed Na+ in complex at (-23.23, -2.93, -2.75).
Placed Cl- in complex at (-0.64, -29.05, 6.11).
0: Placed Na+ in complex at (26.31, -45.42, -11.22).
Placed Cl- in complex at (-35.84, 39.68, -36.23).
0: Placed Na+ in complex at (-16.68, -14.55, 30.21).
Placed Cl- in complex at (-8.14, -43.37, -11.37).
0: Placed Na+ in complex at (9.48, -26.07, 9.25).
Placed Cl- in complex at (20.16, -14.20, -3.15).
0: Placed Na+ in complex at (-4.74, 37.95, -22.37).
Placed Cl- in complex at (-24.93, 26.64, -19.33).
0: Placed Na+ in complex at (-14.03, 34.87, 31.70).
Placed Cl- in complex at (19.23, -29.35, 2.75).
0: Placed Na+ in complex at (-23.51, -37.14, -22.37).
> charge complex
Total unperturbed charge:  -0.000200
Total perturbed charge:    -0.000200
> 
> saveamberparm complex MR-COL_S810L.prmtop MR-COL_S810L.inpcrd
Checking Unit.
Building topology.
Building atom parameters.
Building bond parameters.
Building angle parameters.
Building proper torsion parameters.
Building improper torsion parameters.
 ** Warning: No sp2 improper torsion term for  c3-c3-c2-ce
        atoms are: C13 C7 C8 C9
 ** Warning: No sp2 improper torsion term for  ha-c-ce-c2
        atoms are: H5 C10 C9 C8
 total 838 improper torsions applied
Building H-Bond parameters.
Incorporating Non-Bonded adjustments.
Not Marking per-residue atom chain types.
Marking per-residue atom chain types.
  (Residues lacking connect0/connect1 - 
   these don't have chain types marked:

	res	total affected

	CARG	1
	MOL	1
	NLEU	1
	WAT	14955
  )
 (no restraints)
> saveamberparm mr MR.prmtop MR.inpcrd
Checking Unit.

/usr/local/amber20/bin/teLeap: Warning!
The unperturbed charge of the unit (-1.000000) is not zero.

/usr/local/amber20/bin/teLeap: Note.
Ignoring the warning from Unit Checking.

Building topology.
Building atom parameters.
Building bond parameters.
Building angle parameters.
Building proper torsion parameters.
Building improper torsion parameters.
 total 836 improper torsions applied
Building H-Bond parameters.
Incorporating Non-Bonded adjustments.
Not Marking per-residue atom chain types.
Marking per-residue atom chain types.
  (Residues lacking connect0/connect1 - 
   these don't have chain types marked:

	res	total affected

	CARG	1
	NLEU	1
	WAT	144
  )
 (no restraints)
> saveamberparm col COL.prmtop COL.inpcrd
Checking Unit.
Building topology.
Building atom parameters.
Building bond parameters.
Building angle parameters.
Building proper torsion parameters.
Building improper torsion parameters.
 ** Warning: No sp2 improper torsion term for  ha-c-ce-c2
        atoms are: H5 C10 C9 C8
 ** Warning: No sp2 improper torsion term for  c3-c3-c2-ce
        atoms are: C13 C7 C8 C9
 total 2 improper torsions applied
Building H-Bond parameters.
Incorporating Non-Bonded adjustments.
Not Marking per-residue atom chain types.
Marking per-residue atom chain types.
  (Residues lacking connect0/connect1 - 
   these don't have chain types marked:

	res	total affected

	MOL	1
  )
 (no restraints)
> 
> 
> quit
	Quit

Exiting LEaP: Errors = 0; Warnings = 76; Notes = 1.
